{"C:\\Users\\Del_Koyday\\Desktop\\RCB\\10_backend_nestjs\\src\\app.controller.ts": {"path":"C:\\Users\\Del_Koyday\\Desktop\\RCB\\10_backend_nestjs\\src\\app.controller.ts","statementMap":{"0":{"start":{"line":1,"column":0},"end":{"line":1,"column":74}},"1":{"start":{"line":2,"column":0},"end":{"line":2,"column":43}},"2":{"start":{"line":3,"column":0},"end":{"line":3,"column":56}},"3":{"start":{"line":4,"column":0},"end":{"line":4,"column":47}},"4":{"start":{"line":5,"column":0},"end":{"line":5,"column":69}},"5":{"start":{"line":9,"column":7},"end":{"line":104,"column":null}},"6":{"start":{"line":14,"column":21},"end":{"line":14,"column":33}},"7":{"start":{"line":15,"column":21},"end":{"line":15,"column":29}},"8":{"start":{"line":16,"column":44},"end":{"line":16,"column":52}},"9":{"start":{"line":18,"column":4},"end":{"line":18,"column":107}},"10":{"start":{"line":19,"column":4},"end":{"line":19,"column":80}},"11":{"start":{"line":29,"column":4},"end":{"line":29,"column":65}},"12":{"start":{"line":45,"column":43},"end":{"line":45,"column":45}},"13":{"start":{"line":46,"column":19},"end":{"line":46,"column":32}},"14":{"start":{"line":49,"column":4},"end":{"line":58,"column":5}},"15":{"start":{"line":50,"column":6},"end":{"line":50,"column":44}},"16":{"start":{"line":51,"column":6},"end":{"line":51,"column":32}},"17":{"start":{"line":53,"column":6},"end":{"line":53,"column":34}},"18":{"start":{"line":54,"column":6},"end":{"line":56,"column":33}},"19":{"start":{"line":57,"column":6},"end":{"line":57,"column":48}},"20":{"start":{"line":61,"column":4},"end":{"line":70,"column":5}},"21":{"start":{"line":62,"column":19},"end":{"line":65,"column":8}},"22":{"start":{"line":66,"column":6},"end":{"line":66,"column":61}},"23":{"start":{"line":69,"column":6},"end":{"line":69,"column":58}},"24":{"start":{"line":72,"column":4},"end":{"line":76,"column":7}},"25":{"start":{"line":88,"column":4},"end":{"line":102,"column":5}},"26":{"start":{"line":89,"column":6},"end":{"line":89,"column":44}},"27":{"start":{"line":90,"column":6},"end":{"line":94,"column":9}},"28":{"start":{"line":96,"column":6},"end":{"line":101,"column":9}},"29":{"start":{"line":9,"column":13},"end":{"line":9,"column":26}},"30":{"start":{"line":28,"column":2},"end":{"line":30,"column":null}},"31":{"start":{"line":44,"column":8},"end":{"line":77,"column":null}},"32":{"start":{"line":87,"column":8},"end":{"line":103,"column":null}},"33":{"start":{"line":9,"column":13},"end":{"line":104,"column":null}}},"fnMap":{"0":{"name":"(anonymous_4)","decl":{"start":{"line":13,"column":2},"end":{"line":13,"column":null}},"loc":{"start":{"line":16,"column":65},"end":{"line":20,"column":3}}},"1":{"name":"(anonymous_5)","decl":{"start":{"line":28,"column":2},"end":{"line":28,"column":10}},"loc":{"start":{"line":28,"column":10},"end":{"line":30,"column":3}}},"2":{"name":"(anonymous_6)","decl":{"start":{"line":44,"column":8},"end":{"line":44,"column":17}},"loc":{"start":{"line":44,"column":33},"end":{"line":77,"column":3}}},"3":{"name":"(anonymous_7)","decl":{"start":{"line":87,"column":8},"end":{"line":87,"column":15}},"loc":{"start":{"line":87,"column":31},"end":{"line":103,"column":3}}}},"branchMap":{"0":{"loc":{"start":{"line":18,"column":22},"end":{"line":18,"column":106}},"type":"binary-expr","locations":[{"start":{"line":18,"column":22},"end":{"line":18,"column":79}},{"start":{"line":18,"column":83},"end":{"line":18,"column":106}}]},"1":{"loc":{"start":{"line":54,"column":34},"end":{"line":56,"column":32}},"type":"cond-expr","locations":[{"start":{"line":55,"column":10},"end":{"line":55,"column":32}},{"start":{"line":56,"column":11},"end":{"line":56,"column":32}}]},"2":{"loc":{"start":{"line":66,"column":33},"end":{"line":66,"column":60}},"type":"cond-expr","locations":[{"start":{"line":66,"column":43},"end":{"line":66,"column":47}},{"start":{"line":66,"column":50},"end":{"line":66,"column":60}}]},"3":{"loc":{"start":{"line":73,"column":14},"end":{"line":73,"column":60}},"type":"cond-expr","locations":[{"start":{"line":73,"column":43},"end":{"line":73,"column":47}},{"start":{"line":73,"column":50},"end":{"line":73,"column":60}}]},"4":{"loc":{"start":{"line":99,"column":15},"end":{"line":99,"column":82}},"type":"cond-expr","locations":[{"start":{"line":99,"column":35},"end":{"line":99,"column":57}},{"start":{"line":99,"column":61},"end":{"line":99,"column":82}}]},"5":{"loc":{"start":{"line":14,"column":33},"end":{"line":14,"column":null}},"type":"cond-expr","locations":[{"start":{"line":14,"column":43},"end":{"line":14,"column":null}},{"start":{"line":14,"column":43},"end":{"line":14,"column":null}}]},"6":{"loc":{"start":{"line":14,"column":33},"end":{"line":14,"column":43}},"type":"binary-expr","locations":[{"start":{"line":14,"column":33},"end":{"line":14,"column":null}},{"start":{"line":14,"column":33},"end":{"line":14,"column":43}}]},"7":{"loc":{"start":{"line":14,"column":43},"end":{"line":15,"column":null}},"type":"cond-expr","locations":[{"start":{"line":15,"column":42},"end":{"line":15,"column":null}},{"start":{"line":15,"column":42},"end":{"line":15,"column":null}}]},"8":{"loc":{"start":{"line":14,"column":43},"end":{"line":15,"column":42}},"type":"binary-expr","locations":[{"start":{"line":14,"column":43},"end":{"line":15,"column":null}},{"start":{"line":15,"column":29},"end":{"line":15,"column":42}}]},"9":{"loc":{"start":{"line":15,"column":42},"end":{"line":16,"column":null}},"type":"cond-expr","locations":[{"start":{"line":16,"column":65},"end":{"line":16,"column":null}},{"start":{"line":16,"column":65},"end":{"line":16,"column":null}}]},"10":{"loc":{"start":{"line":15,"column":42},"end":{"line":16,"column":65}},"type":"binary-expr","locations":[{"start":{"line":15,"column":42},"end":{"line":16,"column":null}},{"start":{"line":16,"column":52},"end":{"line":16,"column":65}}]}},"s":{"0":1,"1":1,"2":1,"3":1,"4":1,"5":1,"6":1,"7":1,"8":1,"9":1,"10":1,"11":1,"12":0,"13":0,"14":0,"15":0,"16":0,"17":0,"18":0,"19":0,"20":0,"21":0,"22":0,"23":0,"24":0,"25":0,"26":0,"27":0,"28":0,"29":1,"30":1,"31":1,"32":1,"33":1},"f":{"0":1,"1":1,"2":0,"3":0},"b":{"0":[1,1],"1":[0,0],"2":[0,0],"3":[0,0],"4":[0,0],"5":[1,0],"6":[1,1],"7":[1,0],"8":[1,1],"9":[1,0],"10":[1,1]}}
,"C:\\Users\\Del_Koyday\\Desktop\\RCB\\10_backend_nestjs\\src\\app.module.ts": {"path":"C:\\Users\\Del_Koyday\\Desktop\\RCB\\10_backend_nestjs\\src\\app.module.ts","statementMap":{"0":{"start":{"line":1,"column":0},"end":{"line":1,"column":72}},"1":{"start":{"line":2,"column":0},"end":{"line":2,"column":49}},"2":{"start":{"line":3,"column":0},"end":{"line":3,"column":43}},"3":{"start":{"line":4,"column":0},"end":{"line":4,"column":54}},"4":{"start":{"line":5,"column":0},"end":{"line":5,"column":48}},"5":{"start":{"line":6,"column":0},"end":{"line":6,"column":51}},"6":{"start":{"line":7,"column":0},"end":{"line":7,"column":72}},"7":{"start":{"line":8,"column":0},"end":{"line":8,"column":60}},"8":{"start":{"line":9,"column":0},"end":{"line":9,"column":69}},"9":{"start":{"line":10,"column":0},"end":{"line":10,"column":66}},"10":{"start":{"line":11,"column":0},"end":{"line":11,"column":77}},"11":{"start":{"line":12,"column":0},"end":{"line":12,"column":74}},"12":{"start":{"line":13,"column":0},"end":{"line":13,"column":51}},"13":{"start":{"line":14,"column":0},"end":{"line":14,"column":57}},"14":{"start":{"line":15,"column":0},"end":{"line":15,"column":66}},"15":{"start":{"line":16,"column":0},"end":{"line":16,"column":50}},"16":{"start":{"line":17,"column":0},"end":{"line":17,"column":62}},"17":{"start":{"line":18,"column":0},"end":{"line":18,"column":86}},"18":{"start":{"line":19,"column":0},"end":{"line":19,"column":77}},"19":{"start":{"line":20,"column":0},"end":{"line":20,"column":83}},"20":{"start":{"line":21,"column":0},"end":{"line":21,"column":72}},"21":{"start":{"line":22,"column":0},"end":{"line":22,"column":57}},"22":{"start":{"line":23,"column":0},"end":{"line":23,"column":63}},"23":{"start":{"line":24,"column":0},"end":{"line":24,"column":68}},"24":{"start":{"line":25,"column":0},"end":{"line":25,"column":41}},"25":{"start":{"line":27,"column":0},"end":{"line":27,"column":61}},"26":{"start":{"line":28,"column":0},"end":{"line":28,"column":51}},"27":{"start":{"line":29,"column":0},"end":{"line":29,"column":64}},"28":{"start":{"line":30,"column":0},"end":{"line":30,"column":80}},"29":{"start":{"line":89,"column":7},"end":{"line":93,"column":null}},"30":{"start":{"line":91,"column":4},"end":{"line":91,"column":55}},"31":{"start":{"line":89,"column":13},"end":{"line":89,"column":22}},"32":{"start":{"line":89,"column":13},"end":{"line":93,"column":null}},"33":{"start":{"line":61,"column":46},"end":{"line":77,"column":8}}},"fnMap":{"0":{"name":"(anonymous_2)","decl":{"start":{"line":90,"column":2},"end":{"line":90,"column":11}},"loc":{"start":{"line":90,"column":40},"end":{"line":92,"column":3}}},"1":{"name":"(anonymous_3)","decl":{"start":{"line":61,"column":18},"end":{"line":61,"column":19}},"loc":{"start":{"line":61,"column":46},"end":{"line":77,"column":8}}}},"branchMap":{"0":{"loc":{"start":{"line":65,"column":17},"end":{"line":65,"column":71}},"type":"binary-expr","locations":[{"start":{"line":65,"column":17},"end":{"line":65,"column":64}},{"start":{"line":65,"column":68},"end":{"line":65,"column":71}}]},"1":{"loc":{"start":{"line":70,"column":17},"end":{"line":70,"column":72}},"type":"binary-expr","locations":[{"start":{"line":70,"column":17},"end":{"line":70,"column":66}},{"start":{"line":70,"column":70},"end":{"line":70,"column":72}}]},"2":{"loc":{"start":{"line":75,"column":17},"end":{"line":75,"column":69}},"type":"binary-expr","locations":[{"start":{"line":75,"column":17},"end":{"line":75,"column":63}},{"start":{"line":75,"column":67},"end":{"line":75,"column":69}}]}},"s":{"0":0,"1":0,"2":0,"3":0,"4":0,"5":0,"6":0,"7":0,"8":0,"9":0,"10":0,"11":0,"12":0,"13":0,"14":0,"15":0,"16":0,"17":0,"18":0,"19":0,"20":0,"21":0,"22":0,"23":0,"24":0,"25":0,"26":0,"27":0,"28":0,"29":0,"30":0,"31":0,"32":0,"33":0},"f":{"0":0,"1":0},"b":{"0":[0,0],"1":[0,0],"2":[0,0]}}
,"C:\\Users\\Del_Koyday\\Desktop\\RCB\\10_backend_nestjs\\src\\app.service.ts": {"path":"C:\\Users\\Del_Koyday\\Desktop\\RCB\\10_backend_nestjs\\src\\app.service.ts","statementMap":{"0":{"start":{"line":1,"column":0},"end":{"line":1,"column":44}},"1":{"start":{"line":4,"column":7},"end":{"line":8,"column":null}},"2":{"start":{"line":6,"column":4},"end":{"line":6,"column":26}},"3":{"start":{"line":4,"column":13},"end":{"line":4,"column":23}},"4":{"start":{"line":4,"column":13},"end":{"line":8,"column":null}}},"fnMap":{"0":{"name":"(anonymous_1)","decl":{"start":{"line":5,"column":2},"end":{"line":5,"column":10}},"loc":{"start":{"line":5,"column":10},"end":{"line":7,"column":3}}}},"branchMap":{},"s":{"0":1,"1":1,"2":0,"3":1,"4":1},"f":{"0":0},"b":{}}
,"C:\\Users\\Del_Koyday\\Desktop\\RCB\\10_backend_nestjs\\src\\admin\\admin.controller.ts": {"path":"C:\\Users\\Del_Koyday\\Desktop\\RCB\\10_backend_nestjs\\src\\admin\\admin.controller.ts","statementMap":{"0":{"start":{"line":1,"column":0},"end":{"line":1,"column":73}},"1":{"start":{"line":2,"column":0},"end":{"line":2,"column":45}},"2":{"start":{"line":3,"column":0},"end":{"line":3,"column":47}},"3":{"start":{"line":4,"column":0},"end":{"line":4,"column":49}},"4":{"start":{"line":5,"column":0},"end":{"line":5,"column":48}},"5":{"start":{"line":6,"column":0},"end":{"line":6,"column":38}},"6":{"start":{"line":11,"column":7},"end":{"line":23,"column":null}},"7":{"start":{"line":12,"column":31},"end":{"line":12,"column":45}},"8":{"start":{"line":16,"column":4},"end":{"line":16,"column":43}},"9":{"start":{"line":21,"column":4},"end":{"line":21,"column":50}},"10":{"start":{"line":11,"column":13},"end":{"line":11,"column":28}},"11":{"start":{"line":15,"column":2},"end":{"line":17,"column":null}},"12":{"start":{"line":20,"column":2},"end":{"line":22,"column":null}},"13":{"start":{"line":11,"column":13},"end":{"line":23,"column":null}}},"fnMap":{"0":{"name":"(anonymous_4)","decl":{"start":{"line":12,"column":2},"end":{"line":12,"column":31}},"loc":{"start":{"line":12,"column":57},"end":{"line":12,"column":61}}},"1":{"name":"(anonymous_5)","decl":{"start":{"line":15,"column":2},"end":{"line":15,"column":13}},"loc":{"start":{"line":15,"column":13},"end":{"line":17,"column":3}}},"2":{"name":"(anonymous_6)","decl":{"start":{"line":20,"column":2},"end":{"line":20,"column":16}},"loc":{"start":{"line":20,"column":34},"end":{"line":22,"column":3}}}},"branchMap":{"0":{"loc":{"start":{"line":12,"column":45},"end":{"line":12,"column":60}},"type":"cond-expr","locations":[{"start":{"line":12,"column":57},"end":{"line":12,"column":60}},{"start":{"line":12,"column":57},"end":{"line":12,"column":60}}]},"1":{"loc":{"start":{"line":12,"column":45},"end":{"line":12,"column":57}},"type":"binary-expr","locations":[{"start":{"line":12,"column":45},"end":{"line":12,"column":60}},{"start":{"line":12,"column":45},"end":{"line":12,"column":57}}]}},"s":{"0":0,"1":0,"2":0,"3":0,"4":0,"5":0,"6":0,"7":0,"8":0,"9":0,"10":0,"11":0,"12":0,"13":0},"f":{"0":0,"1":0,"2":0},"b":{"0":[0,0],"1":[0,0]}}
,"C:\\Users\\Del_Koyday\\Desktop\\RCB\\10_backend_nestjs\\src\\admin\\admin.module.ts": {"path":"C:\\Users\\Del_Koyday\\Desktop\\RCB\\10_backend_nestjs\\src\\admin\\admin.module.ts","statementMap":{"0":{"start":{"line":1,"column":0},"end":{"line":1,"column":40}},"1":{"start":{"line":2,"column":0},"end":{"line":2,"column":47}},"2":{"start":{"line":3,"column":0},"end":{"line":3,"column":53}},"3":{"start":{"line":9,"column":7},"end":{"line":9,"column":null}},"4":{"start":{"line":9,"column":13},"end":{"line":9,"column":24}},"5":{"start":{"line":9,"column":13},"end":{"line":9,"column":null}}},"fnMap":{},"branchMap":{},"s":{"0":0,"1":0,"2":0,"3":0,"4":0,"5":0},"f":{},"b":{}}
,"C:\\Users\\Del_Koyday\\Desktop\\RCB\\10_backend_nestjs\\src\\admin\\admin.service.ts": {"path":"C:\\Users\\Del_Koyday\\Desktop\\RCB\\10_backend_nestjs\\src\\admin\\admin.service.ts","statementMap":{"0":{"start":{"line":1,"column":0},"end":{"line":1,"column":52}},"1":{"start":{"line":2,"column":0},"end":{"line":2,"column":57}},"2":{"start":{"line":5,"column":94},"end":{"line":14,"column":2}},"3":{"start":{"line":17,"column":25},"end":{"line":106,"column":null}},"4":{"start":{"line":18,"column":28},"end":{"line":18,"column":57}},"5":{"start":{"line":20,"column":31},"end":{"line":20,"column":39}},"6":{"start":{"line":27,"column":21},"end":{"line":29,"column":6}},"7":{"start":{"line":32,"column":4},"end":{"line":36,"column":5}},"8":{"start":{"line":33,"column":6},"end":{"line":33,"column":72}},"9":{"start":{"line":34,"column":6},"end":{"line":34,"column":38}},"10":{"start":{"line":35,"column":6},"end":{"line":35,"column":32}},"11":{"start":{"line":39,"column":4},"end":{"line":45,"column":6}},"12":{"start":{"line":41,"column":8},"end":{"line":41,"column":46}},"13":{"start":{"line":42,"column":8},"end":{"line":42,"column":19}},"14":{"start":{"line":52,"column":21},"end":{"line":54,"column":6}},"15":{"start":{"line":56,"column":4},"end":{"line":59,"column":5}},"16":{"start":{"line":57,"column":6},"end":{"line":57,"column":38}},"17":{"start":{"line":58,"column":6},"end":{"line":58,"column":40}},"18":{"start":{"line":61,"column":4},"end":{"line":64,"column":8}},"19":{"start":{"line":61,"column":30},"end":{"line":64,"column":6}},"20":{"start":{"line":72,"column":23},"end":{"line":76,"column":null}},"21":{"start":{"line":73,"column":6},"end":{"line":76,"column":8}},"22":{"start":{"line":79,"column":4},"end":{"line":79,"column":34}},"23":{"start":{"line":80,"column":4},"end":{"line":80,"column":82}},"24":{"start":{"line":82,"column":4},"end":{"line":82,"column":30}},"25":{"start":{"line":88,"column":4},"end":{"line":88,"column":36}},"26":{"start":{"line":88,"column":24},"end":{"line":88,"column":36}},"27":{"start":{"line":89,"column":4},"end":{"line":89,"column":38}},"28":{"start":{"line":89,"column":25},"end":{"line":89,"column":38}},"29":{"start":{"line":90,"column":16},"end":{"line":90,"column":27}},"30":{"start":{"line":91,"column":4},"end":{"line":91,"column":46}},"31":{"start":{"line":91,"column":35},"end":{"line":91,"column":46}},"32":{"start":{"line":92,"column":4},"end":{"line":92,"column":15}},"33":{"start":{"line":96,"column":4},"end":{"line":104,"column":6}},"34":{"start":{"line":98,"column":8},"end":{"line":102,"column":10}},"35":{"start":{"line":17,"column":13},"end":{"line":17,"column":25}},"36":{"start":{"line":17,"column":13},"end":{"line":106,"column":null}}},"fnMap":{"0":{"name":"(anonymous_2)","decl":{"start":{"line":20,"column":2},"end":{"line":20,"column":31}},"loc":{"start":{"line":20,"column":52},"end":{"line":20,"column":56}}},"1":{"name":"(anonymous_3)","decl":{"start":{"line":26,"column":2},"end":{"line":26,"column":7}},"loc":{"start":{"line":26,"column":19},"end":{"line":46,"column":3}}},"2":{"name":"(anonymous_4)","decl":{"start":{"line":40,"column":6},"end":{"line":40,"column":7}},"loc":{"start":{"line":40,"column":17},"end":{"line":43,"column":7}}},"3":{"name":"(anonymous_5)","decl":{"start":{"line":51,"column":2},"end":{"line":51,"column":7}},"loc":{"start":{"line":51,"column":27},"end":{"line":65,"column":3}}},"4":{"name":"(anonymous_6)","decl":{"start":{"line":61,"column":24},"end":{"line":61,"column":25}},"loc":{"start":{"line":61,"column":30},"end":{"line":64,"column":6}}},"5":{"name":"(anonymous_7)","decl":{"start":{"line":71,"column":2},"end":{"line":71,"column":7}},"loc":{"start":{"line":71,"column":51},"end":{"line":83,"column":3}}},"6":{"name":"(anonymous_8)","decl":{"start":{"line":72,"column":51},"end":{"line":72,"column":52}},"loc":{"start":{"line":73,"column":6},"end":{"line":76,"column":8}}},"7":{"name":"(anonymous_9)","decl":{"start":{"line":87,"column":10},"end":{"line":87,"column":20}},"loc":{"start":{"line":87,"column":32},"end":{"line":93,"column":3}}},"8":{"name":"(anonymous_10)","decl":{"start":{"line":95,"column":10},"end":{"line":95,"column":15}},"loc":{"start":{"line":95,"column":34},"end":{"line":105,"column":3}}},"9":{"name":"(anonymous_11)","decl":{"start":{"line":97,"column":27},"end":{"line":97,"column":28}},"loc":{"start":{"line":98,"column":8},"end":{"line":102,"column":10}}}},"branchMap":{"0":{"loc":{"start":{"line":32,"column":4},"end":{"line":36,"column":5}},"type":"if","locations":[{"start":{"line":32,"column":4},"end":{"line":36,"column":5}},{"start":{},"end":{}}]},"1":{"loc":{"start":{"line":56,"column":4},"end":{"line":59,"column":5}},"type":"if","locations":[{"start":{"line":56,"column":4},"end":{"line":59,"column":5}},{"start":{},"end":{}}]},"2":{"loc":{"start":{"line":88,"column":4},"end":{"line":88,"column":36}},"type":"if","locations":[{"start":{"line":88,"column":4},"end":{"line":88,"column":36}},{"start":{},"end":{}}]},"3":{"loc":{"start":{"line":89,"column":4},"end":{"line":89,"column":38}},"type":"if","locations":[{"start":{"line":89,"column":4},"end":{"line":89,"column":38}},{"start":{},"end":{}}]},"4":{"loc":{"start":{"line":91,"column":4},"end":{"line":91,"column":46}},"type":"if","locations":[{"start":{"line":91,"column":4},"end":{"line":91,"column":46}},{"start":{},"end":{}}]},"5":{"loc":{"start":{"line":91,"column":8},"end":{"line":91,"column":33}},"type":"binary-expr","locations":[{"start":{"line":91,"column":8},"end":{"line":91,"column":19}},{"start":{"line":91,"column":23},"end":{"line":91,"column":33}}]},"6":{"loc":{"start":{"line":20,"column":39},"end":{"line":20,"column":55}},"type":"cond-expr","locations":[{"start":{"line":20,"column":52},"end":{"line":20,"column":55}},{"start":{"line":20,"column":52},"end":{"line":20,"column":55}}]},"7":{"loc":{"start":{"line":20,"column":39},"end":{"line":20,"column":52}},"type":"binary-expr","locations":[{"start":{"line":20,"column":39},"end":{"line":20,"column":55}},{"start":{"line":20,"column":39},"end":{"line":20,"column":52}}]}},"s":{"0":0,"1":0,"2":0,"3":0,"4":0,"5":0,"6":0,"7":0,"8":0,"9":0,"10":0,"11":0,"12":0,"13":0,"14":0,"15":0,"16":0,"17":0,"18":0,"19":0,"20":0,"21":0,"22":0,"23":0,"24":0,"25":0,"26":0,"27":0,"28":0,"29":0,"30":0,"31":0,"32":0,"33":0,"34":0,"35":0,"36":0},"f":{"0":0,"1":0,"2":0,"3":0,"4":0,"5":0,"6":0,"7":0,"8":0,"9":0},"b":{"0":[0,0],"1":[0,0],"2":[0,0],"3":[0,0],"4":[0,0],"5":[0,0],"6":[0,0],"7":[0,0]}}
,"C:\\Users\\Del_Koyday\\Desktop\\RCB\\10_backend_nestjs\\src\\audit\\audit.controller.ts": {"path":"C:\\Users\\Del_Koyday\\Desktop\\RCB\\10_backend_nestjs\\src\\audit\\audit.controller.ts","statementMap":{"0":{"start":{"line":1,"column":0},"end":{"line":1,"column":67}},"1":{"start":{"line":2,"column":0},"end":{"line":2,"column":45}},"2":{"start":{"line":3,"column":0},"end":{"line":3,"column":47}},"3":{"start":{"line":4,"column":0},"end":{"line":4,"column":49}},"4":{"start":{"line":5,"column":0},"end":{"line":5,"column":48}},"5":{"start":{"line":6,"column":0},"end":{"line":6,"column":38}},"6":{"start":{"line":11,"column":7},"end":{"line":21,"column":null}},"7":{"start":{"line":12,"column":31},"end":{"line":12,"column":45}},"8":{"start":{"line":19,"column":4},"end":{"line":19,"column":59}},"9":{"start":{"line":11,"column":13},"end":{"line":11,"column":28}},"10":{"start":{"line":15,"column":2},"end":{"line":20,"column":null}},"11":{"start":{"line":11,"column":13},"end":{"line":21,"column":null}}},"fnMap":{"0":{"name":"(anonymous_4)","decl":{"start":{"line":12,"column":2},"end":{"line":12,"column":31}},"loc":{"start":{"line":12,"column":57},"end":{"line":12,"column":61}}},"1":{"name":"(anonymous_5)","decl":{"start":{"line":15,"column":2},"end":{"line":15,"column":9}},"loc":{"start":{"line":17,"column":40},"end":{"line":20,"column":3}}}},"branchMap":{"0":{"loc":{"start":{"line":12,"column":45},"end":{"line":12,"column":60}},"type":"cond-expr","locations":[{"start":{"line":12,"column":57},"end":{"line":12,"column":60}},{"start":{"line":12,"column":57},"end":{"line":12,"column":60}}]},"1":{"loc":{"start":{"line":12,"column":45},"end":{"line":12,"column":57}},"type":"binary-expr","locations":[{"start":{"line":12,"column":45},"end":{"line":12,"column":60}},{"start":{"line":12,"column":45},"end":{"line":12,"column":57}}]}},"s":{"0":0,"1":0,"2":0,"3":0,"4":0,"5":0,"6":0,"7":0,"8":0,"9":0,"10":0,"11":0},"f":{"0":0,"1":0},"b":{"0":[0,0],"1":[0,0]}}
,"C:\\Users\\Del_Koyday\\Desktop\\RCB\\10_backend_nestjs\\src\\audit\\audit.module.ts": {"path":"C:\\Users\\Del_Koyday\\Desktop\\RCB\\10_backend_nestjs\\src\\audit\\audit.module.ts","statementMap":{"0":{"start":{"line":1,"column":0},"end":{"line":1,"column":40}},"1":{"start":{"line":2,"column":0},"end":{"line":2,"column":47}},"2":{"start":{"line":3,"column":0},"end":{"line":3,"column":53}},"3":{"start":{"line":10,"column":7},"end":{"line":10,"column":null}},"4":{"start":{"line":10,"column":13},"end":{"line":10,"column":24}},"5":{"start":{"line":10,"column":13},"end":{"line":10,"column":null}}},"fnMap":{},"branchMap":{},"s":{"0":0,"1":0,"2":0,"3":0,"4":0,"5":0},"f":{},"b":{}}
,"C:\\Users\\Del_Koyday\\Desktop\\RCB\\10_backend_nestjs\\src\\audit\\audit.service.ts": {"path":"C:\\Users\\Del_Koyday\\Desktop\\RCB\\10_backend_nestjs\\src\\audit\\audit.service.ts","statementMap":{"0":{"start":{"line":1,"column":0},"end":{"line":1,"column":52}},"1":{"start":{"line":2,"column":0},"end":{"line":2,"column":57}},"2":{"start":{"line":5,"column":25},"end":{"line":51,"column":null}},"3":{"start":{"line":6,"column":28},"end":{"line":6,"column":57}},"4":{"start":{"line":8,"column":31},"end":{"line":8,"column":39}},"5":{"start":{"line":25,"column":18},"end":{"line":34,"column":6}},"6":{"start":{"line":36,"column":4},"end":{"line":36,"column":96}},"7":{"start":{"line":37,"column":4},"end":{"line":37,"column":17}},"8":{"start":{"line":41,"column":4},"end":{"line":49,"column":7}},"9":{"start":{"line":5,"column":13},"end":{"line":5,"column":25}},"10":{"start":{"line":5,"column":13},"end":{"line":51,"column":null}}},"fnMap":{"0":{"name":"(anonymous_2)","decl":{"start":{"line":8,"column":2},"end":{"line":8,"column":31}},"loc":{"start":{"line":8,"column":52},"end":{"line":8,"column":56}}},"1":{"name":"(anonymous_3)","decl":{"start":{"line":10,"column":2},"end":{"line":10,"column":7}},"loc":{"start":{"line":24,"column":3},"end":{"line":38,"column":3}}},"2":{"name":"(anonymous_4)","decl":{"start":{"line":40,"column":2},"end":{"line":40,"column":7}},"loc":{"start":{"line":40,"column":54},"end":{"line":50,"column":3}}}},"branchMap":{"0":{"loc":{"start":{"line":30,"column":17},"end":{"line":30,"column":32}},"type":"binary-expr","locations":[{"start":{"line":30,"column":17},"end":{"line":30,"column":24}},{"start":{"line":30,"column":28},"end":{"line":30,"column":32}}]},"1":{"loc":{"start":{"line":31,"column":23},"end":{"line":31,"column":49}},"type":"binary-expr","locations":[{"start":{"line":31,"column":23},"end":{"line":31,"column":36}},{"start":{"line":31,"column":40},"end":{"line":31,"column":49}}]},"2":{"loc":{"start":{"line":32,"column":18},"end":{"line":32,"column":39}},"type":"binary-expr","locations":[{"start":{"line":32,"column":18},"end":{"line":32,"column":26}},{"start":{"line":32,"column":30},"end":{"line":32,"column":39}}]},"3":{"loc":{"start":{"line":36,"column":73},"end":{"line":36,"column":92}},"type":"binary-expr","locations":[{"start":{"line":36,"column":73},"end":{"line":36,"column":80}},{"start":{"line":36,"column":84},"end":{"line":36,"column":92}}]},"4":{"loc":{"start":{"line":43,"column":12},"end":{"line":43,"column":44}},"type":"cond-expr","locations":[{"start":{"line":43,"column":25},"end":{"line":43,"column":39}},{"start":{"line":43,"column":42},"end":{"line":43,"column":44}}]},"5":{"loc":{"start":{"line":44,"column":12},"end":{"line":44,"column":40}},"type":"cond-expr","locations":[{"start":{"line":44,"column":23},"end":{"line":44,"column":35}},{"start":{"line":44,"column":38},"end":{"line":44,"column":40}}]},"6":{"loc":{"start":{"line":8,"column":39},"end":{"line":8,"column":55}},"type":"cond-expr","locations":[{"start":{"line":8,"column":52},"end":{"line":8,"column":55}},{"start":{"line":8,"column":52},"end":{"line":8,"column":55}}]},"7":{"loc":{"start":{"line":8,"column":39},"end":{"line":8,"column":52}},"type":"binary-expr","locations":[{"start":{"line":8,"column":39},"end":{"line":8,"column":55}},{"start":{"line":8,"column":39},"end":{"line":8,"column":52}}]}},"s":{"0":7,"1":7,"2":7,"3":0,"4":0,"5":0,"6":0,"7":0,"8":0,"9":7,"10":7},"f":{"0":0,"1":0,"2":0},"b":{"0":[0,0],"1":[0,0],"2":[0,0],"3":[0,0],"4":[0,0],"5":[0,0],"6":[7,0],"7":[7,7]}}
,"C:\\Users\\Del_Koyday\\Desktop\\RCB\\10_backend_nestjs\\src\\auth\\auth.controller.ts": {"path":"C:\\Users\\Del_Koyday\\Desktop\\RCB\\10_backend_nestjs\\src\\auth\\auth.controller.ts","statementMap":{"0":{"start":{"line":1,"column":0},"end":{"line":1,"column":134}},"1":{"start":{"line":3,"column":0},"end":{"line":3,"column":45}},"2":{"start":{"line":4,"column":0},"end":{"line":4,"column":45}},"3":{"start":{"line":5,"column":0},"end":{"line":5,"column":47}},"4":{"start":{"line":6,"column":0},"end":{"line":6,"column":45}},"5":{"start":{"line":7,"column":0},"end":{"line":7,"column":43}},"6":{"start":{"line":8,"column":0},"end":{"line":8,"column":42}},"7":{"start":{"line":9,"column":0},"end":{"line":9,"column":38}},"8":{"start":{"line":12,"column":7},"end":{"line":125,"column":null}},"9":{"start":{"line":14,"column":21},"end":{"line":14,"column":34}},"10":{"start":{"line":15,"column":21},"end":{"line":15,"column":29}},"11":{"start":{"line":24,"column":4},"end":{"line":24,"column":51}},"12":{"start":{"line":36,"column":24},"end":{"line":36,"column":67}},"13":{"start":{"line":37,"column":24},"end":{"line":37,"column":67}},"14":{"start":{"line":38,"column":25},"end":{"line":38,"column":80}},"15":{"start":{"line":42,"column":4},"end":{"line":48,"column":7}},"16":{"start":{"line":50,"column":4},"end":{"line":50,"column":49}},"17":{"start":{"line":56,"column":4},"end":{"line":56,"column":20}},"18":{"start":{"line":69,"column":33},"end":{"line":69,"column":60}},"19":{"start":{"line":70,"column":19},"end":{"line":70,"column":80}},"20":{"start":{"line":71,"column":4},"end":{"line":73,"column":5}},"21":{"start":{"line":72,"column":6},"end":{"line":72,"column":86}},"22":{"start":{"line":74,"column":4},"end":{"line":74,"column":18}},"23":{"start":{"line":87,"column":4},"end":{"line":89,"column":5}},"24":{"start":{"line":88,"column":6},"end":{"line":88,"column":67}},"25":{"start":{"line":90,"column":4},"end":{"line":90,"column":61}},"26":{"start":{"line":101,"column":4},"end":{"line":101,"column":47}},"27":{"start":{"line":112,"column":4},"end":{"line":112,"column":49}},"28":{"start":{"line":123,"column":4},"end":{"line":123,"column":49}},"29":{"start":{"line":12,"column":13},"end":{"line":12,"column":27}},"30":{"start":{"line":20,"column":8},"end":{"line":25,"column":null}},"31":{"start":{"line":29,"column":2},"end":{"line":31,"column":null}},"32":{"start":{"line":35,"column":8},"end":{"line":51,"column":null}},"33":{"start":{"line":55,"column":2},"end":{"line":57,"column":null}},"34":{"start":{"line":68,"column":8},"end":{"line":75,"column":null}},"35":{"start":{"line":86,"column":8},"end":{"line":91,"column":null}},"36":{"start":{"line":100,"column":8},"end":{"line":102,"column":null}},"37":{"start":{"line":111,"column":8},"end":{"line":113,"column":null}},"38":{"start":{"line":122,"column":2},"end":{"line":124,"column":null}},"39":{"start":{"line":12,"column":13},"end":{"line":125,"column":null}}},"fnMap":{"0":{"name":"(anonymous_4)","decl":{"start":{"line":13,"column":2},"end":{"line":13,"column":null}},"loc":{"start":{"line":15,"column":42},"end":{"line":16,"column":6}}},"1":{"name":"(anonymous_5)","decl":{"start":{"line":20,"column":8},"end":{"line":20,"column":13}},"loc":{"start":{"line":22,"column":38},"end":{"line":25,"column":3}}},"2":{"name":"(anonymous_6)","decl":{"start":{"line":29,"column":2},"end":{"line":29,"column":11}},"loc":{"start":{"line":29,"column":11},"end":{"line":31,"column":3}}},"3":{"name":"(anonymous_7)","decl":{"start":{"line":35,"column":8},"end":{"line":35,"column":20}},"loc":{"start":{"line":35,"column":58},"end":{"line":51,"column":3}}},"4":{"name":"(anonymous_8)","decl":{"start":{"line":55,"column":2},"end":{"line":55,"column":7}},"loc":{"start":{"line":55,"column":23},"end":{"line":57,"column":3}}},"5":{"name":"(anonymous_9)","decl":{"start":{"line":68,"column":8},"end":{"line":68,"column":18}},"loc":{"start":{"line":68,"column":34},"end":{"line":75,"column":3}}},"6":{"name":"(anonymous_10)","decl":{"start":{"line":86,"column":8},"end":{"line":86,"column":15}},"loc":{"start":{"line":86,"column":59},"end":{"line":91,"column":3}}},"7":{"name":"(anonymous_11)","decl":{"start":{"line":100,"column":8},"end":{"line":100,"column":14}},"loc":{"start":{"line":100,"column":30},"end":{"line":102,"column":3}}},"8":{"name":"(anonymous_12)","decl":{"start":{"line":111,"column":8},"end":{"line":111,"column":21}},"loc":{"start":{"line":111,"column":53},"end":{"line":113,"column":3}}},"9":{"name":"(anonymous_13)","decl":{"start":{"line":122,"column":2},"end":{"line":122,"column":20}},"loc":{"start":{"line":122,"column":20},"end":{"line":124,"column":3}}}},"branchMap":{"0":{"loc":{"start":{"line":69,"column":33},"end":{"line":69,"column":60}},"type":"binary-expr","locations":[{"start":{"line":69,"column":33},"end":{"line":69,"column":54}},{"start":{"line":69,"column":58},"end":{"line":69,"column":60}}]},"1":{"loc":{"start":{"line":71,"column":4},"end":{"line":73,"column":5}},"type":"if","locations":[{"start":{"line":71,"column":4},"end":{"line":73,"column":5}},{"start":{},"end":{}}]},"2":{"loc":{"start":{"line":87,"column":4},"end":{"line":89,"column":5}},"type":"if","locations":[{"start":{"line":87,"column":4},"end":{"line":89,"column":5}},{"start":{},"end":{}}]},"3":{"loc":{"start":{"line":14,"column":34},"end":{"line":14,"column":null}},"type":"cond-expr","locations":[{"start":{"line":14,"column":45},"end":{"line":14,"column":null}},{"start":{"line":14,"column":45},"end":{"line":14,"column":null}}]},"4":{"loc":{"start":{"line":14,"column":34},"end":{"line":14,"column":45}},"type":"binary-expr","locations":[{"start":{"line":14,"column":34},"end":{"line":14,"column":null}},{"start":{"line":14,"column":34},"end":{"line":14,"column":45}}]},"5":{"loc":{"start":{"line":14,"column":45},"end":{"line":15,"column":null}},"type":"cond-expr","locations":[{"start":{"line":15,"column":42},"end":{"line":15,"column":null}},{"start":{"line":15,"column":42},"end":{"line":15,"column":null}}]},"6":{"loc":{"start":{"line":14,"column":45},"end":{"line":15,"column":42}},"type":"binary-expr","locations":[{"start":{"line":14,"column":45},"end":{"line":15,"column":null}},{"start":{"line":15,"column":29},"end":{"line":15,"column":42}}]}},"s":{"0":0,"1":0,"2":0,"3":0,"4":0,"5":0,"6":0,"7":0,"8":0,"9":0,"10":0,"11":0,"12":0,"13":0,"14":0,"15":0,"16":0,"17":0,"18":0,"19":0,"20":0,"21":0,"22":0,"23":0,"24":0,"25":0,"26":0,"27":0,"28":0,"29":0,"30":0,"31":0,"32":0,"33":0,"34":0,"35":0,"36":0,"37":0,"38":0,"39":0},"f":{"0":0,"1":0,"2":0,"3":0,"4":0,"5":0,"6":0,"7":0,"8":0,"9":0},"b":{"0":[0,0],"1":[0,0],"2":[0,0],"3":[0,0],"4":[0,0],"5":[0,0],"6":[0,0]}}
,"C:\\Users\\Del_Koyday\\Desktop\\RCB\\10_backend_nestjs\\src\\auth\\auth.module.ts": {"path":"C:\\Users\\Del_Koyday\\Desktop\\RCB\\10_backend_nestjs\\src\\auth\\auth.module.ts","statementMap":{"0":{"start":{"line":1,"column":0},"end":{"line":1,"column":72}},"1":{"start":{"line":2,"column":0},"end":{"line":2,"column":38}},"2":{"start":{"line":3,"column":0},"end":{"line":3,"column":61}},"3":{"start":{"line":4,"column":0},"end":{"line":4,"column":40}},"4":{"start":{"line":5,"column":0},"end":{"line":5,"column":50}},"5":{"start":{"line":6,"column":0},"end":{"line":6,"column":45}},"6":{"start":{"line":7,"column":0},"end":{"line":7,"column":51}},"7":{"start":{"line":8,"column":0},"end":{"line":8,"column":45}},"8":{"start":{"line":9,"column":0},"end":{"line":9,"column":47}},"9":{"start":{"line":10,"column":0},"end":{"line":10,"column":52}},"10":{"start":{"line":30,"column":7},"end":{"line":43,"column":null}},"11":{"start":{"line":32,"column":4},"end":{"line":41,"column":32}},"12":{"start":{"line":30,"column":13},"end":{"line":30,"column":23}},"13":{"start":{"line":30,"column":13},"end":{"line":43,"column":null}},"14":{"start":{"line":18,"column":46},"end":{"line":23,"column":8}}},"fnMap":{"0":{"name":"(anonymous_2)","decl":{"start":{"line":31,"column":2},"end":{"line":31,"column":11}},"loc":{"start":{"line":31,"column":40},"end":{"line":42,"column":3}}},"1":{"name":"(anonymous_3)","decl":{"start":{"line":18,"column":18},"end":{"line":18,"column":19}},"loc":{"start":{"line":18,"column":46},"end":{"line":23,"column":8}}}},"branchMap":{"0":{"loc":{"start":{"line":35,"column":18},"end":{"line":35,"column":79}},"type":"binary-expr","locations":[{"start":{"line":35,"column":18},"end":{"line":35,"column":44}},{"start":{"line":35,"column":48},"end":{"line":35,"column":79}}]}},"s":{"0":0,"1":0,"2":0,"3":0,"4":0,"5":0,"6":0,"7":0,"8":0,"9":0,"10":0,"11":0,"12":0,"13":0,"14":0},"f":{"0":0,"1":0},"b":{"0":[0,0]}}
,"C:\\Users\\Del_Koyday\\Desktop\\RCB\\10_backend_nestjs\\src\\auth\\auth.service.ts": {"path":"C:\\Users\\Del_Koyday\\Desktop\\RCB\\10_backend_nestjs\\src\\auth\\auth.service.ts","statementMap":{"0":{"start":{"line":1,"column":0},"end":{"line":1,"column":75}},"1":{"start":{"line":2,"column":0},"end":{"line":2,"column":57}},"2":{"start":{"line":3,"column":0},"end":{"line":3,"column":57}},"3":{"start":{"line":4,"column":0},"end":{"line":4,"column":54}},"4":{"start":{"line":5,"column":0},"end":{"line":5,"column":35}},"5":{"start":{"line":6,"column":0},"end":{"line":6,"column":53}},"6":{"start":{"line":7,"column":0},"end":{"line":7,"column":47}},"7":{"start":{"line":8,"column":0},"end":{"line":8,"column":38}},"8":{"start":{"line":13,"column":37},"end":{"line":13,"column":41}},"9":{"start":{"line":16,"column":23},"end":{"line":16,"column":39}},"10":{"start":{"line":19,"column":28},"end":{"line":19,"column":29}},"11":{"start":{"line":20,"column":24},"end":{"line":20,"column":26}},"12":{"start":{"line":23,"column":24},"end":{"line":369,"column":null}},"13":{"start":{"line":24,"column":28},"end":{"line":24,"column":56}},"14":{"start":{"line":27,"column":21},"end":{"line":27,"column":29}},"15":{"start":{"line":28,"column":21},"end":{"line":28,"column":33}},"16":{"start":{"line":29,"column":21},"end":{"line":29,"column":28}},"17":{"start":{"line":30,"column":21},"end":{"line":30,"column":29}},"18":{"start":{"line":34,"column":4},"end":{"line":36,"column":5}},"19":{"start":{"line":35,"column":6},"end":{"line":35,"column":73}},"20":{"start":{"line":38,"column":27},"end":{"line":38,"column":81}},"21":{"start":{"line":39,"column":19},"end":{"line":39,"column":38}},"22":{"start":{"line":40,"column":4},"end":{"line":42,"column":5}},"23":{"start":{"line":41,"column":6},"end":{"line":41,"column":84}},"24":{"start":{"line":44,"column":17},"end":{"line":47,"column":6}},"25":{"start":{"line":49,"column":4},"end":{"line":53,"column":5}},"26":{"start":{"line":51,"column":6},"end":{"line":51,"column":83}},"27":{"start":{"line":52,"column":6},"end":{"line":52,"column":61}},"28":{"start":{"line":56,"column":4},"end":{"line":59,"column":5}},"29":{"start":{"line":57,"column":26},"end":{"line":57,"column":86}},"30":{"start":{"line":58,"column":6},"end":{"line":58,"column":96}},"31":{"start":{"line":62,"column":4},"end":{"line":110,"column":5}},"32":{"start":{"line":63,"column":6},"end":{"line":65,"column":8}},"33":{"start":{"line":67,"column":25},"end":{"line":67,"column":76}},"34":{"start":{"line":68,"column":24},"end":{"line":68,"column":62}},"35":{"start":{"line":69,"column":26},"end":{"line":69,"column":57}},"36":{"start":{"line":70,"column":6},"end":{"line":73,"column":7}},"37":{"start":{"line":71,"column":8},"end":{"line":71,"column":48}},"38":{"start":{"line":72,"column":8},"end":{"line":72,"column":63}},"39":{"start":{"line":76,"column":25},"end":{"line":76,"column":56}},"40":{"start":{"line":77,"column":6},"end":{"line":84,"column":9}},"41":{"start":{"line":87,"column":6},"end":{"line":93,"column":9}},"42":{"start":{"line":95,"column":6},"end":{"line":97,"column":8}},"43":{"start":{"line":102,"column":6},"end":{"line":104,"column":7}},"44":{"start":{"line":103,"column":8},"end":{"line":103,"column":96}},"45":{"start":{"line":105,"column":22},"end":{"line":105,"column":71}},"46":{"start":{"line":106,"column":6},"end":{"line":109,"column":7}},"47":{"start":{"line":107,"column":8},"end":{"line":107,"column":48}},"48":{"start":{"line":108,"column":8},"end":{"line":108,"column":63}},"49":{"start":{"line":113,"column":4},"end":{"line":113,"column":44}},"50":{"start":{"line":115,"column":20},"end":{"line":121,"column":6}},"51":{"start":{"line":123,"column":24},"end":{"line":123,"column":53}},"52":{"start":{"line":126,"column":25},"end":{"line":128,"column":null}},"53":{"start":{"line":130,"column":31},"end":{"line":130,"column":66}},"54":{"start":{"line":131,"column":4},"end":{"line":134,"column":7}},"55":{"start":{"line":136,"column":4},"end":{"line":138,"column":6}},"56":{"start":{"line":140,"column":4},"end":{"line":151,"column":6}},"57":{"start":{"line":156,"column":4},"end":{"line":162,"column":5}},"58":{"start":{"line":157,"column":6},"end":{"line":159,"column":9}},"59":{"start":{"line":161,"column":6},"end":{"line":161,"column":74}},"60":{"start":{"line":164,"column":17},"end":{"line":167,"column":6}},"61":{"start":{"line":169,"column":4},"end":{"line":171,"column":5}},"62":{"start":{"line":170,"column":6},"end":{"line":170,"column":79}},"63":{"start":{"line":173,"column":20},"end":{"line":173,"column":79}},"64":{"start":{"line":174,"column":4},"end":{"line":178,"column":5}},"65":{"start":{"line":176,"column":6},"end":{"line":176,"column":100}},"66":{"start":{"line":177,"column":6},"end":{"line":177,"column":91}},"67":{"start":{"line":181,"column":23},"end":{"line":181,"column":137}},"68":{"start":{"line":182,"column":27},"end":{"line":182,"column":59}},"69":{"start":{"line":183,"column":28},"end":{"line":185,"column":null}},"70":{"start":{"line":187,"column":34},"end":{"line":187,"column":72}},"71":{"start":{"line":188,"column":4},"end":{"line":188,"column":115}},"72":{"start":{"line":190,"column":4},"end":{"line":190,"column":76}},"73":{"start":{"line":194,"column":4},"end":{"line":194,"column":97}},"74":{"start":{"line":200,"column":18},"end":{"line":200,"column":94}},"75":{"start":{"line":201,"column":4},"end":{"line":203,"column":5}},"76":{"start":{"line":202,"column":6},"end":{"line":202,"column":72}},"77":{"start":{"line":205,"column":17},"end":{"line":205,"column":72}},"78":{"start":{"line":208,"column":21},"end":{"line":208,"column":33}},"79":{"start":{"line":209,"column":19},"end":{"line":209,"column":46}},"80":{"start":{"line":210,"column":4},"end":{"line":214,"column":5}},"81":{"start":{"line":211,"column":6},"end":{"line":211,"column":22}},"82":{"start":{"line":212,"column":11},"end":{"line":214,"column":5}},"83":{"start":{"line":213,"column":6},"end":{"line":213,"column":26}},"84":{"start":{"line":216,"column":15},"end":{"line":216,"column":70}},"85":{"start":{"line":218,"column":27},"end":{"line":218,"column":81}},"86":{"start":{"line":219,"column":19},"end":{"line":219,"column":38}},"87":{"start":{"line":221,"column":4},"end":{"line":250,"column":5}},"88":{"start":{"line":223,"column":6},"end":{"line":225,"column":7}},"89":{"start":{"line":224,"column":9},"end":{"line":224,"column":125}},"90":{"start":{"line":227,"column":6},"end":{"line":235,"column":9}},"91":{"start":{"line":236,"column":6},"end":{"line":241,"column":9}},"92":{"start":{"line":244,"column":6},"end":{"line":249,"column":7}},"93":{"start":{"line":245,"column":8},"end":{"line":248,"column":11}},"94":{"start":{"line":252,"column":4},"end":{"line":252,"column":16}},"95":{"start":{"line":256,"column":20},"end":{"line":262,"column":6}},"96":{"start":{"line":263,"column":4},"end":{"line":263,"column":41}},"97":{"start":{"line":271,"column":4},"end":{"line":271,"column":34}},"98":{"start":{"line":279,"column":38},"end":{"line":283,"column":6}},"99":{"start":{"line":284,"column":4},"end":{"line":290,"column":6}},"100":{"start":{"line":300,"column":18},"end":{"line":300,"column":68}},"101":{"start":{"line":301,"column":18},"end":{"line":301,"column":28}},"102":{"start":{"line":302,"column":4},"end":{"line":302,"column":28}},"103":{"start":{"line":302,"column":16},"end":{"line":302,"column":28}},"104":{"start":{"line":304,"column":4},"end":{"line":321,"column":5}},"105":{"start":{"line":305,"column":22},"end":{"line":305,"column":97}},"106":{"start":{"line":306,"column":19},"end":{"line":316,"column":8}},"107":{"start":{"line":317,"column":6},"end":{"line":317,"column":29}},"108":{"start":{"line":317,"column":17},"end":{"line":317,"column":29}},"109":{"start":{"line":318,"column":6},"end":{"line":318,"column":43}},"110":{"start":{"line":320,"column":6},"end":{"line":320,"column":18}},"111":{"start":{"line":327,"column":20},"end":{"line":331,"column":6}},"112":{"start":{"line":333,"column":4},"end":{"line":346,"column":5}},"113":{"start":{"line":334,"column":26},"end":{"line":334,"column":76}},"114":{"start":{"line":335,"column":6},"end":{"line":338,"column":9}},"115":{"start":{"line":339,"column":6},"end":{"line":344,"column":9}},"116":{"start":{"line":345,"column":6},"end":{"line":345,"column":107}},"117":{"start":{"line":350,"column":4},"end":{"line":353,"column":7}},"118":{"start":{"line":357,"column":4},"end":{"line":360,"column":7}},"119":{"start":{"line":361,"column":4},"end":{"line":366,"column":7}},"120":{"start":{"line":367,"column":4},"end":{"line":367,"column":79}},"121":{"start":{"line":23,"column":13},"end":{"line":23,"column":24}},"122":{"start":{"line":23,"column":13},"end":{"line":369,"column":null}}},"fnMap":{"0":{"name":"(anonymous_11)","decl":{"start":{"line":26,"column":2},"end":{"line":26,"column":null}},"loc":{"start":{"line":30,"column":42},"end":{"line":31,"column":6}}},"1":{"name":"(anonymous_12)","decl":{"start":{"line":33,"column":2},"end":{"line":33,"column":7}},"loc":{"start":{"line":33,"column":45},"end":{"line":152,"column":3}}},"2":{"name":"(anonymous_13)","decl":{"start":{"line":154,"column":2},"end":{"line":154,"column":7}},"loc":{"start":{"line":154,"column":47},"end":{"line":191,"column":3}}},"3":{"name":"(anonymous_14)","decl":{"start":{"line":193,"column":2},"end":{"line":193,"column":7}},"loc":{"start":{"line":193,"column":29},"end":{"line":195,"column":3}}},"4":{"name":"(anonymous_15)","decl":{"start":{"line":199,"column":2},"end":{"line":199,"column":7}},"loc":{"start":{"line":199,"column":37},"end":{"line":253,"column":3}}},"5":{"name":"(anonymous_16)","decl":{"start":{"line":255,"column":2},"end":{"line":255,"column":18}},"loc":{"start":{"line":255,"column":28},"end":{"line":264,"column":3}}},"6":{"name":"(anonymous_17)","decl":{"start":{"line":270,"column":2},"end":{"line":270,"column":8}},"loc":{"start":{"line":270,"column":41},"end":{"line":272,"column":3}}},"7":{"name":"(anonymous_18)","decl":{"start":{"line":278,"column":2},"end":{"line":278,"column":7}},"loc":{"start":{"line":278,"column":26},"end":{"line":291,"column":3}}},"8":{"name":"(anonymous_19)","decl":{"start":{"line":299,"column":2},"end":{"line":299,"column":7}},"loc":{"start":{"line":299,"column":53},"end":{"line":322,"column":3}}},"9":{"name":"(anonymous_20)","decl":{"start":{"line":326,"column":10},"end":{"line":326,"column":15}},"loc":{"start":{"line":326,"column":50},"end":{"line":347,"column":3}}},"10":{"name":"(anonymous_21)","decl":{"start":{"line":349,"column":10},"end":{"line":349,"column":15}},"loc":{"start":{"line":349,"column":50},"end":{"line":354,"column":3}}},"11":{"name":"(anonymous_22)","decl":{"start":{"line":356,"column":2},"end":{"line":356,"column":7}},"loc":{"start":{"line":356,"column":36},"end":{"line":368,"column":3}}}},"branchMap":{"0":{"loc":{"start":{"line":34,"column":4},"end":{"line":36,"column":5}},"type":"if","locations":[{"start":{"line":34,"column":4},"end":{"line":36,"column":5}},{"start":{},"end":{}}]},"1":{"loc":{"start":{"line":34,"column":8},"end":{"line":34,"column":27}},"type":"binary-expr","locations":[{"start":{"line":34,"column":8},"end":{"line":34,"column":14}},{"start":{"line":34,"column":18},"end":{"line":34,"column":27}}]},"2":{"loc":{"start":{"line":38,"column":27},"end":{"line":38,"column":81}},"type":"binary-expr","locations":[{"start":{"line":38,"column":27},"end":{"line":38,"column":75}},{"start":{"line":38,"column":79},"end":{"line":38,"column":81}}]},"3":{"loc":{"start":{"line":40,"column":4},"end":{"line":42,"column":5}},"type":"if","locations":[{"start":{"line":40,"column":4},"end":{"line":42,"column":5}},{"start":{},"end":{}}]},"4":{"loc":{"start":{"line":49,"column":4},"end":{"line":53,"column":5}},"type":"if","locations":[{"start":{"line":49,"column":4},"end":{"line":53,"column":5}},{"start":{},"end":{}}]},"5":{"loc":{"start":{"line":56,"column":4},"end":{"line":59,"column":5}},"type":"if","locations":[{"start":{"line":56,"column":4},"end":{"line":59,"column":5}},{"start":{},"end":{}}]},"6":{"loc":{"start":{"line":56,"column":8},"end":{"line":56,"column":57}},"type":"binary-expr","locations":[{"start":{"line":56,"column":8},"end":{"line":56,"column":24}},{"start":{"line":56,"column":28},"end":{"line":56,"column":57}}]},"7":{"loc":{"start":{"line":62,"column":4},"end":{"line":110,"column":5}},"type":"if","locations":[{"start":{"line":62,"column":4},"end":{"line":110,"column":5}},{"start":{"line":100,"column":9},"end":{"line":110,"column":5}}]},"8":{"loc":{"start":{"line":62,"column":8},"end":{"line":62,"column":99}},"type":"binary-expr","locations":[{"start":{"line":62,"column":8},"end":{"line":62,"column":36}},{"start":{"line":62,"column":40},"end":{"line":62,"column":57}},{"start":{"line":62,"column":61},"end":{"line":62,"column":99}}]},"9":{"loc":{"start":{"line":70,"column":6},"end":{"line":73,"column":7}},"type":"if","locations":[{"start":{"line":70,"column":6},"end":{"line":73,"column":7}},{"start":{},"end":{}}]},"10":{"loc":{"start":{"line":70,"column":10},"end":{"line":70,"column":93}},"type":"binary-expr","locations":[{"start":{"line":70,"column":10},"end":{"line":70,"column":49}},{"start":{"line":70,"column":53},"end":{"line":70,"column":93}}]},"11":{"loc":{"start":{"line":102,"column":6},"end":{"line":104,"column":7}},"type":"if","locations":[{"start":{"line":102,"column":6},"end":{"line":104,"column":7}},{"start":{},"end":{}}]},"12":{"loc":{"start":{"line":106,"column":6},"end":{"line":109,"column":7}},"type":"if","locations":[{"start":{"line":106,"column":6},"end":{"line":109,"column":7}},{"start":{},"end":{}}]},"13":{"loc":{"start":{"line":120,"column":22},"end":{"line":120,"column":49}},"type":"binary-expr","locations":[{"start":{"line":120,"column":22},"end":{"line":120,"column":41}},{"start":{"line":120,"column":45},"end":{"line":120,"column":49}}]},"14":{"loc":{"start":{"line":128,"column":75},"end":{"line":128,"column":125}},"type":"binary-expr","locations":[{"start":{"line":128,"column":75},"end":{"line":128,"column":117}},{"start":{"line":128,"column":121},"end":{"line":128,"column":125}}]},"15":{"loc":{"start":{"line":148,"column":24},"end":{"line":148,"column":51}},"type":"binary-expr","locations":[{"start":{"line":148,"column":24},"end":{"line":148,"column":43}},{"start":{"line":148,"column":47},"end":{"line":148,"column":51}}]},"16":{"loc":{"start":{"line":149,"column":20},"end":{"line":149,"column":43}},"type":"binary-expr","locations":[{"start":{"line":149,"column":20},"end":{"line":149,"column":35}},{"start":{"line":149,"column":39},"end":{"line":149,"column":43}}]},"17":{"loc":{"start":{"line":169,"column":4},"end":{"line":171,"column":5}},"type":"if","locations":[{"start":{"line":169,"column":4},"end":{"line":171,"column":5}},{"start":{},"end":{}}]},"18":{"loc":{"start":{"line":174,"column":4},"end":{"line":178,"column":5}},"type":"if","locations":[{"start":{"line":174,"column":4},"end":{"line":178,"column":5}},{"start":{},"end":{}}]},"19":{"loc":{"start":{"line":181,"column":108},"end":{"line":181,"column":135}},"type":"binary-expr","locations":[{"start":{"line":181,"column":108},"end":{"line":181,"column":127}},{"start":{"line":181,"column":131},"end":{"line":181,"column":135}}]},"20":{"loc":{"start":{"line":185,"column":75},"end":{"line":185,"column":125}},"type":"binary-expr","locations":[{"start":{"line":185,"column":75},"end":{"line":185,"column":117}},{"start":{"line":185,"column":121},"end":{"line":185,"column":125}}]},"21":{"loc":{"start":{"line":200,"column":18},"end":{"line":200,"column":94}},"type":"cond-expr","locations":[{"start":{"line":200,"column":64},"end":{"line":200,"column":87}},{"start":{"line":200,"column":90},"end":{"line":200,"column":94}}]},"22":{"loc":{"start":{"line":200,"column":18},"end":{"line":200,"column":61}},"type":"binary-expr","locations":[{"start":{"line":200,"column":18},"end":{"line":200,"column":32}},{"start":{"line":200,"column":36},"end":{"line":200,"column":61}}]},"23":{"loc":{"start":{"line":201,"column":4},"end":{"line":203,"column":5}},"type":"if","locations":[{"start":{"line":201,"column":4},"end":{"line":203,"column":5}},{"start":{},"end":{}}]},"24":{"loc":{"start":{"line":205,"column":17},"end":{"line":205,"column":72}},"type":"binary-expr","locations":[{"start":{"line":205,"column":17},"end":{"line":205,"column":36}},{"start":{"line":205,"column":40},"end":{"line":205,"column":63}},{"start":{"line":205,"column":67},"end":{"line":205,"column":72}}]},"25":{"loc":{"start":{"line":209,"column":19},"end":{"line":209,"column":46}},"type":"binary-expr","locations":[{"start":{"line":209,"column":19},"end":{"line":209,"column":40}},{"start":{"line":209,"column":44},"end":{"line":209,"column":46}}]},"26":{"loc":{"start":{"line":210,"column":4},"end":{"line":214,"column":5}},"type":"if","locations":[{"start":{"line":210,"column":4},"end":{"line":214,"column":5}},{"start":{"line":212,"column":11},"end":{"line":214,"column":5}}]},"27":{"loc":{"start":{"line":212,"column":11},"end":{"line":214,"column":5}},"type":"if","locations":[{"start":{"line":212,"column":11},"end":{"line":214,"column":5}},{"start":{},"end":{}}]},"28":{"loc":{"start":{"line":218,"column":27},"end":{"line":218,"column":81}},"type":"binary-expr","locations":[{"start":{"line":218,"column":27},"end":{"line":218,"column":75}},{"start":{"line":218,"column":79},"end":{"line":218,"column":81}}]},"29":{"loc":{"start":{"line":221,"column":4},"end":{"line":250,"column":5}},"type":"if","locations":[{"start":{"line":221,"column":4},"end":{"line":250,"column":5}},{"start":{"line":242,"column":11},"end":{"line":250,"column":5}}]},"30":{"loc":{"start":{"line":223,"column":6},"end":{"line":225,"column":7}},"type":"if","locations":[{"start":{"line":223,"column":6},"end":{"line":225,"column":7}},{"start":{},"end":{}}]},"31":{"loc":{"start":{"line":244,"column":6},"end":{"line":249,"column":7}},"type":"if","locations":[{"start":{"line":244,"column":6},"end":{"line":249,"column":7}},{"start":{},"end":{}}]},"32":{"loc":{"start":{"line":261,"column":22},"end":{"line":261,"column":49}},"type":"binary-expr","locations":[{"start":{"line":261,"column":22},"end":{"line":261,"column":41}},{"start":{"line":261,"column":45},"end":{"line":261,"column":49}}]},"33":{"loc":{"start":{"line":302,"column":4},"end":{"line":302,"column":28}},"type":"if","locations":[{"start":{"line":302,"column":4},"end":{"line":302,"column":28}},{"start":{},"end":{}}]},"34":{"loc":{"start":{"line":317,"column":6},"end":{"line":317,"column":29}},"type":"if","locations":[{"start":{"line":317,"column":6},"end":{"line":317,"column":29}},{"start":{},"end":{}}]},"35":{"loc":{"start":{"line":333,"column":4},"end":{"line":346,"column":5}},"type":"if","locations":[{"start":{"line":333,"column":4},"end":{"line":346,"column":5}},{"start":{},"end":{}}]},"36":{"loc":{"start":{"line":27,"column":29},"end":{"line":27,"column":null}},"type":"cond-expr","locations":[{"start":{"line":27,"column":42},"end":{"line":27,"column":null}},{"start":{"line":27,"column":42},"end":{"line":27,"column":null}}]},"37":{"loc":{"start":{"line":27,"column":29},"end":{"line":27,"column":42}},"type":"binary-expr","locations":[{"start":{"line":27,"column":29},"end":{"line":27,"column":null}},{"start":{"line":27,"column":29},"end":{"line":27,"column":42}}]},"38":{"loc":{"start":{"line":27,"column":42},"end":{"line":28,"column":null}},"type":"cond-expr","locations":[{"start":{"line":28,"column":43},"end":{"line":28,"column":null}},{"start":{"line":28,"column":43},"end":{"line":28,"column":null}}]},"39":{"loc":{"start":{"line":27,"column":42},"end":{"line":28,"column":43}},"type":"binary-expr","locations":[{"start":{"line":27,"column":42},"end":{"line":28,"column":null}},{"start":{"line":28,"column":33},"end":{"line":28,"column":43}}]},"40":{"loc":{"start":{"line":28,"column":43},"end":{"line":29,"column":null}},"type":"cond-expr","locations":[{"start":{"line":29,"column":40},"end":{"line":29,"column":null}},{"start":{"line":29,"column":40},"end":{"line":29,"column":null}}]},"41":{"loc":{"start":{"line":28,"column":43},"end":{"line":29,"column":40}},"type":"binary-expr","locations":[{"start":{"line":28,"column":43},"end":{"line":29,"column":null}},{"start":{"line":29,"column":28},"end":{"line":29,"column":40}}]},"42":{"loc":{"start":{"line":29,"column":40},"end":{"line":30,"column":null}},"type":"cond-expr","locations":[{"start":{"line":30,"column":42},"end":{"line":30,"column":null}},{"start":{"line":30,"column":42},"end":{"line":30,"column":null}}]},"43":{"loc":{"start":{"line":29,"column":40},"end":{"line":30,"column":42}},"type":"binary-expr","locations":[{"start":{"line":29,"column":40},"end":{"line":30,"column":null}},{"start":{"line":30,"column":29},"end":{"line":30,"column":42}}]}},"s":{"0":1,"1":1,"2":1,"3":1,"4":1,"5":1,"6":1,"7":1,"8":1,"9":1,"10":1,"11":1,"12":1,"13":13,"14":13,"15":13,"16":13,"17":13,"18":7,"19":2,"20":5,"21":5,"22":5,"23":0,"24":5,"25":5,"26":1,"27":1,"28":4,"29":0,"30":0,"31":4,"32":2,"33":2,"34":2,"35":2,"36":2,"37":1,"38":1,"39":1,"40":1,"41":1,"42":1,"43":2,"44":0,"45":2,"46":2,"47":1,"48":1,"49":2,"50":2,"51":2,"52":2,"53":2,"54":2,"55":2,"56":2,"57":0,"58":0,"59":0,"60":0,"61":0,"62":0,"63":0,"64":0,"65":0,"66":0,"67":0,"68":0,"69":0,"70":0,"71":0,"72":0,"73":0,"74":0,"75":0,"76":0,"77":0,"78":0,"79":0,"80":0,"81":0,"82":0,"83":0,"84":0,"85":0,"86":0,"87":0,"88":0,"89":0,"90":0,"91":0,"92":0,"93":0,"94":0,"95":0,"96":0,"97":1,"98":2,"99":2,"100":4,"101":4,"102":4,"103":1,"104":3,"105":3,"106":2,"107":2,"108":1,"109":1,"110":1,"111":2,"112":2,"113":0,"114":0,"115":0,"116":0,"117":2,"118":0,"119":0,"120":0,"121":1,"122":1},"f":{"0":13,"1":7,"2":0,"3":0,"4":0,"5":0,"6":1,"7":2,"8":4,"9":2,"10":2,"11":0},"b":{"0":[2,5],"1":[7,6],"2":[5,0],"3":[0,5],"4":[1,4],"5":[0,4],"6":[4,0],"7":[2,2],"8":[4,4,4],"9":[1,1],"10":[2,2],"11":[0,2],"12":[1,1],"13":[2,2],"14":[2,2],"15":[2,2],"16":[2,2],"17":[0,0],"18":[0,0],"19":[0,0],"20":[0,0],"21":[0,0],"22":[0,0],"23":[0,0],"24":[0,0,0],"25":[0,0],"26":[0,0],"27":[0,0],"28":[0,0],"29":[0,0],"30":[0,0],"31":[0,0],"32":[0,0],"33":[1,3],"34":[1,1],"35":[0,2],"36":[1,0],"37":[1,1],"38":[1,0],"39":[1,1],"40":[1,0],"41":[1,1],"42":[1,0],"43":[1,1]}}
,"C:\\Users\\Del_Koyday\\Desktop\\RCB\\10_backend_nestjs\\src\\auth\\jwt.strategy.ts": {"path":"C:\\Users\\Del_Koyday\\Desktop\\RCB\\10_backend_nestjs\\src\\auth\\jwt.strategy.ts","statementMap":{"0":{"start":{"line":1,"column":0},"end":{"line":1,"column":67}},"1":{"start":{"line":2,"column":0},"end":{"line":2,"column":52}},"2":{"start":{"line":3,"column":0},"end":{"line":3,"column":52}},"3":{"start":{"line":4,"column":0},"end":{"line":4,"column":57}},"4":{"start":{"line":5,"column":0},"end":{"line":5,"column":47}},"5":{"start":{"line":8,"column":7},"end":{"line":39,"column":null}},"6":{"start":{"line":13,"column":4},"end":{"line":17,"column":7}},"7":{"start":{"line":10,"column":21},"end":{"line":10,"column":29}},"8":{"start":{"line":21,"column":17},"end":{"line":31,"column":6}},"9":{"start":{"line":33,"column":4},"end":{"line":35,"column":5}},"10":{"start":{"line":34,"column":6},"end":{"line":34,"column":40}},"11":{"start":{"line":37,"column":4},"end":{"line":37,"column":16}},"12":{"start":{"line":8,"column":13},"end":{"line":8,"column":24}},"13":{"start":{"line":8,"column":13},"end":{"line":39,"column":null}}},"fnMap":{"0":{"name":"(anonymous_2)","decl":{"start":{"line":9,"column":2},"end":{"line":9,"column":null}},"loc":{"start":{"line":11,"column":25},"end":{"line":18,"column":3}}},"1":{"name":"(anonymous_3)","decl":{"start":{"line":20,"column":2},"end":{"line":20,"column":7}},"loc":{"start":{"line":20,"column":70},"end":{"line":38,"column":3}}}},"branchMap":{"0":{"loc":{"start":{"line":33,"column":4},"end":{"line":35,"column":5}},"type":"if","locations":[{"start":{"line":33,"column":4},"end":{"line":35,"column":5}},{"start":{},"end":{}}]},"1":{"loc":{"start":{"line":10,"column":29},"end":{"line":10,"column":null}},"type":"cond-expr","locations":[{"start":{"line":10,"column":42},"end":{"line":10,"column":null}},{"start":{"line":10,"column":42},"end":{"line":10,"column":null}}]},"2":{"loc":{"start":{"line":10,"column":29},"end":{"line":10,"column":42}},"type":"binary-expr","locations":[{"start":{"line":10,"column":29},"end":{"line":10,"column":null}},{"start":{"line":10,"column":29},"end":{"line":10,"column":42}}]},"3":{"loc":{"start":{"line":10,"column":42},"end":{"line":11,"column":null}},"type":"cond-expr","locations":[{"start":{"line":11,"column":25},"end":{"line":11,"column":null}},{"start":{"line":11,"column":25},"end":{"line":11,"column":null}}]},"4":{"loc":{"start":{"line":10,"column":42},"end":{"line":11,"column":25}},"type":"binary-expr","locations":[{"start":{"line":10,"column":42},"end":{"line":11,"column":null}},{"start":{"line":11,"column":12},"end":{"line":11,"column":25}}]}},"s":{"0":0,"1":0,"2":0,"3":0,"4":0,"5":0,"6":0,"7":0,"8":0,"9":0,"10":0,"11":0,"12":0,"13":0},"f":{"0":0,"1":0},"b":{"0":[0,0],"1":[0,0],"2":[0,0],"3":[0,0],"4":[0,0]}}
,"C:\\Users\\Del_Koyday\\Desktop\\RCB\\10_backend_nestjs\\src\\auth\\oidc.strategy.ts": {"path":"C:\\Users\\Del_Koyday\\Desktop\\RCB\\10_backend_nestjs\\src\\auth\\oidc.strategy.ts","statementMap":{"0":{"start":{"line":1,"column":0},"end":{"line":1,"column":67}},"1":{"start":{"line":2,"column":0},"end":{"line":2,"column":52}},"2":{"start":{"line":3,"column":0},"end":{"line":3,"column":50}},"3":{"start":{"line":4,"column":0},"end":{"line":4,"column":47}},"4":{"start":{"line":5,"column":0},"end":{"line":5,"column":45}},"5":{"start":{"line":8,"column":7},"end":{"line":33,"column":null}},"6":{"start":{"line":13,"column":4},"end":{"line":22,"column":7}},"7":{"start":{"line":10,"column":21},"end":{"line":10,"column":36}},"8":{"start":{"line":11,"column":21},"end":{"line":11,"column":34}},"9":{"start":{"line":26,"column":4},"end":{"line":31,"column":5}},"10":{"start":{"line":27,"column":19},"end":{"line":27,"column":67}},"11":{"start":{"line":28,"column":6},"end":{"line":28,"column":28}},"12":{"start":{"line":30,"column":6},"end":{"line":30,"column":28}},"13":{"start":{"line":8,"column":13},"end":{"line":8,"column":25}},"14":{"start":{"line":8,"column":13},"end":{"line":33,"column":null}}},"fnMap":{"0":{"name":"(anonymous_2)","decl":{"start":{"line":9,"column":2},"end":{"line":9,"column":null}},"loc":{"start":{"line":11,"column":45},"end":{"line":23,"column":3}}},"1":{"name":"(anonymous_3)","decl":{"start":{"line":25,"column":2},"end":{"line":25,"column":7}},"loc":{"start":{"line":25,"column":81},"end":{"line":32,"column":3}}}},"branchMap":{"0":{"loc":{"start":{"line":10,"column":36},"end":{"line":10,"column":null}},"type":"cond-expr","locations":[{"start":{"line":10,"column":49},"end":{"line":10,"column":null}},{"start":{"line":10,"column":49},"end":{"line":10,"column":null}}]},"1":{"loc":{"start":{"line":10,"column":36},"end":{"line":10,"column":49}},"type":"binary-expr","locations":[{"start":{"line":10,"column":36},"end":{"line":10,"column":null}},{"start":{"line":10,"column":36},"end":{"line":10,"column":49}}]},"2":{"loc":{"start":{"line":10,"column":49},"end":{"line":11,"column":null}},"type":"cond-expr","locations":[{"start":{"line":11,"column":45},"end":{"line":11,"column":null}},{"start":{"line":11,"column":45},"end":{"line":11,"column":null}}]},"3":{"loc":{"start":{"line":10,"column":49},"end":{"line":11,"column":45}},"type":"binary-expr","locations":[{"start":{"line":10,"column":49},"end":{"line":11,"column":null}},{"start":{"line":11,"column":34},"end":{"line":11,"column":45}}]}},"s":{"0":0,"1":0,"2":0,"3":0,"4":0,"5":0,"6":0,"7":0,"8":0,"9":0,"10":0,"11":0,"12":0,"13":0,"14":0},"f":{"0":0,"1":0},"b":{"0":[0,0],"1":[0,0],"2":[0,0],"3":[0,0]}}
,"C:\\Users\\Del_Koyday\\Desktop\\RCB\\10_backend_nestjs\\src\\auth\\roles.decorator.ts": {"path":"C:\\Users\\Del_Koyday\\Desktop\\RCB\\10_backend_nestjs\\src\\auth\\roles.decorator.ts","statementMap":{"0":{"start":{"line":1,"column":0},"end":{"line":1,"column":45}},"1":{"start":{"line":4,"column":13},"end":{"line":4,"column":33}},"2":{"start":{"line":5,"column":21},"end":{"line":5,"column":72}},"3":{"start":{"line":5,"column":43},"end":{"line":5,"column":72}},"4":{"start":{"line":5,"column":13},"end":{"line":5,"column":21}}},"fnMap":{"0":{"name":"(anonymous_0)","decl":{"start":{"line":5,"column":21},"end":{"line":5,"column":22}},"loc":{"start":{"line":5,"column":43},"end":{"line":5,"column":72}}}},"branchMap":{},"s":{"0":1,"1":1,"2":1,"3":0,"4":1},"f":{"0":0},"b":{}}
,"C:\\Users\\Del_Koyday\\Desktop\\RCB\\10_backend_nestjs\\src\\auth\\roles.guard.ts": {"path":"C:\\Users\\Del_Koyday\\Desktop\\RCB\\10_backend_nestjs\\src\\auth\\roles.guard.ts","statementMap":{"0":{"start":{"line":1,"column":0},"end":{"line":1,"column":75}},"1":{"start":{"line":2,"column":0},"end":{"line":2,"column":41}},"2":{"start":{"line":3,"column":0},"end":{"line":3,"column":46}},"3":{"start":{"line":7,"column":7},"end":{"line":26,"column":null}},"4":{"start":{"line":8,"column":22},"end":{"line":8,"column":33}},"5":{"start":{"line":11,"column":26},"end":{"line":14,"column":6}},"6":{"start":{"line":16,"column":4},"end":{"line":18,"column":5}},"7":{"start":{"line":17,"column":6},"end":{"line":17,"column":18}},"8":{"start":{"line":20,"column":21},"end":{"line":20,"column":56}},"9":{"start":{"line":21,"column":4},"end":{"line":21,"column":28}},"10":{"start":{"line":21,"column":15},"end":{"line":21,"column":28}},"11":{"start":{"line":24,"column":4},"end":{"line":24,"column":60}},"12":{"start":{"line":24,"column":40},"end":{"line":24,"column":58}},"13":{"start":{"line":7,"column":13},"end":{"line":7,"column":23}},"14":{"start":{"line":7,"column":13},"end":{"line":26,"column":null}}},"fnMap":{"0":{"name":"(anonymous_2)","decl":{"start":{"line":8,"column":2},"end":{"line":8,"column":22}},"loc":{"start":{"line":8,"column":42},"end":{"line":8,"column":46}}},"1":{"name":"(anonymous_3)","decl":{"start":{"line":10,"column":2},"end":{"line":10,"column":13}},"loc":{"start":{"line":10,"column":39},"end":{"line":25,"column":3}}},"2":{"name":"(anonymous_4)","decl":{"start":{"line":24,"column":30},"end":{"line":24,"column":31}},"loc":{"start":{"line":24,"column":40},"end":{"line":24,"column":58}}}},"branchMap":{"0":{"loc":{"start":{"line":16,"column":4},"end":{"line":18,"column":5}},"type":"if","locations":[{"start":{"line":16,"column":4},"end":{"line":18,"column":5}},{"start":{},"end":{}}]},"1":{"loc":{"start":{"line":21,"column":4},"end":{"line":21,"column":28}},"type":"if","locations":[{"start":{"line":21,"column":4},"end":{"line":21,"column":28}},{"start":{},"end":{}}]},"2":{"loc":{"start":{"line":8,"column":33},"end":{"line":8,"column":45}},"type":"cond-expr","locations":[{"start":{"line":8,"column":42},"end":{"line":8,"column":45}},{"start":{"line":8,"column":42},"end":{"line":8,"column":45}}]},"3":{"loc":{"start":{"line":8,"column":33},"end":{"line":8,"column":42}},"type":"binary-expr","locations":[{"start":{"line":8,"column":33},"end":{"line":8,"column":45}},{"start":{"line":8,"column":33},"end":{"line":8,"column":42}}]}},"s":{"0":1,"1":1,"2":1,"3":1,"4":6,"5":5,"6":5,"7":1,"8":4,"9":4,"10":1,"11":3,"12":4,"13":1,"14":1},"f":{"0":6,"1":5,"2":4},"b":{"0":[1,4],"1":[1,3],"2":[1,0],"3":[1,1]}}
,"C:\\Users\\Del_Koyday\\Desktop\\RCB\\10_backend_nestjs\\src\\client-portal\\client-portal.controller.ts": {"path":"C:\\Users\\Del_Koyday\\Desktop\\RCB\\10_backend_nestjs\\src\\client-portal\\client-portal.controller.ts","statementMap":{"0":{"start":{"line":1,"column":0},"end":{"line":1,"column":111}},"1":{"start":{"line":2,"column":0},"end":{"line":2,"column":45}},"2":{"start":{"line":3,"column":0},"end":{"line":3,"column":62}},"3":{"start":{"line":4,"column":0},"end":{"line":4,"column":38}},"4":{"start":{"line":5,"column":0},"end":{"line":5,"column":68}},"5":{"start":{"line":6,"column":0},"end":{"line":6,"column":62}},"6":{"start":{"line":18,"column":7},"end":{"line":78,"column":null}},"7":{"start":{"line":19,"column":31},"end":{"line":19,"column":52}},"8":{"start":{"line":22,"column":4},"end":{"line":24,"column":5}},"9":{"start":{"line":23,"column":6},"end":{"line":23,"column":87}},"10":{"start":{"line":25,"column":4},"end":{"line":27,"column":5}},"11":{"start":{"line":26,"column":6},"end":{"line":26,"column":93}},"12":{"start":{"line":28,"column":4},"end":{"line":28,"column":31}},"13":{"start":{"line":35,"column":17},"end":{"line":35,"column":46}},"14":{"start":{"line":36,"column":4},"end":{"line":36,"column":64}},"15":{"start":{"line":41,"column":17},"end":{"line":41,"column":46}},"16":{"start":{"line":42,"column":4},"end":{"line":42,"column":71}},"17":{"start":{"line":47,"column":17},"end":{"line":47,"column":46}},"18":{"start":{"line":48,"column":4},"end":{"line":48,"column":82}},"19":{"start":{"line":55,"column":17},"end":{"line":55,"column":46}},"20":{"start":{"line":56,"column":4},"end":{"line":56,"column":61}},"21":{"start":{"line":61,"column":17},"end":{"line":61,"column":46}},"22":{"start":{"line":62,"column":4},"end":{"line":62,"column":76}},"23":{"start":{"line":69,"column":4},"end":{"line":69,"column":34}},"24":{"start":{"line":70,"column":4},"end":{"line":70,"column":72}},"25":{"start":{"line":75,"column":4},"end":{"line":75,"column":34}},"26":{"start":{"line":76,"column":4},"end":{"line":76,"column":76}},"27":{"start":{"line":18,"column":13},"end":{"line":18,"column":35}},"28":{"start":{"line":34,"column":2},"end":{"line":37,"column":null}},"29":{"start":{"line":40,"column":2},"end":{"line":43,"column":null}},"30":{"start":{"line":46,"column":2},"end":{"line":49,"column":null}},"31":{"start":{"line":54,"column":2},"end":{"line":57,"column":null}},"32":{"start":{"line":60,"column":2},"end":{"line":63,"column":null}},"33":{"start":{"line":68,"column":2},"end":{"line":71,"column":null}},"34":{"start":{"line":74,"column":2},"end":{"line":77,"column":null}},"35":{"start":{"line":18,"column":13},"end":{"line":78,"column":null}}},"fnMap":{"0":{"name":"(anonymous_4)","decl":{"start":{"line":19,"column":2},"end":{"line":19,"column":31}},"loc":{"start":{"line":19,"column":71},"end":{"line":19,"column":75}}},"1":{"name":"(anonymous_5)","decl":{"start":{"line":21,"column":10},"end":{"line":21,"column":24}},"loc":{"start":{"line":21,"column":34},"end":{"line":29,"column":3}}},"2":{"name":"(anonymous_6)","decl":{"start":{"line":34,"column":2},"end":{"line":34,"column":17}},"loc":{"start":{"line":34,"column":33},"end":{"line":37,"column":3}}},"3":{"name":"(anonymous_7)","decl":{"start":{"line":40,"column":2},"end":{"line":40,"column":20}},"loc":{"start":{"line":40,"column":61},"end":{"line":43,"column":3}}},"4":{"name":"(anonymous_8)","decl":{"start":{"line":46,"column":2},"end":{"line":46,"column":19}},"loc":{"start":{"line":46,"column":71},"end":{"line":49,"column":3}}},"5":{"name":"(anonymous_9)","decl":{"start":{"line":54,"column":2},"end":{"line":54,"column":14}},"loc":{"start":{"line":54,"column":30},"end":{"line":57,"column":3}}},"6":{"name":"(anonymous_10)","decl":{"start":{"line":60,"column":2},"end":{"line":60,"column":16}},"loc":{"start":{"line":60,"column":65},"end":{"line":63,"column":3}}},"7":{"name":"(anonymous_11)","decl":{"start":{"line":68,"column":2},"end":{"line":68,"column":18}},"loc":{"start":{"line":68,"column":34},"end":{"line":71,"column":3}}},"8":{"name":"(anonymous_12)","decl":{"start":{"line":74,"column":2},"end":{"line":74,"column":22}},"loc":{"start":{"line":74,"column":63},"end":{"line":77,"column":3}}}},"branchMap":{"0":{"loc":{"start":{"line":22,"column":4},"end":{"line":24,"column":5}},"type":"if","locations":[{"start":{"line":22,"column":4},"end":{"line":24,"column":5}},{"start":{},"end":{}}]},"1":{"loc":{"start":{"line":25,"column":4},"end":{"line":27,"column":5}},"type":"if","locations":[{"start":{"line":25,"column":4},"end":{"line":27,"column":5}},{"start":{},"end":{}}]},"2":{"loc":{"start":{"line":46,"column":34},"end":{"line":46,"column":57}},"type":"cond-expr","locations":[{"start":{"line":46,"column":54},"end":{"line":46,"column":57}},{"start":{"line":46,"column":54},"end":{"line":46,"column":57}}]},"3":{"loc":{"start":{"line":46,"column":34},"end":{"line":46,"column":54}},"type":"binary-expr","locations":[{"start":{"line":46,"column":34},"end":{"line":46,"column":57}},{"start":{"line":46,"column":34},"end":{"line":46,"column":54}}]},"4":{"loc":{"start":{"line":60,"column":31},"end":{"line":60,"column":51}},"type":"cond-expr","locations":[{"start":{"line":60,"column":48},"end":{"line":60,"column":51}},{"start":{"line":60,"column":48},"end":{"line":60,"column":51}}]},"5":{"loc":{"start":{"line":60,"column":31},"end":{"line":60,"column":48}},"type":"binary-expr","locations":[{"start":{"line":60,"column":31},"end":{"line":60,"column":51}},{"start":{"line":60,"column":31},"end":{"line":60,"column":48}}]},"6":{"loc":{"start":{"line":19,"column":52},"end":{"line":19,"column":74}},"type":"cond-expr","locations":[{"start":{"line":19,"column":71},"end":{"line":19,"column":74}},{"start":{"line":19,"column":71},"end":{"line":19,"column":74}}]},"7":{"loc":{"start":{"line":19,"column":52},"end":{"line":19,"column":71}},"type":"binary-expr","locations":[{"start":{"line":19,"column":52},"end":{"line":19,"column":74}},{"start":{"line":19,"column":52},"end":{"line":19,"column":71}}]}},"s":{"0":1,"1":1,"2":1,"3":1,"4":1,"5":1,"6":1,"7":8,"8":8,"9":3,"10":5,"11":1,"12":4,"13":3,"14":1,"15":0,"16":0,"17":2,"18":1,"19":2,"20":1,"21":0,"22":0,"23":1,"24":1,"25":0,"26":0,"27":1,"28":1,"29":1,"30":1,"31":1,"32":1,"33":1,"34":1,"35":1},"f":{"0":8,"1":8,"2":3,"3":0,"4":2,"5":2,"6":0,"7":1,"8":0},"b":{"0":[3,5],"1":[1,4],"2":[1,0],"3":[1,1],"4":[1,0],"5":[1,1],"6":[1,0],"7":[1,1]}}
,"C:\\Users\\Del_Koyday\\Desktop\\RCB\\10_backend_nestjs\\src\\client-portal\\client-portal.module.ts": {"path":"C:\\Users\\Del_Koyday\\Desktop\\RCB\\10_backend_nestjs\\src\\client-portal\\client-portal.module.ts","statementMap":{"0":{"start":{"line":1,"column":0},"end":{"line":1,"column":40}},"1":{"start":{"line":2,"column":0},"end":{"line":2,"column":62}},"2":{"start":{"line":3,"column":0},"end":{"line":3,"column":68}},"3":{"start":{"line":9,"column":7},"end":{"line":9,"column":null}},"4":{"start":{"line":9,"column":13},"end":{"line":9,"column":31}},"5":{"start":{"line":9,"column":13},"end":{"line":9,"column":null}}},"fnMap":{},"branchMap":{},"s":{"0":0,"1":0,"2":0,"3":0,"4":0,"5":0},"f":{},"b":{}}
,"C:\\Users\\Del_Koyday\\Desktop\\RCB\\10_backend_nestjs\\src\\client-portal\\client-portal.service.ts": {"path":"C:\\Users\\Del_Koyday\\Desktop\\RCB\\10_backend_nestjs\\src\\client-portal\\client-portal.service.ts","statementMap":{"0":{"start":{"line":1,"column":0},"end":{"line":1,"column":83}},"1":{"start":{"line":2,"column":0},"end":{"line":2,"column":57}},"2":{"start":{"line":3,"column":0},"end":{"line":3,"column":52}},"3":{"start":{"line":4,"column":0},"end":{"line":4,"column":68}},"4":{"start":{"line":5,"column":0},"end":{"line":5,"column":81}},"5":{"start":{"line":6,"column":0},"end":{"line":6,"column":70}},"6":{"start":{"line":10,"column":7},"end":{"line":243,"column":null}},"7":{"start":{"line":11,"column":31},"end":{"line":11,"column":39}},"8":{"start":{"line":15,"column":40},"end":{"line":26,"column":null}},"9":{"start":{"line":27,"column":4},"end":{"line":27,"column":null}},"10":{"start":{"line":31,"column":40},"end":{"line":42,"column":null}},"11":{"start":{"line":43,"column":4},"end":{"line":43,"column":null}},"12":{"start":{"line":47,"column":40},"end":{"line":53,"column":null}},"13":{"start":{"line":54,"column":4},"end":{"line":54,"column":null}},"14":{"start":{"line":60,"column":17},"end":{"line":67,"column":6}},"15":{"start":{"line":69,"column":19},"end":{"line":90,"column":7}},"16":{"start":{"line":69,"column":36},"end":{"line":90,"column":6}},"17":{"start":{"line":93,"column":4},"end":{"line":93,"column":92}},"18":{"start":{"line":97,"column":16},"end":{"line":103,"column":6}},"19":{"start":{"line":105,"column":4},"end":{"line":107,"column":5}},"20":{"start":{"line":106,"column":6},"end":{"line":106,"column":76}},"21":{"start":{"line":109,"column":19},"end":{"line":130,"column":6}},"22":{"start":{"line":132,"column":4},"end":{"line":132,"column":92}},"23":{"start":{"line":136,"column":18},"end":{"line":136,"column":83}},"24":{"start":{"line":138,"column":16},"end":{"line":150,"column":6}},"25":{"start":{"line":152,"column":4},"end":{"line":156,"column":6}},"26":{"start":{"line":162,"column":17},"end":{"line":166,"column":6}},"27":{"start":{"line":168,"column":19},"end":{"line":178,"column":7}},"28":{"start":{"line":168,"column":36},"end":{"line":178,"column":6}},"29":{"start":{"line":180,"column":4},"end":{"line":180,"column":89}},"30":{"start":{"line":184,"column":16},"end":{"line":184,"column":20}},"31":{"start":{"line":185,"column":4},"end":{"line":191,"column":5}},"32":{"start":{"line":186,"column":18},"end":{"line":186,"column":99}},"33":{"start":{"line":188,"column":6},"end":{"line":190,"column":7}},"34":{"start":{"line":189,"column":8},"end":{"line":189,"column":23}},"35":{"start":{"line":193,"column":16},"end":{"line":207,"column":6}},"36":{"start":{"line":209,"column":19},"end":{"line":216,"column":6}},"37":{"start":{"line":218,"column":4},"end":{"line":218,"column":89}},"38":{"start":{"line":224,"column":18},"end":{"line":227,"column":6}},"39":{"start":{"line":229,"column":4},"end":{"line":229,"column":92}},"40":{"start":{"line":233,"column":17},"end":{"line":233,"column":77}},"41":{"start":{"line":234,"column":4},"end":{"line":234,"column":112}},"42":{"start":{"line":234,"column":41},"end":{"line":234,"column":112}},"43":{"start":{"line":236,"column":4},"end":{"line":239,"column":7}},"44":{"start":{"line":241,"column":4},"end":{"line":241,"column":29}},"45":{"start":{"line":10,"column":13},"end":{"line":10,"column":32}},"46":{"start":{"line":10,"column":13},"end":{"line":243,"column":null}}},"fnMap":{"0":{"name":"(anonymous_2)","decl":{"start":{"line":11,"column":2},"end":{"line":11,"column":31}},"loc":{"start":{"line":11,"column":52},"end":{"line":11,"column":56}}},"1":{"name":"(anonymous_3)","decl":{"start":{"line":14,"column":10},"end":{"line":14,"column":31}},"loc":{"start":{"line":14,"column":54},"end":{"line":28,"column":3}}},"2":{"name":"(anonymous_4)","decl":{"start":{"line":30,"column":10},"end":{"line":30,"column":36}},"loc":{"start":{"line":30,"column":59},"end":{"line":44,"column":3}}},"3":{"name":"(anonymous_5)","decl":{"start":{"line":46,"column":10},"end":{"line":46,"column":27}},"loc":{"start":{"line":46,"column":52},"end":{"line":55,"column":3}}},"4":{"name":"(anonymous_6)","decl":{"start":{"line":59,"column":2},"end":{"line":59,"column":7}},"loc":{"start":{"line":59,"column":52},"end":{"line":94,"column":3}}},"5":{"name":"(anonymous_7)","decl":{"start":{"line":69,"column":28},"end":{"line":69,"column":31}},"loc":{"start":{"line":69,"column":36},"end":{"line":90,"column":6}}},"6":{"name":"(anonymous_8)","decl":{"start":{"line":96,"column":2},"end":{"line":96,"column":7}},"loc":{"start":{"line":96,"column":73},"end":{"line":133,"column":3}}},"7":{"name":"(anonymous_9)","decl":{"start":{"line":135,"column":2},"end":{"line":135,"column":7}},"loc":{"start":{"line":135,"column":94},"end":{"line":157,"column":3}}},"8":{"name":"(anonymous_10)","decl":{"start":{"line":161,"column":2},"end":{"line":161,"column":7}},"loc":{"start":{"line":161,"column":49},"end":{"line":181,"column":3}}},"9":{"name":"(anonymous_11)","decl":{"start":{"line":168,"column":28},"end":{"line":168,"column":31}},"loc":{"start":{"line":168,"column":36},"end":{"line":178,"column":6}}},"10":{"name":"(anonymous_12)","decl":{"start":{"line":183,"column":2},"end":{"line":183,"column":7}},"loc":{"start":{"line":183,"column":85},"end":{"line":219,"column":3}}},"11":{"name":"(anonymous_13)","decl":{"start":{"line":223,"column":2},"end":{"line":223,"column":7}},"loc":{"start":{"line":223,"column":45},"end":{"line":230,"column":3}}},"12":{"name":"(anonymous_14)","decl":{"start":{"line":232,"column":2},"end":{"line":232,"column":7}},"loc":{"start":{"line":232,"column":57},"end":{"line":242,"column":3}}}},"branchMap":{"0":{"loc":{"start":{"line":27,"column":11},"end":{"line":27,"column":48}},"type":"binary-expr","locations":[{"start":{"line":27,"column":11},"end":{"line":27,"column":30}},{"start":{"line":27,"column":34},"end":{"line":27,"column":48}}]},"1":{"loc":{"start":{"line":43,"column":11},"end":{"line":43,"column":48}},"type":"binary-expr","locations":[{"start":{"line":43,"column":11},"end":{"line":43,"column":30}},{"start":{"line":43,"column":34},"end":{"line":43,"column":48}}]},"2":{"loc":{"start":{"line":54,"column":11},"end":{"line":54,"column":50}},"type":"binary-expr","locations":[{"start":{"line":54,"column":11},"end":{"line":54,"column":32}},{"start":{"line":54,"column":36},"end":{"line":54,"column":50}}]},"3":{"loc":{"start":{"line":81,"column":16},"end":{"line":81,"column":118}},"type":"cond-expr","locations":[{"start":{"line":81,"column":59},"end":{"line":81,"column":
[...]
n":42}}]},"26":{"loc":{"start":{"line":338,"column":20},"end":{"line":338,"column":45}},"type":"binary-expr","locations":[{"start":{"line":338,"column":20},"end":{"line":338,"column":32}},{"start":{"line":338,"column":36},"end":{"line":338,"column":45}}]},"27":{"loc":{"start":{"line":339,"column":6},"end":{"line":339,"column":63}},"type":"if","locations":[{"start":{"line":339,"column":6},"end":{"line":339,"column":63}},{"start":{},"end":{}}]},"28":{"loc":{"start":{"line":340,"column":6},"end":{"line":340,"column":95}},"type":"if","locations":[{"start":{"line":340,"column":6},"end":{"line":340,"column":95}},{"start":{},"end":{}}]},"29":{"loc":{"start":{"line":357,"column":15},"end":{"line":359,"column":13}},"type":"cond-expr","locations":[{"start":{"line":358,"column":12},"end":{"line":358,"column":114}},{"start":{"line":359,"column":12},"end":{"line":359,"column":13}}]},"30":{"loc":{"start":{"line":358,"column":61},"end":{"line":358,"column":72}},"type":"binary-expr","locations":[{"start":{"line":358,"column":61},"end":{"line":358,"column":67}},{"start":{"line":358,"column":71},"end":{"line":358,"column":72}}]},"31":{"loc":{"start":{"line":366,"column":13},"end":{"line":366,"column":112}},"type":"cond-expr","locations":[{"start":{"line":366,"column":41},"end":{"line":366,"column":108}},{"start":{"line":366,"column":111},"end":{"line":366,"column":112}}]},"32":{"loc":{"start":{"line":376,"column":20},"end":{"line":376,"column":96}},"type":"cond-expr","locations":[{"start":{"line":376,"column":35},"end":{"line":376,"column":92}},{"start":{"line":376,"column":95},"end":{"line":376,"column":96}}]},"33":{"loc":{"start":{"line":43,"column":29},"end":{"line":43,"column":null}},"type":"cond-expr","locations":[{"start":{"line":43,"column":42},"end":{"line":43,"column":null}},{"start":{"line":43,"column":42},"end":{"line":43,"column":null}}]},"34":{"loc":{"start":{"line":43,"column":29},"end":{"line":43,"column":42}},"type":"binary-expr","locations":[{"start":{"line":43,"column":29},"end":{"line":43,"column":null}},{"start":{"line":43,"column":29},"end":{"line":43,"column":42}}]},"35":{"loc":{"start":{"line":43,"column":42},"end":{"line":44,"column":null}},"type":"cond-expr","locations":[{"start":{"line":44,"column":46},"end":{"line":44,"column":null}},{"start":{"line":44,"column":46},"end":{"line":44,"column":null}}]},"36":{"loc":{"start":{"line":43,"column":42},"end":{"line":44,"column":46}},"type":"binary-expr","locations":[{"start":{"line":43,"column":42},"end":{"line":44,"column":null}},{"start":{"line":44,"column":31},"end":{"line":44,"column":46}}]}},"s":{"0":1,"1":1,"2":1,"3":1,"4":14,"5":14,"6":14,"7":6,"8":6,"9":6,"10":6,"11":0,"12":6,"13":18,"14":6,"15":18,"16":18,"17":54,"18":54,"19":54,"20":54,"21":54,"22":54,"23":54,"24":54,"25":18,"26":54,"27":18,"28":54,"29":18,"30":54,"31":18,"32":54,"33":18,"34":54,"35":54,"36":54,"37":6,"38":6,"39":6,"40":6,"41":6,"42":18,"43":18,"44":18,"45":6,"46":18,"47":6,"48":18,"49":18,"50":6,"51":6,"52":6,"53":0,"54":7,"55":7,"56":1,"57":6,"58":6,"59":6,"60":6,"61":6,"62":6,"63":24,"64":24,"65":24,"66":24,"67":24,"68":24,"69":24,"70":24,"71":24,"72":24,"73":18,"74":24,"75":24,"76":24,"77":24,"78":24,"79":24,"80":12,"81":6,"82":24,"83":24,"84":6,"85":30,"86":24,"87":6,"88":6,"89":6,"90":24,"91":24,"92":24,"93":18,"94":24,"95":18,"96":24,"97":24,"98":6,"99":18,"100":18,"101":6,"102":6,"103":24,"104":18,"105":18,"106":12,"107":1,"108":1},"f":{"0":14,"1":6,"2":18,"3":18,"4":54,"5":54,"6":54,"7":54,"8":54,"9":54,"10":54,"11":54,"12":18,"13":18,"14":18,"15":18,"16":18,"17":0,"18":7,"19":24,"20":30,"21":24,"22":24,"23":18,"24":18,"25":12},"b":{"0":[6,6],"1":[0,6],"2":[18,18],"3":[54,0],"4":[18,36],"5":[54,36],"6":[36,0],"7":[36,0],"8":[18,0],"9":[6,12],"10":[18,18],"11":[18,0],"12":[18,18],"13":[18,0],"14":[6,0],"15":[1,6],"16":[24,0],"17":[24,0],"18":[24,0],"19":[24,0],"20":[18,6],"21":[12,12],"22":[24,0],"23":[24,0],"24":[24,0],"25":[24,0],"26":[24,0],"27":[18,6],"28":[18,6],"29":[6,0],"30":[24,0],"31":[18,0],"32":[18,0],"33":[1,0],"34":[1,1],"35":[1,0],"36":[1,1]}}
,"C:\\Users\\Del_Koyday\\Desktop\\RCB\\10_backend_nestjs\\src\\webhook\\webhook-dispatcher.service.ts": {"path":"C:\\Users\\Del_Koyday\\Desktop\\RCB\\10_backend_nestjs\\src\\webhook\\webhook-dispatcher.service.ts","statementMap":{"0":{"start":{"line":1,"column":0},"end":{"line":1,"column":52}},"1":{"start":{"line":2,"column":0},"end":{"line":2,"column":36}},"2":{"start":{"line":3,"column":0},"end":{"line":3,"column":57}},"3":{"start":{"line":6,"column":21},"end":{"line":6,"column":22}},"4":{"start":{"line":7,"column":19},"end":{"line":7,"column":37}},"5":{"start":{"line":10,"column":37},"end":{"line":105,"column":null}},"6":{"start":{"line":11,"column":28},"end":{"line":11,"column":69}},"7":{"start":{"line":13,"column":31},"end":{"line":13,"column":39}},"8":{"start":{"line":20,"column":4},"end":{"line":22,"column":6}},"9":{"start":{"line":21,"column":6},"end":{"line":21,"column":77}},"10":{"start":{"line":26,"column":26},"end":{"line":28,"column":6}},"11":{"start":{"line":30,"column":4},"end":{"line":30,"column":43}},"12":{"start":{"line":30,"column":36},"end":{"line":30,"column":43}},"13":{"start":{"line":32,"column":17},"end":{"line":32,"column":88}},"14":{"start":{"line":34,"column":4},"end":{"line":38,"column":6}},"15":{"start":{"line":36,"column":8},"end":{"line":36,"column":56}},"16":{"start":{"line":47,"column":40},"end":{"line":47,"column":44}},"17":{"start":{"line":48,"column":42},"end":{"line":48,"column":46}},"18":{"start":{"line":50,"column":4},"end":{"line":82,"column":5}},"19":{"start":{"line":50,"column":23},"end":{"line":50,"column":24}},"20":{"start":{"line":51,"column":6},"end":{"line":77,"column":7}},"21":{"start":{"line":52,"column":26},"end":{"line":52,"column":53}},"22":{"start":{"line":53,"column":20},"end":{"line":63,"column":10}},"23":{"start":{"line":65,"column":8},"end":{"line":65,"column":36}},"24":{"start":{"line":66,"column":8},"end":{"line":66,"column":62}},"25":{"start":{"line":66,"column":56},"end":{"line":66,"column":60}},"26":{"start":{"line":68,"column":8},"end":{"line":72,"column":9}},"27":{"start":{"line":69,"column":10},"end":{"line":69,"column":106}},"28":{"start":{"line":70,"column":10},"end":{"line":70,"column":114}},"29":{"start":{"line":71,"column":10},"end":{"line":71,"column":17}},"30":{"start":{"line":74,"column":8},"end":{"line":74,"column":114}},"31":{"start":{"line":76,"column":8},"end":{"line":76,"column":116}},"32":{"start":{"line":79,"column":6},"end":{"line":81,"column":7}},"33":{"start":{"line":80,"column":8},"end":{"line":80,"column":73}},"34":{"start":{"line":80,"column":33},"end":{"line":80,"column":71}},"35":{"start":{"line":84,"column":4},"end":{"line":84,"column":106}},"36":{"start":{"line":85,"column":4},"end":{"line":85,"column":97}},"37":{"start":{"line":89,"column":4},"end":{"line":89,"column":67}},"38":{"start":{"line":101,"column":4},"end":{"line":103,"column":100}},"39":{"start":{"line":103,"column":29},"end":{"line":103,"column":98}},"40":{"start":{"line":10,"column":13},"end":{"line":10,"column":37}},"41":{"start":{"line":10,"column":13},"end":{"line":105,"column":null}}},"fnMap":{"0":{"name":"(anonymous_2)","decl":{"start":{"line":13,"column":2},"end":{"line":13,"column":31}},"loc":{"start":{"line":13,"column":52},"end":{"line":13,"column":56}}},"1":{"name":"(anonymous_3)","decl":{"start":{"line":19,"column":2},"end":{"line":19,"column":10}},"loc":{"start":{"line":19,"column":64},"end":{"line":23,"column":3}}},"2":{"name":"(anonymous_4)","decl":{"start":{"line":20,"column":45},"end":{"line":20,"column":46}},"loc":{"start":{"line":21,"column":6},"end":{"line":21,"column":77}}},"3":{"name":"(anonymous_5)","decl":{"start":{"line":25,"column":10},"end":{"line":25,"column":15}},"loc":{"start":{"line":25,"column":83},"end":{"line":39,"column":3}}},"4":{"name":"(anonymous_6)","decl":{"start":{"line":35,"column":24},"end":{"line":35,"column":25}},"loc":{"start":{"line":36,"column":8},"end":{"line":36,"column":56}}},"5":{"name":"(anonymous_7)","decl":{"start":{"line":41,"column":10},"end":{"line":41,"column":15}},"loc":{"start":{"line":45,"column":36},"end":{"line":86,"column":3}}},"6":{"name":"(anonymous_8)","decl":{"start":{"line":66,"column":50},"end":{"line":66,"column":53}},"loc":{"start":{"line":66,"column":56},"end":{"line":66,"column":60}}},"7":{"name":"(anonymous_9)","decl":{"start":{"line":80,"column":26},"end":{"line":80,"column":27}},"loc":{"start":{"line":80,"column":33},"end":{"line":80,"column":71}}},"8":{"name":"(anonymous_10)","decl":{"start":{"line":88,"column":10},"end":{"line":88,"column":14}},"loc":{"start":{"line":88,"column":43},"end":{"line":90,"column":3}}},"9":{"name":"(anonymous_11)","decl":{"start":{"line":92,"column":10},"end":{"line":92,"column":15}},"loc":{"start":{"line":99,"column":31},"end":{"line":104,"column":3}}},"10":{"name":"(anonymous_12)","decl":{"start":{"line":103,"column":13},"end":{"line":103,"column":14}},"loc":{"start":{"line":103,"column":29},"end":{"line":103,"column":98}}}},"branchMap":{"0":{"loc":{"start":{"line":30,"column":4},"end":{"line":30,"column":43}},"type":"if","locations":[{"start":{"line":30,"column":4},"end":{"line":30,"column":43}},{"start":{},"end":{}}]},"1":{"loc":{"start":{"line":68,"column":8},"end":{"line":72,"column":9}},"type":"if","locations":[{"start":{"line":68,"column":8},"end":{"line":72,"column":9}},{"start":{},"end":{}}]},"2":{"loc":{"start":{"line":79,"column":6},"end":{"line":81,"column":7}},"type":"if","locations":[{"start":{"line":79,"column":6},"end":{"line":81,"column":7}},{"start":{},"end":{}}]},"3":{"loc":{"start":{"line":13,"column":39},"end":{"line":13,"column":55}},"type":"cond-expr","locations":[{"start":{"line":13,"column":52},"end":{"line":13,"column":55}},{"start":{"line":13,"column":52},"end":{"line":13,"column":55}}]},"4":{"loc":{"start":{"line":13,"column":39},"end":{"line":13,"column":52}},"type":"binary-expr","locations":[{"start":{"line":13,"column":39},"end":{"line":13,"column":55}},{"start":{"line":13,"column":39},"end":{"line":13,"column":52}}]}},"s":{"0":1,"1":1,"2":1,"3":1,"4":1,"5":1,"6":0,"7":0,"8":0,"9":0,"10":0,"11":0,"12":0,"13":0,"14":0,"15":0,"16":0,"17":0,"18":0,"19":0,"20":0,"21":0,"22":0,"23":0,"24":0,"25":0,"26":0,"27":0,"28":0,"29":0,"30":0,"31":0,"32":0,"33":0,"34":0,"35":0,"36":0,"37":0,"38":0,"39":0,"40":1,"41":1},"f":{"0":0,"1":0,"2":0,"3":0,"4":0,"5":0,"6":0,"7":0,"8":0,"9":0,"10":0},"b":{"0":[0,0],"1":[0,0],"2":[0,0],"3":[1,0],"4":[1,1]}}
,"C:\\Users\\Del_Koyday\\Desktop\\RCB\\10_backend_nestjs\\src\\webhook\\webhook.controller.ts": {"path":"C:\\Users\\Del_Koyday\\Desktop\\RCB\\10_backend_nestjs\\src\\webhook\\webhook.controller.ts","statementMap":{"0":{"start":{"line":1,"column":0},"end":{"line":1,"column":94}},"1":{"start":{"line":2,"column":0},"end":{"line":2,"column":45}},"2":{"start":{"line":3,"column":0},"end":{"line":3,"column":49}},"3":{"start":{"line":4,"column":0},"end":{"line":4,"column":48}},"4":{"start":{"line":5,"column":0},"end":{"line":5,"column":38}},"5":{"start":{"line":6,"column":0},"end":{"line":6,"column":51}},"6":{"start":{"line":7,"column":0},"end":{"line":7,"column":71}},"7":{"start":{"line":12,"column":7},"end":{"line":39,"column":null}},"8":{"start":{"line":13,"column":31},"end":{"line":13,"column":47}},"9":{"start":{"line":17,"column":4},"end":{"line":17,"column":43}},"10":{"start":{"line":22,"column":4},"end":{"line":22,"column":41}},"11":{"start":{"line":27,"column":4},"end":{"line":27,"column":43}},"12":{"start":{"line":32,"column":4},"end":{"line":32,"column":47}},"13":{"start":{"line":37,"column":4},"end":{"line":37,"column":42}},"14":{"start":{"line":12,"column":13},"end":{"line":12,"column":30}},"15":{"start":{"line":16,"column":2},"end":{"line":18,"column":null}},"16":{"start":{"line":21,"column":2},"end":{"line":23,"column":null}},"17":{"start":{"line":26,"column":2},"end":{"line":28,"column":null}},"18":{"start":{"line":31,"column":2},"end":{"line":33,"column":null}},"19":{"start":{"line":36,"column":2},"end":{"line":38,"column":null}},"20":{"start":{"line":12,"column":13},"end":{"line":39,"column":null}}},"fnMap":{"0":{"name":"(anonymous_4)","decl":{"start":{"line":13,"column":2},"end":{"line":13,"column":31}},"loc":{"start":{"line":13,"column":61},"end":{"line":13,"column":65}}},"1":{"name":"(anonymous_5)","decl":{"start":{"line":16,"column":2},"end":{"line":16,"column":8}},"loc":{"start":{"line":16,"column":38},"end":{"line":18,"column":3}}},"2":{"name":"(anonymous_6)","decl":{"start":{"line":21,"column":2},"end":{"line":21,"column":9}},"loc":{"start":{"line":21,"column":9},"end":{"line":23,"column":3}}},"3":{"name":"(anonymous_7)","decl":{"start":{"line":26,"column":2},"end":{"line":26,"column":9}},"loc":{"start":{"line":26,"column":33},"end":{"line":28,"column":3}}},"4":{"name":"(anonymous_8)","decl":{"start":{"line":31,"column":2},"end":{"line":31,"column":8}},"loc":{"start":{"line":31,"column":63},"end":{"line":33,"column":3}}},"5":{"name":"(anonymous_9)","decl":{"start":{"line":36,"column":2},"end":{"line":36,"column":8}},"loc":{"start":{"line":36,"column":32},"end":{"line":38,"column":3}}}},"branchMap":{"0":{"loc":{"start":{"line":16,"column":22},"end":{"line":16,"column":null}},"type":"cond-expr","locations":[{"start":{"line":16,"column":38},"end":{"line":16,"column":null}},{"start":{"line":16,"column":38},"end":{"line":16,"column":null}}]},"1":{"loc":{"start":{"line":16,"column":22},"end":{"line":16,"column":38}},"type":"binary-expr","locations":[{"start":{"line":16,"column":22},"end":{"line":16,"column":null}},{"start":{"line":16,"column":22},"end":{"line":16,"column":38}}]},"2":{"loc":{"start":{"line":31,"column":47},"end":{"line":31,"column":null}},"type":"cond-expr","locations":[{"start":{"line":31,"column":63},"end":{"line":31,"column":null}},{"start":{"line":31,"column":63},"end":{"line":31,"column":null}}]},"3":{"loc":{"start":{"line":31,"column":47},"end":{"line":31,"column":63}},"type":"binary-expr","locations":[{"start":{"line":31,"column":47},"end":{"line":31,"column":null}},{"start":{"line":31,"column":47},"end":{"line":31,"column":63}}]},"4":{"loc":{"start":{"line":13,"column":47},"end":{"line":13,"column":64}},"type":"cond-expr","locations":[{"start":{"line":13,"column":61},"end":{"line":13,"column":64}},{"start":{"line":13,"column":61},"end":{"line":13,"column":64}}]},"5":{"loc":{"start":{"line":13,"column":47},"end":{"line":13,"column":61}},"type":"binary-expr","locations":[{"start":{"line":13,"column":47},"end":{"line":13,"column":64}},{"start":{"line":13,"column":47},"end":{"line":13,"column":61}}]}},"s":{"0":0,"1":0,"2":0,"3":0,"4":0,"5":0,"6":0,"7":0,"8":0,"9":0,"10":0,"11":0,"12":0,"13":0,"14":0,"15":0,"16":0,"17":0,"18":0,"19":0,"20":0},"f":{"0":0,"1":0,"2":0,"3":0,"4":0,"5":0},"b":{"0":[0,0],"1":[0,0],"2":[0,0],"3":[0,0],"4":[0,0],"5":[0,0]}}
,"C:\\Users\\Del_Koyday\\Desktop\\RCB\\10_backend_nestjs\\src\\webhook\\webhook.module.ts": {"path":"C:\\Users\\Del_Koyday\\Desktop\\RCB\\10_backend_nestjs\\src\\webhook\\webhook.module.ts","statementMap":{"0":{"start":{"line":1,"column":0},"end":{"line":1,"column":40}},"1":{"start":{"line":2,"column":0},"end":{"line":2,"column":57}},"2":{"start":{"line":3,"column":0},"end":{"line":3,"column":51}},"3":{"start":{"line":4,"column":0},"end":{"line":4,"column":72}},"4":{"start":{"line":11,"column":7},"end":{"line":11,"column":null}},"5":{"start":{"line":11,"column":13},"end":{"line":11,"column":26}},"6":{"start":{"line":11,"column":13},"end":{"line":11,"column":null}}},"fnMap":{},"branchMap":{},"s":{"0":0,"1":0,"2":0,"3":0,"4":0,"5":0,"6":0},"f":{},"b":{}}
,"C:\\Users\\Del_Koyday\\Desktop\\RCB\\10_backend_nestjs\\src\\webhook\\webhook.service.ts": {"path":"C:\\Users\\Del_Koyday\\Desktop\\RCB\\10_backend_nestjs\\src\\webhook\\webhook.service.ts","statementMap":{"0":{"start":{"line":1,"column":0},"end":{"line":1,"column":63}},"1":{"start":{"line":2,"column":0},"end":{"line":2,"column":57}},"2":{"start":{"line":6,"column":7},"end":{"line":54,"column":null}},"3":{"start":{"line":7,"column":31},"end":{"line":7,"column":39}},"4":{"start":{"line":10,"column":4},"end":{"line":18,"column":7}},"5":{"start":{"line":22,"column":4},"end":{"line":25,"column":7}},"6":{"start":{"line":29,"column":16},"end":{"line":35,"column":6}},"7":{"start":{"line":36,"column":4},"end":{"line":36,"column":82}},"8":{"start":{"line":36,"column":14},"end":{"line":36,"column":82}},"9":{"start":{"line":37,"column":4},"end":{"line":37,"column":15}},"10":{"start":{"line":41,"column":4},"end":{"line":41,"column":27}},"11":{"start":{"line":42,"column":4},"end":{"line":46,"column":7}},"12":{"start":{"line":50,"column":4},"end":{"line":50,"column":27}},"13":{"start":{"line":51,"column":4},"end":{"line":51,"column":68}},"14":{"start":{"line":52,"column":4},"end":{"line":52,"column":29}},"15":{"start":{"line":6,"column":13},"end":{"line":6,"column":27}},"16":{"start":{"line":6,"column":13},"end":{"line":54,"column":null}}},"fnMap":{"0":{"name":"(anonymous_2)","decl":{"start":{"line":7,"column":2},"end":{"line":7,"column":31}},"loc":{"start":{"line":7,"column":52},"end":{"line":7,"column":56}}},"1":{"name":"(anonymous_3)","decl":{"start":{"line":9,"column":2},"end":{"line":9,"column":7}},"loc":{"start":{"line":9,"column":36},"end":{"line":19,"column":3}}},"2":{"name":"(anonymous_4)","decl":{"start":{"line":21,"column":2},"end":{"line":21,"column":7}},"loc":{"start":{"line":21,"column":15},"end":{"line":26,"column":3}}},"3":{"name":"(anonymous_5)","decl":{"start":{"line":28,"column":2},"end":{"line":28,"column":7}},"loc":{"start":{"line":28,"column":26},"end":{"line":38,"column":3}}},"4":{"name":"(anonymous_6)","decl":{"start":{"line":40,"column":2},"end":{"line":40,"column":7}},"loc":{"start":{"line":40,"column":48},"end":{"line":47,"column":3}}},"5":{"name":"(anonymous_7)","decl":{"start":{"line":49,"column":2},"end":{"line":49,"column":7}},"loc":{"start":{"line":49,"column":25},"end":{"line":53,"column":3}}}},"branchMap":{"0":{"loc":{"start":{"line":36,"column":4},"end":{"line":36,"column":82}},"type":"if","locations":[{"start":{"line":36,"column":4},"end":{"line":36,"column":82}},{"start":{},"end":{}}]},"1":{"loc":{"start":{"line":7,"column":39},"end":{"line":7,"column":55}},"type":"cond-expr","locations":[{"start":{"line":7,"column":52},"end":{"line":7,"column":55}},{"start":{"line":7,"column":52},"end":{"line":7,"column":55}}]},"2":{"loc":{"start":{"line":7,"column":39},"end":{"line":7,"column":52}},"type":"binary-expr","locations":[{"start":{"line":7,"column":39},"end":{"line":7,"column":55}},{"start":{"line":7,"column":39},"end":{"line":7,"column":52}}]}},"s":{"0":0,"1":0,"2":0,"3":0,"4":0,"5":0,"6":0,"7":0,"8":0,"9":0,"10":0,"11":0,"12":0,"13":0,"14":0,"15":0,"16":0},"f":{"0":0,"1":0,"2":0,"3":0,"4":0,"5":0},"b":{"0":[0,0],"1":[0,0],"2":[0,0]}}
,"C:\\Users\\Del_Koyday\\Desktop\\RCB\\10_backend_nestjs\\src\\webhook\\dto\\webhook.dto.ts": {"path":"C:\\Users\\Del_Koyday\\Desktop\\RCB\\10_backend_nestjs\\src\\webhook\\dto\\webhook.dto.ts","statementMap":{"0":{"start":{"line":1,"column":0},"end":{"line":1,"column":97}},"1":{"start":{"line":3,"column":13},"end":{"line":7,"column":11}},"2":{"start":{"line":11,"column":0},"end":{"line":11,"column":13}},"3":{"start":{"line":13,"column":2},"end":{"line":13,"column":null}},"4":{"start":{"line":16,"column":2},"end":{"line":16,"column":null}},"5":{"start":{"line":21,"column":2},"end":{"line":21,"column":null}},"6":{"start":{"line":25,"column":2},"end":{"line":25,"column":null}},"7":{"start":{"line":28,"column":0},"end":{"line":28,"column":13}},"8":{"start":{"line":31,"column":2},"end":{"line":31,"column":null}},"9":{"start":{"line":36,"column":2},"end":{"line":36,"column":null}},"10":{"start":{"line":40,"column":2},"end":{"line":40,"column":null}},"11":{"start":{"line":44,"column":2},"end":{"line":44,"column":null}}},"fnMap":{},"branchMap":{},"s":{"0":0,"1":0,"2":0,"3":0,"4":0,"5":0,"6":0,"7":0,"8":0,"9":0,"10":0,"11":0},"f":{},"b":{}}
}
