TN:
SF:src\app.controller.ts
FN:13,(anonymous_4)
FN:28,(anonymous_5)
FN:44,(anonymous_6)
FN:87,(anonymous_7)
FNF:4
FNH:2
FNDA:1,(anonymous_4)
FNDA:1,(anonymous_5)
FNDA:0,(anonymous_6)
FNDA:0,(anonymous_7)
DA:1,1
DA:2,1
DA:3,1
DA:4,1
DA:5,1
DA:9,1
DA:14,1
DA:15,1
DA:16,1
DA:18,1
DA:19,1
DA:28,1
DA:29,1
DA:44,1
DA:45,0
DA:46,0
DA:49,0
DA:50,0
DA:51,0
DA:53,0
DA:54,0
DA:57,0
DA:61,0
DA:62,0
DA:66,0
DA:69,0
DA:72,0
DA:87,1
DA:88,0
DA:89,0
DA:90,0
DA:96,0
LF:32
LH:15
BRDA:18,0,0,1
BRDA:18,0,1,1
BRDA:54,1,0,0
BRDA:54,1,1,0
BRDA:66,2,0,0
BRDA:66,2,1,0
BRDA:73,3,0,0
BRDA:73,3,1,0
BRDA:99,4,0,0
BRDA:99,4,1,0
BRDA:14,5,0,1
BRDA:14,5,1,0
BRDA:14,6,0,1
BRDA:14,6,1,1
BRDA:14,7,0,1
BRDA:14,7,1,0
BRDA:14,8,0,1
BRDA:14,8,1,1
BRDA:15,9,0,1
BRDA:15,9,1,0
BRDA:15,10,0,1
BRDA:15,10,1,1
BRF:22
BRH:11
end_of_record
TN:
SF:src\app.module.ts
FN:90,(anonymous_2)
FN:61,(anonymous_3)
FNF:2
FNH:0
FNDA:0,(anonymous_2)
FNDA:0,(anonymous_3)
DA:1,0
DA:2,0
DA:3,0
DA:4,0
DA:5,0
DA:6,0
DA:7,0
DA:8,0
DA:9,0
DA:10,0
DA:11,0
DA:12,0
DA:13,0
DA:14,0
DA:15,0
DA:16,0
DA:17,0
DA:18,0
DA:19,0
DA:20,0
DA:21,0
DA:22,0
DA:23,0
DA:24,0
DA:25,0
DA:27,0
DA:28,0
DA:29,0
DA:30,0
DA:61,0
DA:89,0
DA:91,0
LF:32
LH:0
BRDA:65,0,0,0
BRDA:65,0,1,0
BRDA:70,1,0,0
BRDA:70,1,1,0
BRDA:75,2,0,0
BRDA:75,2,1,0
BRF:6
BRH:0
end_of_record
TN:
SF:src\app.service.ts
FN:5,(anonymous_1)
FNF:1
FNH:0
FNDA:0,(anonymous_1)
DA:1,1
DA:4,1
DA:6,0
LF:3
LH:2
BRF:0
BRH:0
end_of_record
TN:
SF:src\admin\admin.controller.ts
FN:12,(anonymous_4)
FN:15,(anonymous_5)
FN:20,(anonymous_6)
FNF:3
FNH:0
FNDA:0,(anonymous_4)
FNDA:0,(anonymous_5)
FNDA:0,(anonymous_6)
DA:1,0
DA:2,0
DA:3,0
DA:4,0
DA:5,0
DA:6,0
DA:11,0
DA:12,0
DA:15,0
DA:16,0
DA:20,0
DA:21,0
LF:12
LH:0
BRDA:12,0,0,0
BRDA:12,0,1,0
BRDA:12,1,0,0
BRDA:12,1,1,0
BRF:4
BRH:0
end_of_record
TN:
SF:src\admin\admin.module.ts
FNF:0
FNH:0
DA:1,0
DA:2,0
DA:3,0
DA:9,0
LF:4
LH:0
BRF:0
BRH:0
end_of_record
TN:
SF:src\admin\admin.service.ts
FN:20,(anonymous_2)
FN:26,(anonymous_3)
FN:40,(anonymous_4)
FN:51,(anonymous_5)
FN:61,(anonymous_6)
FN:71,(anonymous_7)
FN:72,(anonymous_8)
FN:87,(anonymous_9)
FN:95,(anonymous_10)
FN:97,(anonymous_11)
FNF:10
FNH:0
FNDA:0,(anonymous_2)
FNDA:0,(anonymous_3)
FNDA:0,(anonymous_4)
FNDA:0,(anonymous_5)
FNDA:0,(anonymous_6)
FNDA:0,(anonymous_7)
FNDA:0,(anonymous_8)
FNDA:0,(anonymous_9)
FNDA:0,(anonymous_10)
FNDA:0,(anonymous_11)
DA:1,0
DA:2,0
DA:5,0
DA:17,0
DA:18,0
DA:20,0
DA:27,0
DA:32,0
DA:33,0
DA:34,0
DA:35,0
DA:39,0
DA:41,0
DA:42,0
DA:52,0
DA:56,0
DA:57,0
DA:58,0
DA:61,0
DA:72,0
DA:73,0
DA:79,0
DA:80,0
DA:82,0
DA:88,0
DA:89,0
DA:90,0
DA:91,0
DA:92,0
DA:96,0
DA:98,0
LF:31
LH:0
BRDA:32,0,0,0
BRDA:32,0,1,0
BRDA:56,1,0,0
BRDA:56,1,1,0
BRDA:88,2,0,0
BRDA:88,2,1,0
BRDA:89,3,0,0
BRDA:89,3,1,0
BRDA:91,4,0,0
BRDA:91,4,1,0
BRDA:91,5,0,0
BRDA:91,5,1,0
BRDA:20,6,0,0
BRDA:20,6,1,0
BRDA:20,7,0,0
BRDA:20,7,1,0
BRF:16
BRH:0
end_of_record
TN:
SF:src\audit\audit.controller.ts
FN:12,(anonymous_4)
FN:15,(anonymous_5)
FNF:2
FNH:0
FNDA:0,(anonymous_4)
FNDA:0,(anonymous_5)
DA:1,0
DA:2,0
DA:3,0
DA:4,0
DA:5,0
DA:6,0
DA:11,0
DA:12,0
DA:15,0
DA:19,0
LF:10
LH:0
BRDA:12,0,0,0
BRDA:12,0,1,0
BRDA:12,1,0,0
BRDA:12,1,1,0
BRF:4
BRH:0
end_of_record
TN:
SF:src\audit\audit.module.ts
FNF:0
FNH:0
DA:1,0
DA:2,0
DA:3,0
DA:10,0
LF:4
LH:0
BRF:0
BRH:0
end_of_record
TN:
SF:src\audit\audit.service.ts
FN:8,(anonymous_2)
FN:10,(anonymous_3)
FN:40,(anonymous_4)
FNF:3
FNH:0
FNDA:0,(anonymous_2)
FNDA:0,(anonymous_3)
FNDA:0,(anonymous_4)
DA:1,7
DA:2,7
DA:5,7
DA:6,0
DA:8,0
DA:25,0
DA:36,0
DA:37,0
DA:41,0
LF:9
LH:3
BRDA:30,0,0,0
BRDA:30,0,1,0
BRDA:31,1,0,0
BRDA:31,1,1,0
BRDA:32,2,0,0
BRDA:32,2,1,0
BRDA:36,3,0,0
BRDA:36,3,1,0
BRDA:43,4,0,0
BRDA:43,4,1,0
BRDA:44,5,0,0
BRDA:44,5,1,0
BRDA:8,6,0,7
BRDA:8,6,1,0
BRDA:8,7,0,7
BRDA:8,7,1,7
BRF:16
BRH:3
end_of_record
TN:
SF:src\auth\auth.controller.ts
FN:13,(anonymous_4)
FN:20,(anonymous_5)
FN:29,(anonymous_6)
FN:35,(anonymous_7)
FN:55,(anonymous_8)
FN:68,(anonymous_9)
FN:86,(anonymous_10)
FN:100,(anonymous_11)
FN:111,(anonymous_12)
FN:122,(anonymous_13)
FNF:10
FNH:0
FNDA:0,(anonymous_4)
FNDA:0,(anonymous_5)
FNDA:0,(anonymous_6)
FNDA:0,(anonymous_7)
FNDA:0,(anonymous_8)
FNDA:0,(anonymous_9)
FNDA:0,(anonymous_10)
FNDA:0,(anonymous_11)
FNDA:0,(anonymous_12)
FNDA:0,(anonymous_13)
DA:1,0
DA:3,0
DA:4,0
DA:5,0
DA:6,0
DA:7,0
DA:8,0
DA:9,0
DA:12,0
DA:14,0
DA:15,0
DA:20,0
DA:24,0
DA:29,0
DA:35,0
DA:36,0
DA:37,0
DA:38,0
DA:42,0
DA:50,0
DA:55,0
DA:56,0
DA:68,0
DA:69,0
DA:70,0
DA:71,0
DA:72,0
DA:74,0
DA:86,0
DA:87,0
DA:88,0
DA:90,0
DA:100,0
DA:101,0
DA:111,0
DA:112,0
DA:122,0
DA:123,0
LF:38
LH:0
BRDA:69,0,0,0
BRDA:69,0,1,0
BRDA:71,1,0,0
BRDA:71,1,1,0
BRDA:87,2,0,0
BRDA:87,2,1,0
BRDA:14,3,0,0
BRDA:14,3,1,0
BRDA:14,4,0,0
BRDA:14,4,1,0
BRDA:14,5,0,0
BRDA:14,5,1,0
BRDA:14,6,0,0
BRDA:14,6,1,0
BRF:14
BRH:0
end_of_record
TN:
SF:src\auth\auth.module.ts
FN:31,(anonymous_2)
FN:18,(anonymous_3)
FNF:2
FNH:0
FNDA:0,(anonymous_2)
FNDA:0,(anonymous_3)
DA:1,0
DA:2,0
DA:3,0
DA:4,0
DA:5,0
DA:6,0
DA:7,0
DA:8,0
DA:9,0
DA:10,0
DA:18,0
DA:30,0
DA:32,0
LF:13
LH:0
BRDA:35,0,0,0
BRDA:35,0,1,0
BRF:2
BRH:0
end_of_record
TN:
SF:src\auth\auth.service.ts
FN:26,(anonymous_11)
FN:33,(anonymous_12)
FN:154,(anonymous_13)
FN:193,(anonymous_14)
FN:199,(anonymous_15)
FN:255,(anonymous_16)
FN:270,(anonymous_17)
FN:278,(anonymous_18)
FN:299,(anonymous_19)
FN:326,(anonymous_20)
FN:349,(anonymous_21)
FN:356,(anonymous_22)
FNF:12
FNH:7
FNDA:13,(anonymous_11)
FNDA:7,(anonymous_12)
FNDA:0,(anonymous_13)
FNDA:0,(anonymous_14)
FNDA:0,(anonymous_15)
FNDA:0,(anonymous_16)
FNDA:1,(anonymous_17)
FNDA:2,(anonymous_18)
FNDA:4,(anonymous_19)
FNDA:2,(anonymous_20)
FNDA:2,(anonymous_21)
FNDA:0,(anonymous_22)
DA:1,1
DA:2,1
DA:3,1
DA:4,1
DA:5,1
DA:6,1
DA:7,1
DA:8,1
DA:13,1
DA:16,1
DA:19,1
DA:20,1
DA:23,1
DA:24,13
DA:27,13
DA:28,13
DA:29,13
DA:30,13
DA:34,7
DA:35,2
DA:38,5
DA:39,5
DA:40,5
DA:41,0
DA:44,5
DA:49,5
DA:51,1
DA:52,1
DA:56,4
DA:57,0
DA:58,0
DA:62,4
DA:63,2
DA:67,2
DA:68,2
DA:69,2
DA:70,2
DA:71,1
DA:72,1
DA:76,1
DA:77,1
DA:87,1
DA:95,1
DA:102,2
DA:103,0
DA:105,2
DA:106,2
DA:107,1
DA:108,1
DA:113,2
DA:115,2
DA:123,2
DA:126,2
DA:130,2
DA:131,2
DA:136,2
DA:140,2
DA:156,0
DA:157,0
DA:161,0
DA:164,0
DA:169,0
DA:170,0
DA:173,0
DA:174,0
DA:176,0
DA:177,0
DA:181,0
DA:182,0
DA:183,0
DA:187,0
DA:188,0
DA:190,0
DA:194,0
DA:200,0
DA:201,0
DA:202,0
DA:205,0
DA:208,0
DA:209,0
DA:210,0
DA:211,0
DA:212,0
DA:213,0
DA:216,0
DA:218,0
DA:219,0
DA:221,0
DA:223,0
DA:224,0
DA:227,0
DA:236,0
DA:244,0
DA:245,0
DA:252,0
DA:256,0
DA:263,0
DA:271,1
DA:279,2
DA:284,2
DA:300,4
DA:301,4
DA:302,4
DA:304,3
DA:305,3
DA:306,2
DA:317,2
DA:318,1
DA:320,1
DA:327,2
DA:333,2
DA:334,0
DA:335,0
DA:339,0
DA:345,0
DA:350,2
DA:357,0
DA:361,0
DA:367,0
LF:119
LH:68
BRDA:34,0,0,2
BRDA:34,0,1,5
BRDA:34,1,0,7
BRDA:34,1,1,6
BRDA:38,2,0,5
BRDA:38,2,1,0
BRDA:40,3,0,0
BRDA:40,3,1,5
BRDA:49,4,0,1
BRDA:49,4,1,4
BRDA:56,5,0,0
BRDA:56,5,1,4
BRDA:56,6,0,4
BRDA:56,6,1,0
BRDA:62,7,0,2
BRDA:62,7,1,2
BRDA:62,8,0,4
BRDA:62,8,1,4
BRDA:62,8,2,4
BRDA:70,9,0,1
BRDA:70,9,1,1
BRDA:70,10,0,2
BRDA:70,10,1,2
BRDA:102,11,0,0
BRDA:102,11,1,2
BRDA:106,12,0,1
BRDA:106,12,1,1
BRDA:120,13,0,2
BRDA:120,13,1,2
BRDA:128,14,0,2
BRDA:128,14,1,2
BRDA:148,15,0,2
BRDA:148,15,1,2
BRDA:149,16,0,2
BRDA:149,16,1,2
BRDA:169,17,0,0
BRDA:169,17,1,0
BRDA:174,18,0,0
BRDA:174,18,1,0
BRDA:181,19,0,0
BRDA:181,19,1,0
BRDA:185,20,0,0
BRDA:185,20,1,0
BRDA:200,21,0,0
BRDA:200,21,1,0
BRDA:200,22,0,0
BRDA:200,22,1,0
BRDA:201,23,0,0
BRDA:201,23,1,0
BRDA:205,24,0,0
BRDA:205,24,1,0
BRDA:205,24,2,0
BRDA:209,25,0,0
BRDA:209,25,1,0
BRDA:210,26,0,0
BRDA:210,26,1,0
BRDA:212,27,0,0
BRDA:212,27,1,0
BRDA:218,28,0,0
BRDA:218,28,1,0
BRDA:221,29,0,0
BRDA:221,29,1,0
BRDA:223,30,0,0
BRDA:223,30,1,0
BRDA:244,31,0,0
BRDA:244,31,1,0
BRDA:261,32,0,0
BRDA:261,32,1,0
BRDA:302,33,0,1
BRDA:302,33,1,3
BRDA:317,34,0,1
BRDA:317,34,1,1
BRDA:333,35,0,0
BRDA:333,35,1,2
BRDA:27,36,0,1
BRDA:27,36,1,0
BRDA:27,37,0,1
BRDA:27,37,1,1
BRDA:27,38,0,1
BRDA:27,38,1,0
BRDA:27,39,0,1
BRDA:27,39,1,1
BRDA:28,40,0,1
BRDA:28,40,1,0
BRDA:28,41,0,1
BRDA:28,41,1,1
BRDA:29,42,0,1
BRDA:29,42,1,0
BRDA:29,43,0,1
BRDA:29,43,1,1
BRF:90
BRH:47
end_of_record
TN:
SF:src\auth\jwt.strategy.ts
FN:9,(anonymous_2)
FN:20,(anonymous_3)
FNF:2
FNH:0
FNDA:0,(anonymous_2)
FNDA:0,(anonymous_3)
DA:1,0
DA:2,0
DA:3,0
DA:4,0
DA:5,0
DA:8,0
DA:10,0
DA:13,0
DA:21,0
DA:33,0
DA:34,0
DA:37,0
LF:12
LH:0
BRDA:33,0,0,0
BRDA:33,0,1,0
BRDA:10,1,0,0
BRDA:10,1,1,0
BRDA:10,2,0,0
BRDA:10,2,1,0
BRDA:10,3,0,0
BRDA:10,3,1,0
BRDA:10,4,0,0
BRDA:10,4,1,0
BRF:10
BRH:0
end_of_record
TN:
SF:src\auth\oidc.strategy.ts
FN:9,(anonymous_2)
FN:25,(anonymous_3)
FNF:2
FNH:0
FNDA:0,(anonymous_2)
FNDA:0,(anonymous_3)
DA:1,0
DA:2,0
DA:3,0
DA:4,0
DA:5,0
DA:8,0
DA:10,0
DA:11,0
DA:13,0
DA:26,0
DA:27,0
DA:28,0
DA:30,0
LF:13
LH:0
BRDA:10,0,0,0
BRDA:10,0,1,0
BRDA:10,1,0,0
BRDA:10,1,1,0
BRDA:10,2,0,0
BRDA:10,2,1,0
BRDA:10,3,0,0
BRDA:10,3,1,0
BRF:8
BRH:0
end_of_record
TN:
SF:src\auth\roles.decorator.ts
FN:5,(anonymous_0)
FNF:1
FNH:0
FNDA:0,(anonymous_0)
DA:1,1
DA:4,1
DA:5,1
LF:3
LH:3
BRF:0
BRH:0
end_of_record
TN:
SF:src\auth\roles.guard.ts
FN:8,(anonymous_2)
FN:10,(anonymous_3)
FN:24,(anonymous_4)
FNF:3
FNH:3
FNDA:6,(anonymous_2)
FNDA:5,(anonymous_3)
FNDA:4,(anonymous_4)
DA:1,1
DA:2,1
DA:3,1
DA:7,1
DA:8,6
DA:11,5
DA:16,5
DA:17,1
DA:20,4
DA:21,4
DA:24,4
LF:11
LH:11
BRDA:16,0,0,1
BRDA:16,0,1,4
BRDA:21,1,0,1
BRDA:21,1,1,3
BRDA:8,2,0,1
BRDA:8,2,1,0
BRDA:8,3,0,1
BRDA:8,3,1,1
BRF:8
BRH:7
end_of_record
TN:
SF:src\client-portal\client-portal.controller.ts
FN:19,(anonymous_4)
FN:21,(anonymous_5)
FN:34,(anonymous_6)
FN:40,(anonymous_7)
FN:46,(anonymous_8)
FN:54,(anonymous_9)
FN:60,(anonymous_10)
FN:68,(anonymous_11)
FN:74,(anonymous_12)
FNF:9
FNH:6
FNDA:8,(anonymous_4)
FNDA:8,(anonymous_5)
FNDA:3,(anonymous_6)
FNDA:0,(anonymous_7)
FNDA:2,(anonymous_8)
FNDA:2,(anonymous_9)
FNDA:0,(anonymous_10)
FNDA:1,(anonymous_11)
FNDA:0,(anonymous_12)
DA:1,1
DA:2,1
DA:3,1
DA:4,1
DA:5,1
DA:6,1
DA:18,1
DA:19,8
DA:22,8
DA:23,3
DA:25,5
DA:26,1
DA:28,4
DA:34,1
DA:35,3
DA:36,1
DA:40,1
DA:41,0
DA:42,0
DA:46,1
DA:47,2
DA:48,1
DA:54,1
DA:55,2
DA:56,1
DA:60,1
DA:61,0
DA:62,0
DA:68,1
DA:69,1
DA:70,1
DA:74,1
DA:75,0
DA:76,0
LF:34
LH:28
BRDA:22,0,0,3
BRDA:22,0,1,5
BRDA:25,1,0,1
BRDA:25,1,1,4
BRDA:46,2,0,1
BRDA:46,2,1,0
BRDA:46,3,0,1
BRDA:46,3,1,1
BRDA:60,4,0,1
BRDA:60,4,1,0
BRDA:60,5,0,1
BRDA:60,5,1,1
BRDA:19,6,0,1
BRDA:19,6,1,0
BRDA:19,7,0,1
BRDA:19,7,1,1
BRF:16
BRH:13
end_of_record
TN:
SF:src\client-portal\client-portal.module.ts
FNF:0
FNH:0
DA:1,0
DA:2,0
DA:3,0
DA:9,0
LF:4
LH:0
BRF:0
BRH:0
end_of_record
TN:
SF:src\client-portal\client-portal.service.ts
FN:11,(anonymous_2)
FN:14,(anonymous_3)
FN:30,(anonymous_4)
FN:46,(anonymous_5)
FN:59,(anonymous_6)
FN:69,(anonymous_7)
FN:96,(anonymous_8)
FN:135,(anonymous_9)
FN:161,(anonymous_10)
FN:168,(anonymous_11)
FN:183,(anonymous_12)
FN:223,(anonymous_13)
FN:232,(anonymous_14)
FNF:13
FNH:0
FNDA:0,(anonymous_2)
FNDA:0,(anonymous_3)
FNDA:0,(anonymous_4)
FNDA:0,(anonymous_5)
FNDA:0,(anonymous_6)
FNDA:0,(anonymous_7)
FNDA:0,(anonymous_8)
FNDA:0,(anonymous_9)
FNDA:0,(anonymous_10)
FNDA:0,(anonymous_11)
FNDA:0,(anonymous_12)
FNDA:0,(anonymous_13)
FNDA:0,(anonymous_14)
DA:1,1
DA:2,1
DA:3,1
DA:4,1
DA:5,1
DA:6,1
DA:10,1
DA:11,0
DA:15,0
DA:27,0
DA:31,0
DA:43,0
DA:47,0
DA:54,0
DA:60,0
DA:69,0
DA:93,0
DA:97,0
DA:105,0
DA:106,0
DA:109,0
DA:132,0
DA:136,0
DA:138,0
DA:152,0
DA:162,0
DA:168,0
DA:180,0
DA:184,0
DA:185,0
DA:186,0
DA:188,0
DA:189,0
DA:193,0
DA:209,0
DA:218,0
DA:224,0
DA:229,0
DA:233,0
DA:234,0
DA:236,0
DA:241,0
LF:42
LH:7
BRDA:27,0,0,0
BRDA:27,0,1,0
BRDA:43,1,0,0
BRDA:43,1,1,0
BRDA:54,2,0,0
BRDA:54,2,1,0
BRDA:81,3,0,0
BRDA:81,3,1,0
BRDA:82,4,0,0
BRDA:82,4,1,0
BRDA:82,5,0,0
BRDA:82,5,1,0
BRDA:83,6,0,0
BRDA:83,6,1,0
BRDA:84,7,0,0
BRDA:84,7,1,0
BRDA:85,8,0,0
BRDA:85,8,1,0
BRDA:105,9,0,0
BRDA:105,9,1,0
BRDA:105,10,0,0
BRDA:105,10,1,0
BRDA:121,11,0,0
BRDA:121,11,1,0
BRDA:122,12,0,0
BRDA:122,12,1,0
BRDA:122,13,0,0
BRDA:122,13,1,0
BRDA:123,14,0,0
BRDA:123,14,1,0
BRDA:124,15,0,0
BRDA:124,15,1,0
BRDA:125,16,0,0
BRDA:125,16,1,0
BRDA:148,17,0,0
BRDA:148,17,1,0
BRDA:185,18,0,0
BRDA:185,18,1,0
BRDA:188,19,0,0
BRDA:188,19,1,0
BRDA:188,20,0,0
BRDA:188,20,1,0
BRDA:234,21,0,0
BRDA:234,21,1,0
BRDA:234,22,0,0
BRDA:234,22,1,0
BRDA:11,23,0,1
BRDA:11,23,1,0
BRDA:11,24,0,1
BRDA:11,24,1,1
BRF:50
BRH:3
end_of_record
TN:
SF:src\client-portal\dto\client-application.dto.ts
FN:61,(anonymous_2)
FNF:1
FNH:0
FNDA:0,(anonymous_2)
DA:1,1
DA:3,1
DA:5,1
DA:8,1
DA:11,1
DA:13,1
DA:16,1
DA:19,1
DA:22,1
DA:25,1
DA:28,1
DA:31,1
DA:34,1
DA:37,1
DA:40,1
DA:43,1
DA:46,1
DA:49,1
DA:52,1
DA:55,1
DA:58,1
DA:61,0
DA:62,1
DA:65,1
LF:24
LH:23
BRDA:8,0,0,1
BRDA:8,0,1,0
BRDA:8,1,0,1
BRDA:8,1,1,1
BRDA:40,2,0,1
BRDA:40,2,1,0
BRDA:40,3,0,1
BRDA:40,3,1,1
BRDA:43,4,0,1
BRDA:43,4,1,0
BRDA:43,5,0,1
BRDA:43,5,1,1
BRDA:46,6,0,1
BRDA:46,6,1,0
BRDA:46,7,0,1
BRDA:46,7,1,1
BRDA:65,8,0,0
BRDA:65,8,1,1
BRDA:65,9,0,1
BRDA:65,9,1,0
BRF:20
BRH:14
end_of_record
TN:
SF:src\client-portal\dto\client-document.dto.ts
FNF:0
FNH:0
DA:1,1
DA:2,1
DA:4,1
DA:6,1
DA:9,1
DA:12,1
DA:15,1
DA:18,1
DA:21,1
DA:24,1
DA:27,1
DA:30,1
DA:33,1
DA:36,1
DA:40,1
DA:44,1
DA:49,1
LF:17
LH:17
BRDA:30,0,0,1
BRDA:30,0,1,0
BRDA:30,1,0,1
BRDA:30,1,1,1
BRF:4
BRH:3
end_of_record
TN:
SF:src\client-portal\dto\client-notification.dto.ts
FNF:0
FNH:0
DA:1,1
DA:3,1
DA:5,1
DA:8,1
DA:11,1
DA:14,1
DA:17,1
DA:20,1
DA:23,1
LF:9
LH:9
BRDA:23,0,0,1
BRDA:23,0,1,0
BRDA:23,1,0,1
BRDA:23,1,1,1
BRF:4
BRH:3
end_of_record
TN:
SF:src\client-portal\dto\submit-application.dto.ts
FNF:0
FNH:0
DA:1,1
DA:3,1
DA:6,1
DA:10,1
DA:14,1
DA:18,1
DA:22,1
DA:26,1
LF:8
LH:8
BRDA:26,0,0,0
BRDA:26,0,1,1
BRDA:26,1,0,1
BRDA:26,1,1,0
BRF:4
BRH:2
end_of_record
TN:
SF:src\common\pagination.ts
FN:11,paginate
FNF:1
FNH:1
FNDA:6,paginate
DA:11,4
DA:17,6
LF:2
LH:2
BRF:0
BRH:0
end_of_record
TN:
SF:src\common\request-context.ts
FNF:0
FNH:0
DA:1,0
DA:8,0
LF:2
LH:0
BRF:0
BRH:0
end_of_record
TN:
SF:src\common\decorators\timeout.decorator.ts
FN:4,(anonymous_0)
FNF:1
FNH:0
FNDA:0,(anonymous_0)
DA:1,0
DA:3,0
DA:4,0
LF:3
LH:0
BRF:0
BRH:0
end_of_record
TN:
SF:src\common\dto\query.dto.ts
FN:6,(anonymous_2)
FN:12,(anonymous_3)
FNF:2
FNH:0
FNDA:0,(anonymous_2)
FNDA:0,(anonymous_3)
DA:1,0
DA:2,0
DA:4,0
DA:6,0
DA:9,0
DA:12,0
DA:16,0
DA:19,0
DA:22,0
DA:26,0
DA:30,0
DA:34,0
DA:38,0
DA:42,0
LF:14
LH:0
BRF:0
BRH:0
end_of_record
TN:
SF:src\common\filters\http-exception.filter.ts
FN:15,(anonymous_1)
FNF:1
FNH:0
FNDA:0,(anonymous_1)
DA:1,0
DA:12,0
DA:13,0
DA:16,0
DA:17,0
DA:18,0
DA:21,0
DA:25,0
DA:26,0
DA:29,0
DA:30,0
DA:31,0
DA:34,0
DA:37,0
DA:38,0
DA:44,0
LF:16
LH:0
BRDA:21,0,0,0
BRDA:21,0,1,0
BRDA:26,1,0,0
BRDA:26,1,1,0
BRDA:26,1,2,0
BRDA:29,2,0,0
BRDA:29,2,1,0
BRDA:31,3,0,0
BRDA:31,3,1,0
BRDA:31,4,0,0
BRDA:31,4,1,0
BRDA:34,5,0,0
BRDA:34,5,1,0
BRDA:37,6,0,0
BRDA:37,6,1,0
BRDA:40,7,0,0
BRDA:40,7,1,0
BRF:17
BRH:0
end_of_record
TN:
SF:src\common\interceptors\timeout.interceptor.ts
FN:9,(anonymous_2)
FN:11,(anonymous_3)
FN:21,(anonymous_4)
FN:23,(anonymous_5)
FN:25,(anonymous_6)
FNF:5
FNH:0
FNDA:0,(anonymous_2)
FNDA:0,(anonymous_3)
FNDA:0,(anonymous_4)
FNDA:0,(anonymous_5)
FNDA:0,(anonymous_6)
DA:1,0
DA:2,0
DA:3,0
DA:4,0
DA:5,0
DA:8,0
DA:9,0
DA:12,0
DA:17,0
DA:19,0
DA:22,0
DA:23,0
DA:25,0
LF:13
LH:0
BRDA:17,0,0,0
BRDA:17,0,1,0
BRDA:22,1,0,0
BRDA:22,1,1,0
BRDA:9,2,0,0
BRDA:9,2,1,0
BRDA:9,3,0,0
BRDA:9,3,1,0
BRF:8
BRH:0
end_of_record
TN:
SF:src\common\logger\structured-logger.service.ts
FN:7,(anonymous_0)
FN:19,(anonymous_1)
FN:23,(anonymous_2)
FN:27,(anonymous_3)
FN:42,(anonymous_4)
FN:48,(anonymous_5)
FNF:6
FNH:0
FNDA:0,(anonymous_0)
FNDA:0,(anonymous_1)
FNDA:0,(anonymous_2)
FNDA:0,(anonymous_3)
FNDA:0,(anonymous_4)
FNDA:0,(anonymous_5)
DA:2,0
DA:6,0
DA:8,0
DA:9,0
DA:20,0
DA:24,0
DA:28,0
DA:29,0
DA:43,0
DA:44,0
DA:49,0
DA:50,0
LF:12
LH:0
BRDA:12,0,0,0
BRDA:12,0,1,0
BRDA:13,1,0,0
BRDA:13,1,1,0
BRDA:14,2,0,0
BRDA:14,2,1,0
BRDA:33,3,0,0
BRDA:33,3,1,0
BRDA:34,4,0,0
BRDA:34,4,1,0
BRDA:35,5,0,0
BRDA:35,5,1,0
BRDA:36,6,0,0
BRDA:36,6,1,0
BRDA:43,7,0,0
BRDA:43,7,1,0
BRDA:49,8,0,0
BRDA:49,8,1,0
BRF:18
BRH:0
end_of_record
TN:
SF:src\common\middleware\request-id.middleware.ts
FN:8,(anonymous_1)
FNF:1
FNH:0
FNDA:0,(anonymous_1)
DA:1,0
DA:3,0
DA:4,0
DA:7,0
DA:9,0
DA:10,0
DA:11,0
DA:13,0
LF:8
LH:0
BRDA:9,0,0,0
BRDA:9,0,1,0
BRF:2
BRH:0
end_of_record
TN:
SF:src\compliance\compliance.controller.ts
FN:13,(anonymous_4)
FN:16,(anonymous_5)
FN:22,(anonymous_6)
FN:39,(anonymous_7)
FN:49,(anonymous_8)
FN:69,(anonymous_9)
FN:94,(anonymous_10)
FN:103,(anonymous_11)
FN:112,(anonymous_12)
FN:121,(anonymous_13)
FNF:10
FNH:0
FNDA:0,(anonymous_4)
FNDA:0,(anonymous_5)
FNDA:0,(anonymous_6)
FNDA:0,(anonymous_7)
FNDA:0,(anonymous_8)
FNDA:0,(anonymous_9)
FNDA:0,(anonymous_10)
FNDA:0,(anonymous_11)
FNDA:0,(anonymous_12)
FNDA:0,(anonymous_13)
DA:1,0
DA:2,0
DA:4,0
DA:5,0
DA:6,0
DA:7,0
DA:12,0
DA:13,0
DA:16,0
DA:17,0
DA:22,0
DA:27,0
DA:39,0
DA:40,0
DA:49,0
DA:55,0
DA:69,0
DA:75,0
DA:80,0
DA:82,0
DA:83,0
DA:84,0
DA:94,0
DA:95,0
DA:103,0
DA:104,0
DA:112,0
DA:113,0
DA:121,0
DA:122,0
LF:30
LH:0
BRDA:32,0,0,0
BRDA:32,0,1,0
BRDA:50,1,0,0
BRDA:51,2,0,0
BRDA:58,3,0,0
BRDA:58,3,1,0
BRDA:59,4,0,0
BRDA:59,4,1,0
BRDA:77,5,0,0
BRDA:77,5,1,0
BRDA:78,6,0,0
BRDA:78,6,1,0
BRDA:104,7,0,0
BRDA:104,7,1,0
BRDA:113,8,0,0
BRDA:113,8,1,0
BRDA:13,9,0,0
BRDA:13,9,1,0
BRDA:13,10,0,0
BRDA:13,10,1,0
BRF:20
BRH:0
end_of_record
TN:
SF:src\compliance\compliance.module.ts
FNF:0
FNH:0
DA:1,0
DA:2,0
DA:3,0
DA:4,0
DA:11,0
LF:5
LH:0
BRF:0
BRH:0
end_of_record
TN:
SF:src\compliance\compliance.service.ts
FN:9,(anonymous_2)
FN:16,(anonymous_3)
FN:23,(anonymous_4)
FN:50,(anonymous_5)
FN:58,(anonymous_6)
FN:83,(anonymous_7)
FN:102,(anonymous_8)
FN:113,(anonymous_9)
FN:137,(anonymous_10)
FN:180,(anonymous_11)
FN:197,(anonymous_12)
FN:221,(anonymous_13)
FN:235,(anonymous_14)
FN:261,(anonymous_15)
FN:271,(anonymous_16)
FN:285,(anonymous_17)
FN:321,(anonymous_18)
FN:329,(anonymous_19)
FNF:18
FNH:0
FNDA:0,(anonymous_2)
FNDA:0,(anonymous_3)
FNDA:0,(anonymous_4)
FNDA:0,(anonymous_5)
FNDA:0,(anonymous_6)
FNDA:0,(anonymous_7)
FNDA:0,(anonymous_8)
FNDA:0,(anonymous_9)
FNDA:0,(anonymous_10)
FNDA:0,(anonymous_11)
FNDA:0,(anonymous_12)
FNDA:0,(anonymous_13)
FNDA:0,(anonymous_14)
FNDA:0,(anonymous_15)
FNDA:0,(anonymous_16)
FNDA:0,(anonymous_17)
FNDA:0,(anonymous_18)
FNDA:0,(anonymous_19)
DA:1,0
DA:2,0
DA:3,0
DA:6,0
DA:7,0
DA:10,0
DA:11,0
DA:17,0
DA:24,0
DA:26,0
DA:36,0
DA:45,0
DA:51,0
DA:59,0
DA:60,0
DA:67,0
DA:80,0
DA:84,0
DA:92,0
DA:100,0
DA:102,0
DA:113,0
DA:116,0
DA:128,0
DA:138,0
DA:145,0
DA:151,0
DA:152,0
DA:154,0
DA:155,0
DA:156,0
DA:157,0
DA:159,0
DA:160,0
DA:161,0
DA:162,0
DA:167,0
DA:168,0
DA:171,0
DA:180,0
DA:198,0
DA:205,0
DA:211,0
DA:221,0
DA:236,0
DA:243,0
DA:253,0
DA:261,0
DA:271,0
DA:286,0
DA:293,0
DA:294,0
DA:295,0
DA:296,0
DA:298,0
DA:299,0
DA:300,0
DA:301,0
DA:302,0
DA:303,0
DA:304,0
DA:305,0
DA:306,0
DA:309,0
DA:321,0
DA:329,0
LF:66
LH:0
BRDA:29,0,0,0
BRDA:29,0,1,0
BRDA:30,1,0,0
BRDA:30,1,1,0
BRDA:31,2,0,0
BRDA:31,2,1,0
BRDA:58,3,0,0
BRDA:58,4,0,0
BRDA:60,5,0,0
BRDA:60,5,1,0
BRDA:60,6,0,0
BRDA:60,6,1,0
BRDA:62,7,0,0
BRDA:62,7,1,0
BRDA:63,8,0,0
BRDA:63,8,1,0
BRDA:84,9,0,0
BRDA:84,9,1,0
BRDA:84,10,0,0
BRDA:84,10,1,0
BRDA:86,11,0,0
BRDA:86,11,1,0
BRDA:87,12,0,0
BRDA:87,12,1,0
BRDA:108,13,0,0
BRDA:108,13,1,0
BRDA:109,14,0,0
BRDA:109,14,1,0
BRDA:110,15,0,0
BRDA:110,15,1,0
BRDA:111,16,0,0
BRDA:111,16,1,0
BRDA:112,17,0,0
BRDA:112,17,1,0
BRDA:123,18,0,0
BRDA:123,18,1,0
BRDA:124,19,0,0
BRDA:124,19,1,0
BRDA:155,20,0,0
BRDA:155,20,1,0
BRDA:156,21,0,0
BRDA:156,21,1,0
BRDA:157,22,0,0
BRDA:157,22,1,0
BRDA:183,23,0,0
BRDA:183,23,1,0
BRDA:186,24,0,0
BRDA:186,24,1,0
BRDA:197,25,0,0
BRDA:216,26,0,0
BRDA:216,26,1,0
BRDA:218,27,0,0
BRDA:218,27,1,0
BRDA:224,28,0,0
BRDA:224,28,1,0
BRDA:235,29,0,0
BRDA:258,30,0,0
BRDA:258,30,1,0
BRDA:264,31,0,0
BRDA:264,31,1,0
BRDA:273,32,0,0
BRDA:273,32,1,0
BRDA:299,33,0,0
BRDA:299,33,1,0
BRDA:300,34,0,0
BRDA:300,34,1,0
BRDA:302,35,0,0
BRDA:302,35,1,0
BRDA:303,36,0,0
BRDA:303,36,1,0
BRDA:304,37,0,0
BRDA:304,37,1,0
BRDA:305,38,0,0
BRDA:305,38,1,0
BRDA:306,39,0,0
BRDA:306,39,1,0
BRDA:318,40,0,0
BRDA:318,40,1,0
BRDA:327,41,0,0
BRDA:327,41,1,0
BRDA:10,42,0,0
BRDA:10,42,1,0
BRDA:10,43,0,0
BRDA:10,43,1,0
BRDA:10,44,0,0
BRDA:10,44,1,0
BRDA:10,45,0,0
BRDA:10,45,1,0
BRF:88
BRH:0
end_of_record
TN:
SF:src\config\config.schema.ts
FNF:0
FNH:0
DA:1,0
DA:3,0
LF:2
LH:0
BRF:0
BRH:0
end_of_record
TN:
SF:src\config\configuration.ts
FN:1,(anonymous_0)
FN:37,(anonymous_1)
FNF:2
FNH:0
FNDA:0,(anonymous_0)
FNDA:0,(anonymous_1)
DA:1,0
DA:37,0
LF:2
LH:0
BRDA:2,0,0,0
BRDA:2,0,1,0
BRDA:3,1,0,0
BRDA:3,1,1,0
BRDA:12,2,0,0
BRDA:12,2,1,0
BRDA:13,3,0,0
BRDA:13,3,1,0
BRDA:14,4,0,0
BRDA:14,4,1,0
BRDA:15,5,0,0
BRDA:15,5,1,0
BRDA:16,6,0,0
BRDA:16,6,1,0
BRDA:22,7,0,0
BRDA:22,7,1,0
BRDA:23,8,0,0
BRDA:23,8,1,0
BRDA:24,9,0,0
BRDA:24,9,1,0
BRDA:28,10,0,0
BRDA:28,10,1,0
BRDA:29,11,0,0
BRDA:29,11,1,0
BRDA:33,12,0,0
BRDA:33,12,1,0
BRDA:34,13,0,0
BRDA:34,13,1,0
BRDA:35,14,0,0
BRDA:35,14,1,0
BRDA:36,15,0,0
BRDA:36,15,1,0
BRDA:37,16,0,0
BRDA:37,16,1,0
BRF:34
BRH:0
end_of_record
TN:
SF:src\counterparty\counterparty.controller.ts
FN:13,(anonymous_4)
FN:16,(anonymous_5)
FN:21,(anonymous_6)
FN:26,(anonymous_7)
FNF:4
FNH:0
FNDA:0,(anonymous_4)
FNDA:0,(anonymous_5)
FNDA:0,(anonymous_6)
FNDA:0,(anonymous_7)
DA:1,0
DA:2,0
DA:3,0
DA:4,0
DA:5,0
DA:6,0
DA:7,0
DA:12,0
DA:13,0
DA:16,0
DA:17,0
DA:21,0
DA:22,0
DA:26,0
DA:27,0
LF:15
LH:0
BRDA:16,0,0,0
BRDA:16,0,1,0
BRDA:16,1,0,0
BRDA:16,1,1,0
BRDA:13,2,0,0
BRDA:13,2,1,0
BRDA:13,3,0,0
BRDA:13,3,1,0
BRF:8
BRH:0
end_of_record
TN:
SF:src\counterparty\counterparty.module.ts
FNF:0
FNH:0
DA:1,0
DA:2,0
DA:3,0
DA:4,0
DA:11,0
LF:5
LH:0
BRF:0
BRH:0
end_of_record
TN:
SF:src\counterparty\counterparty.service.ts
FN:9,(anonymous_2)
FN:14,(anonymous_3)
FN:44,(anonymous_4)
FN:56,(anonymous_5)
FN:62,(anonymous_6)
FN:64,(anonymous_7)
FN:66,(anonymous_8)
FN:67,(anonymous_9)
FN:69,(anonymous_10)
FN:70,(anonymous_11)
FN:71,(anonymous_12)
FNF:11
FNH:0
FNDA:0,(anonymous_2)
FNDA:0,(anonymous_3)
FNDA:0,(anonymous_4)
FNDA:0,(anonymous_5)
FNDA:0,(anonymous_6)
FNDA:0,(anonymous_7)
FNDA:0,(anonymous_8)
FNDA:0,(anonymous_9)
FNDA:0,(anonymous_10)
FNDA:0,(anonymous_11)
FNDA:0,(anonymous_12)
DA:1,0
DA:2,0
DA:4,0
DA:5,0
DA:8,0
DA:10,0
DA:11,0
DA:15,0
DA:16,0
DA:18,0
DA:20,0
DA:21,0
DA:26,0
DA:27,0
DA:28,0
DA:30,0
DA:41,0
DA:45,0
DA:57,0
DA:60,0
DA:62,0
DA:63,0
DA:64,0
DA:66,0
DA:67,0
DA:69,0
DA:70,0
DA:71,0
DA:73,0
LF:29
LH:0
BRDA:15,0,0,0
BRDA:15,1,0,0
BRDA:15,2,0,0
BRDA:15,3,0,0
BRDA:20,4,0,0
BRDA:20,4,1,0
BRDA:26,5,0,0
BRDA:26,5,1,0
BRDA:27,6,0,0
BRDA:27,6,1,0
BRDA:28,7,0,0
BRDA:28,7,1,0
BRDA:63,8,0,0
BRDA:63,8,1,0
BRDA:79,9,0,0
BRDA:79,9,1,0
BRDA:80,10,0,0
BRDA:80,10,1,0
BRDA:81,11,0,0
BRDA:81,11,1,0
BRDA:10,12,0,0
BRDA:10,12,1,0
BRDA:10,13,0,0
BRDA:10,13,1,0
BRDA:10,14,0,0
BRDA:10,14,1,0
BRDA:10,15,0,0
BRDA:10,15,1,0
BRF:28
BRH:0
end_of_record
TN:
SF:src\decisioning\decisioning.controller.ts
FN:14,(anonymous_4)
FN:17,(anonymous_5)
FN:22,(anonymous_6)
FN:28,(anonymous_7)
FN:35,(anonymous_8)
FNF:5
FNH:0
FNDA:0,(anonymous_4)
FNDA:0,(anonymous_5)
FNDA:0,(anonymous_6)
FNDA:0,(anonymous_7)
FNDA:0,(anonymous_8)
DA:1,0
DA:2,0
DA:3,0
DA:4,0
DA:5,0
DA:6,0
DA:7,0
DA:8,0
DA:13,0
DA:14,0
DA:17,0
DA:18,0
DA:22,0
DA:23,0
DA:28,0
DA:29,0
DA:35,0
DA:41,0
LF:18
LH:0
BRDA:17,0,0,0
BRDA:17,0,1,0
BRDA:17,1,0,0
BRDA:17,1,1,0
BRDA:14,2,0,0
BRDA:14,2,1,0
BRDA:14,3,0,0
BRDA:14,3,1,0
BRF:8
BRH:0
end_of_record
TN:
SF:src\decisioning\decisioning.module.ts
FNF:0
FNH:0
DA:1,0
DA:2,0
DA:3,0
DA:4,0
DA:5,0
DA:6,0
DA:7,0
DA:8,0
DA:9,0
DA:16,0
LF:10
LH:0
BRF:0
BRH:0
end_of_record
TN:
SF:src\decisioning\decisioning.service.ts
FN:17,(anonymous_2)
FN:31,(anonymous_3)
FN:102,(anonymous_4)
FN:318,(anonymous_5)
FN:339,(anonymous_6)
FNF:5
FNH:3
FNDA:10,(anonymous_2)
FNDA:9,(anonymous_3)
FNDA:8,(anonymous_4)
FNDA:0,(anonymous_5)
FNDA:0,(anonymous_6)
DA:1,1
DA:2,1
DA:3,1
DA:4,1
DA:5,1
DA:6,1
DA:7,1
DA:8,1
DA:9,1
DA:11,1
DA:14,1
DA:15,10
DA:18,10
DA:19,10
DA:20,10
DA:21,10
DA:22,10
DA:23,10
DA:24,10
DA:32,9
DA:36,9
DA:37,9
DA:40,9
DA:76,9
DA:81,9
DA:109,8
DA:110,1
DA:116,7
DA:117,7
DA:118,7
DA:119,7
DA:120,7
DA:121,7
DA:123,7
DA:124,1
DA:127,6
DA:133,6
DA:134,6
DA:136,6
DA:149,6
DA:150,6
DA:152,6
DA:160,6
DA:181,6
DA:208,6
DA:217,6
DA:226,6
DA:236,6
DA:253,6
DA:254,1
DA:256,1
DA:264,1
DA:274,6
DA:275,6
DA:276,4
DA:277,2
DA:278,0
DA:279,2
DA:280,0
DA:281,2
DA:282,2
DA:285,6
DA:286,6
DA:290,6
DA:295,6
DA:296,6
DA:297,6
DA:311,6
DA:319,0
DA:320,0
DA:322,0
DA:336,0
DA:340,0
LF:73
LH:66
BRDA:42,0,0,9
BRDA:42,0,1,0
BRDA:43,1,0,9
BRDA:43,1,1,9
BRDA:48,2,0,9
BRDA:48,2,1,9
BRDA:49,3,0,9
BRDA:49,3,1,9
BRDA:51,4,0,9
BRDA:51,4,1,9
BRDA:52,5,0,9
BRDA:52,5,1,9
BRDA:53,6,0,9
BRDA:53,6,1,9
BRDA:54,7,0,9
BRDA:54,7,1,9
BRDA:55,8,0,9
BRDA:55,8,1,9
BRDA:56,9,0,9
BRDA:56,9,1,9
BRDA:57,10,0,9
BRDA:57,10,1,9
BRDA:58,11,0,9
BRDA:58,11,1,9
BRDA:59,12,0,9
BRDA:59,12,1,9
BRDA:61,13,0,9
BRDA:61,13,1,9
BRDA:62,14,0,9
BRDA:62,14,1,9
BRDA:63,15,0,9
BRDA:63,15,1,9
BRDA:64,16,0,9
BRDA:64,16,1,9
BRDA:67,17,0,9
BRDA:67,17,1,9
BRDA:68,18,0,9
BRDA:68,18,1,9
BRDA:69,19,0,9
BRDA:69,19,1,9
BRDA:70,20,0,9
BRDA:70,20,1,9
BRDA:71,21,0,9
BRDA:71,21,1,9
BRDA:72,22,0,9
BRDA:72,22,1,9
BRDA:73,23,0,9
BRDA:73,23,1,9
BRDA:109,24,0,1
BRDA:109,24,1,7
BRDA:109,25,0,8
BRDA:109,25,1,3
BRDA:120,26,0,7
BRDA:120,26,1,5
BRDA:121,27,0,7
BRDA:121,27,1,2
BRDA:123,28,0,1
BRDA:123,28,1,6
BRDA:123,29,0,7
BRDA:123,29,1,2
BRDA:134,30,0,6
BRDA:134,30,1,6
BRDA:150,31,0,6
BRDA:150,31,1,6
BRDA:155,32,0,6
BRDA:155,32,1,6
BRDA:187,33,0,1
BRDA:187,33,1,5
BRDA:187,34,0,1
BRDA:187,34,1,4
BRDA:189,35,0,6
BRDA:189,35,1,5
BRDA:197,36,0,1
BRDA:197,36,1,5
BRDA:197,37,0,1
BRDA:197,37,1,4
BRDA:199,38,0,6
BRDA:199,38,1,5
BRDA:231,39,0,6
BRDA:231,39,1,0
BRDA:237,40,0,1
BRDA:237,40,1,5
BRDA:245,41,0,6
BRDA:245,41,1,5
BRDA:253,42,0,1
BRDA:253,42,1,5
BRDA:275,43,0,4
BRDA:275,43,1,2
BRDA:277,44,0,0
BRDA:277,44,1,2
BRDA:279,45,0,0
BRDA:279,45,1,2
BRDA:281,46,0,2
BRDA:281,46,1,0
BRDA:285,47,0,6
BRDA:285,47,1,0
BRDA:296,48,0,6
BRDA:296,48,1,0
BRDA:318,49,0,0
BRDA:319,50,0,0
BRDA:319,51,0,0
BRDA:18,52,0,1
BRDA:18,52,1,0
BRDA:18,53,0,1
BRDA:18,53,1,1
BRDA:18,54,0,1
BRDA:18,54,1,0
BRDA:18,55,0,1
BRDA:18,55,1,1
BRDA:19,56,0,1
BRDA:19,56,1,0
BRDA:19,57,0,1
BRDA:19,57,1,1
BRDA:20,58,0,1
BRDA:20,58,1,0
BRDA:20,59,0,1
BRDA:20,59,1,1
BRDA:21,60,0,1
BRDA:21,60,1,0
BRDA:21,61,0,1
BRDA:21,61,1,1
BRDA:22,62,0,1
BRDA:22,62,1,0
BRDA:22,63,0,1
BRDA:22,63,1,1
BRDA:23,64,0,1
BRDA:23,64,1,0
BRDA:23,65,0,1
BRDA:23,65,1,1
BRF:129
BRH:112
end_of_record
TN:
SF:src\feature-analytics\feature-analytics.controller.ts
FN:12,(anonymous_4)
FN:16,(anonymous_5)
FN:22,(anonymous_6)
FN:28,(anonymous_7)
FN:34,(anonymous_8)
FNF:5
FNH:0
FNDA:0,(anonymous_4)
FNDA:0,(anonymous_5)
FNDA:0,(anonymous_6)
FNDA:0,(anonymous_7)
FNDA:0,(anonymous_8)
DA:1,0
DA:2,0
DA:3,0
DA:4,0
DA:5,0
DA:6,0
DA:11,0
DA:12,0
DA:16,0
DA:17,0
DA:22,0
DA:23,0
DA:28,0
DA:29,0
DA:34,0
DA:35,0
LF:16
LH:0
BRDA:17,0,0,0
BRDA:17,0,1,0
BRDA:29,1,0,0
BRDA:29,1,1,0
BRDA:12,2,0,0
BRDA:12,2,1,0
BRDA:12,3,0,0
BRDA:12,3,1,0
BRF:8
BRH:0
end_of_record
TN:
SF:src\feature-analytics\feature-analytics.module.ts
FNF:0
FNH:0
DA:1,0
DA:2,0
DA:3,0
DA:4,0
DA:12,0
LF:5
LH:0
BRF:0
BRH:0
end_of_record
TN:
SF:src\feature-analytics\feature-analytics.service.ts
FN:15,(anonymous_2)
FN:21,(anonymous_3)
FN:43,(anonymous_4)
FN:45,(anonymous_5)
FN:63,(anonymous_6)
FN:100,(anonymous_7)
FN:101,(anonymous_8)
FN:104,(anonymous_9)
FN:111,(anonymous_10)
FN:113,(anonymous_11)
FN:117,(anonymous_12)
FN:119,(anonymous_13)
FN:134,(anonymous_14)
FN:157,(anonymous_15)
FN:158,(anonymous_16)
FN:162,(anonymous_17)
FN:177,(anonymous_18)
FN:198,(anonymous_19)
FN:199,(anonymous_20)
FNF:19
FNH:18
FNDA:9,(anonymous_2)
FNDA:3,(anonymous_3)
FNDA:4,(anonymous_4)
FNDA:5,(anonymous_5)
FNDA:2,(anonymous_6)
FNDA:13,(anonymous_7)
FNDA:28,(anonymous_8)
FNDA:3,(anonymous_9)
FNDA:1,(anonymous_10)
FNDA:2,(anonymous_11)
FNDA:0,(anonymous_12)
FNDA:6,(anonymous_13)
FNDA:1,(anonymous_14)
FNDA:6,(anonymous_15)
FNDA:9,(anonymous_16)
FNDA:2,(anonymous_17)
FNDA:3,(anonymous_18)
FNDA:6,(anonymous_19)
FNDA:12,(anonymous_20)
DA:1,1
DA:2,1
DA:12,1
DA:13,9
DA:15,9
DA:22,3
DA:28,3
DA:29,3
DA:31,3
DA:32,5
DA:33,5
DA:34,5
DA:35,2
DA:36,2
DA:37,10
DA:42,3
DA:43,4
DA:45,5
DA:51,3
DA:64,2
DA:80,2
DA:81,2
DA:82,2
DA:84,2
DA:85,6
DA:86,6
DA:87,6
DA:88,6
DA:89,6
DA:91,6
DA:92,6
DA:93,6
DA:94,6
DA:95,6
DA:97,6
DA:100,2
DA:101,28
DA:103,2
DA:104,3
DA:111,1
DA:113,2
DA:117,0
DA:119,6
DA:135,1
DA:136,1
DA:138,1
DA:144,1
DA:146,1
DA:147,3
DA:148,3
DA:149,3
DA:150,3
DA:151,3
DA:152,3
DA:153,3
DA:154,3
DA:157,1
DA:158,9
DA:160,1
DA:162,2
DA:178,3
DA:184,3
DA:185,3
DA:186,3
DA:188,3
DA:189,6
DA:190,6
DA:191,6
DA:192,6
DA:193,6
DA:194,6
DA:195,6
DA:198,3
DA:199,12
DA:201,3
DA:202,3
DA:205,3
LF:77
LH:76
BRDA:21,0,0,2
BRDA:33,1,0,5
BRDA:33,1,1,0
BRDA:34,2,0,2
BRDA:34,2,1,3
BRDA:37,3,0,10
BRDA:37,3,1,5
BRDA:48,4,0,5
BRDA:48,4,1,0
BRDA:88,5,0,6
BRDA:88,5,1,0
BRDA:89,6,0,6
BRDA:89,6,1,0
BRDA:91,7,0,6
BRDA:91,7,1,0
BRDA:92,8,0,6
BRDA:92,8,1,3
BRDA:94,9,0,6
BRDA:94,9,1,2
BRDA:97,10,0,6
BRDA:97,10,1,0
BRDA:97,11,0,6
BRDA:97,11,1,6
BRDA:101,12,0,13
BRDA:101,12,1,0
BRDA:108,13,0,3
BRDA:108,13,1,0
BRDA:109,14,0,1
BRDA:109,14,1,2
BRDA:109,15,0,1
BRDA:109,15,1,1
BRDA:111,16,0,1
BRDA:111,16,1,0
BRDA:111,17,0,1
BRDA:111,17,1,0
BRDA:117,18,0,0
BRDA:117,18,1,0
BRDA:117,19,0,0
BRDA:117,19,1,0
BRDA:122,20,0,6
BRDA:122,20,1,0
BRDA:134,21,0,0
BRDA:149,22,0,0
BRDA:149,22,1,3
BRDA:149,23,0,3
BRDA:149,23,1,3
BRDA:151,24,0,3
BRDA:151,24,1,2
BRDA:152,25,0,3
BRDA:152,25,1,0
BRDA:153,26,0,3
BRDA:153,26,1,0
BRDA:154,27,0,3
BRDA:154,27,1,0
BRDA:158,28,0,6
BRDA:158,28,1,0
BRDA:193,29,0,6
BRDA:193,29,1,0
BRDA:194,30,0,6
BRDA:194,30,1,0
BRDA:195,31,0,6
BRDA:195,31,1,0
BRDA:195,32,0,6
BRDA:195,32,1,6
BRDA:199,33,0,4
BRDA:199,33,1,2
BRDA:202,34,0,1
BRDA:202,34,1,2
BRDA:203,35,0,1
BRDA:203,35,1,1
BRDA:203,36,0,0
BRDA:203,36,1,1
BRDA:211,37,0,1
BRDA:211,37,1,2
BRDA:211,38,0,3
BRDA:211,38,1,2
BRDA:213,39,0,0
BRDA:213,39,1,2
BRDA:213,40,0,2
BRDA:213,40,1,1
BRDA:15,41,0,1
BRDA:15,41,1,0
BRDA:15,42,0,1
BRDA:15,42,1,1
BRF:84
BRH:57
end_of_record
TN:
SF:src\feature-contract\feature-contract.controller.ts
FN:13,(anonymous_4)
FN:17,(anonymous_5)
FN:31,(anonymous_6)
FNF:3
FNH:0
FNDA:0,(anonymous_4)
FNDA:0,(anonymous_5)
FNDA:0,(anonymous_6)
DA:1,0
DA:2,0
DA:3,0
DA:4,0
DA:6,0
DA:7,0
DA:8,0
DA:12,0
DA:13,0
DA:17,0
DA:18,0
DA:19,0
DA:21,0
DA:31,0
DA:32,0
LF:15
LH:0
BRDA:31,0,0,0
BRDA:31,0,1,0
BRDA:31,1,0,0
BRDA:31,1,1,0
BRDA:13,2,0,0
BRDA:13,2,1,0
BRDA:13,3,0,0
BRDA:13,3,1,0
BRF:8
BRH:0
end_of_record
TN:
SF:src\feature-contract\feature-contract.module.ts
FNF:0
FNH:0
DA:1,0
DA:2,0
DA:3,0
DA:10,0
LF:4
LH:0
BRF:0
BRH:0
end_of_record
TN:
SF:src\feature-contract\feature-contract.service.ts
FN:18,(anonymous_10)
FN:22,(anonymous_11)
FN:42,(anonymous_12)
FN:49,(anonymous_13)
FN:53,(anonymous_14)
FN:60,(anonymous_15)
FNF:6
FNH:0
FNDA:0,(anonymous_10)
FNDA:0,(anonymous_11)
FNDA:0,(anonymous_12)
FNDA:0,(anonymous_13)
FNDA:0,(anonymous_14)
FNDA:0,(anonymous_15)
DA:1,0
DA:2,0
DA:3,0
DA:14,0
DA:15,0
DA:16,0
DA:19,0
DA:23,0
DA:25,0
DA:26,0
DA:27,0
DA:28,0
DA:31,0
DA:32,0
DA:33,0
DA:34,0
DA:35,0
DA:37,0
DA:43,0
DA:44,0
DA:46,0
DA:50,0
DA:54,0
DA:55,0
DA:56,0
DA:59,0
DA:60,0
DA:62,0
DA:63,0
DA:66,0
DA:67,0
DA:69,0
DA:70,0
DA:72,0
DA:73,0
DA:74,0
DA:75,0
DA:76,0
DA:77,0
DA:80,0
LF:40
LH:0
BRDA:43,0,0,0
BRDA:43,0,1,0
BRDA:50,1,0,0
BRDA:50,1,1,0
BRDA:55,2,0,0
BRDA:55,2,1,0
BRDA:59,3,0,0
BRDA:59,3,1,0
BRDA:60,4,0,0
BRDA:60,4,1,0
BRDA:70,5,0,0
BRDA:70,5,1,0
BRDA:74,6,0,0
BRDA:74,6,1,0
BRDA:76,7,0,0
BRDA:76,7,1,0
BRF:16
BRH:0
end_of_record
TN:
SF:src\microfinance\microfinance.controller.ts
FN:62,(anonymous_4)
FN:65,(anonymous_5)
FN:70,(anonymous_6)
FN:75,(anonymous_7)
FN:80,(anonymous_8)
FN:85,(anonymous_9)
FN:90,(anonymous_10)
FN:103,(anonymous_11)
FN:112,(anonymous_12)
FN:117,(anonymous_13)
FN:123,(anonymous_14)
FN:129,(anonymous_15)
FN:134,(anonymous_16)
FN:139,(anonymous_17)
FN:147,(anonymous_18)
FN:152,(anonymous_19)
FN:165,(anonymous_20)
FN:178,(anonymous_21)
FN:191,(anonymous_22)
FN:196,(anonymous_23)
FN:205,(anonymous_24)
FN:210,(anonymous_25)
FN:224,(anonymous_26)
FN:237,(anonymous_27)
FN:246,(anonymous_28)
FN:255,(anonymous_29)
FN:265,(anonymous_30)
FN:275,(anonymous_31)
FN:284,(anonymous_32)
FN:290,(anonymous_33)
FN:304,(anonymous_34)
FN:317,(anonymous_35)
FN:322,(anonymous_36)
FN:327,(anonymous_37)
FN:340,(anonymous_38)
FN:345,(anonymous_39)
FN:358,(anonymous_40)
FN:363,(anonymous_41)
FN:376,(anonymous_42)
FN:390,(anonymous_43)
FN:404,(anonymous_44)
FN:418,(anonymous_45)
FN:432,(anonymous_46)
FN:446,(anonymous_47)
FN:452,(anonymous_48)
FN:457,(anonymous_49)
FN:465,(anonymous_50)
FN:476,(anonymous_51)
FN:481,(anonymous_52)
FN:486,(anonymous_53)
FNF:50
FNH:0
FNDA:0,(anonymous_4)
FNDA:0,(anonymous_5)
FNDA:0,(anonymous_6)
FNDA:0,(anonymous_7)
FNDA:0,(anonymous_8)
FNDA:0,(anonymous_9)
FNDA:0,(anonymous_10)
FNDA:0,(anonymous_11)
FNDA:0,(anonymous_12)
FNDA:0,(anonymous_13)
FNDA:0,(anonymous_14)
FNDA:0,(anonymous_15)
FNDA:0,(anonymous_16)
FNDA:0,(anonymous_17)
FNDA:0,(anonymous_18)
FNDA:0,(anonymous_19)
FNDA:0,(anonymous_20)
FNDA:0,(anonymous_21)
FNDA:0,(anonymous_22)
FNDA:0,(anonymous_23)
FNDA:0,(anonymous_24)
FNDA:0,(anonymous_25)
FNDA:0,(anonymous_26)
FNDA:0,(anonymous_27)
FNDA:0,(anonymous_28)
FNDA:0,(anonymous_29)
FNDA:0,(anonymous_30)
FNDA:0,(anonymous_31)
FNDA:0,(anonymous_32)
FNDA:0,(anonymous_33)
FNDA:0,(anonymous_34)
FNDA:0,(anonymous_35)
FNDA:0,(anonymous_36)
FNDA:0,(anonymous_37)
FNDA:0,(anonymous_38)
FNDA:0,(anonymous_39)
FNDA:0,(anonymous_40)
FNDA:0,(anonymous_41)
FNDA:0,(anonymous_42)
FNDA:0,(anonymous_43)
FNDA:0,(anonymous_44)
FNDA:0,(anonymous_45)
FNDA:0,(anonymous_46)
FNDA:0,(anonymous_47)
FNDA:0,(anonymous_48)
FNDA:0,(anonymous_49)
FNDA:0,(anonymous_50)
FNDA:0,(anonymous_51)
FNDA:0,(anonymous_52)
FNDA:0,(anonymous_53)
DA:1,0
DA:12,0
DA:13,0
DA:14,0
DA:15,0
DA:16,0
DA:56,0
DA:61,0
DA:62,0
DA:65,0
DA:66,0
DA:70,0
DA:71,0
DA:75,0
DA:76,0
DA:80,0
DA:81,0
DA:85,0
DA:86,0
DA:90,0
DA:95,0
DA:103,0
DA:108,0
DA:112,0
DA:113,0
DA:117,0
DA:118,0
DA:123,0
DA:124,0
DA:129,0
DA:130,0
DA:134,0
DA:135,0
DA:139,0
DA:143,0
DA:147,0
DA:148,0
DA:152,0
DA:157,0
DA:165,0
DA:170,0
DA:178,0
DA:183,0
DA:191,0
DA:192,0
DA:196,0
DA:201,0
DA:205,0
DA:206,0
DA:210,0
DA:215,0
DA:224,0
DA:229,0
DA:237,0
DA:242,0
DA:246,0
DA:251,0
DA:255,0
DA:260,0
DA:265,0
DA:270,0
DA:275,0
DA:280,0
DA:284,0
DA:285,0
DA:290,0
DA:295,0
DA:304,0
DA:309,0
DA:317,0
DA:318,0
DA:322,0
DA:323,0
DA:327,0
DA:332,0
DA:340,0
DA:341,0
DA:345,0
DA:350,0
DA:358,0
DA:359,0
DA:363,0
DA:368,0
DA:376,0
DA:381,0
DA:390,0
DA:395,0
DA:404,0
DA:409,0
DA:418,0
DA:423,0
DA:432,0
DA:437,0
DA:446,0
DA:447,0
DA:452,0
DA:453,0
DA:457,0
DA:461,0
DA:465,0
DA:469,0
DA:476,0
DA:477,0
DA:481,0
DA:482,0
DA:486,0
DA:487,0
LF:107
LH:0
BRDA:70,0,0,0
BRDA:70,0,1,0
BRDA:70,1,0,0
BRDA:70,1,1,0
BRDA:75,2,0,0
BRDA:75,2,1,0
BRDA:75,3,0,0
BRDA:75,3,1,0
BRDA:80,4,0,0
BRDA:80,4,1,0
BRDA:80,5,0,0
BRDA:80,5,1,0
BRDA:92,6,0,0
BRDA:92,6,1,0
BRDA:92,7,0,0
BRDA:92,7,1,0
BRDA:105,8,0,0
BRDA:105,8,1,0
BRDA:105,9,0,0
BRDA:105,9,1,0
BRDA:117,10,0,0
BRDA:117,10,1,0
BRDA:117,11,0,0
BRDA:117,11,1,0
BRDA:123,12,0,0
BRDA:123,12,1,0
BRDA:123,13,0,0
BRDA:123,13,1,0
BRDA:134,14,0,0
BRDA:134,14,1,0
BRDA:134,15,0,0
BRDA:134,15,1,0
BRDA:140,16,0,0
BRDA:140,16,1,0
BRDA:140,17,0,0
BRDA:140,17,1,0
BRDA:154,18,0,0
BRDA:154,18,1,0
BRDA:154,19,0,0
BRDA:154,19,1,0
BRDA:167,20,0,0
BRDA:167,20,1,0
BRDA:167,21,0,0
BRDA:167,21,1,0
BRDA:180,22,0,0
BRDA:180,22,1,0
BRDA:180,23,0,0
BRDA:180,23,1,0
BRDA:191,24,0,0
BRDA:191,24,1,0
BRDA:191,25,0,0
BRDA:191,25,1,0
BRDA:198,26,0,0
BRDA:198,26,1,0
BRDA:198,27,0,0
BRDA:198,27,1,0
BRDA:212,28,0,0
BRDA:212,28,1,0
BRDA:212,29,0,0
BRDA:212,29,1,0
BRDA:226,30,0,0
BRDA:226,30,1,0
BRDA:226,31,0,0
BRDA:226,31,1,0
BRDA:239,32,0,0
BRDA:239,32,1,0
BRDA:239,33,0,0
BRDA:239,33,1,0
BRDA:248,34,0,0
BRDA:248,34,1,0
BRDA:248,35,0,0
BRDA:248,35,1,0
BRDA:257,36,0,0
BRDA:257,36,1,0
BRDA:257,37,0,0
BRDA:257,37,1,0
BRDA:267,38,0,0
BRDA:267,38,1,0
BRDA:267,39,0,0
BRDA:267,39,1,0
BRDA:277,40,0,0
BRDA:277,40,1,0
BRDA:277,41,0,0
BRDA:277,41,1,0
BRDA:284,42,0,0
BRDA:284,42,1,0
BRDA:284,43,0,0
BRDA:284,43,1,0
BRDA:292,44,0,0
BRDA:292,44,1,0
BRDA:292,45,0,0
BRDA:292,45,1,0
BRDA:306,46,0,0
BRDA:306,46,1,0
BRDA:306,47,0,0
BRDA:306,47,1,0
BRDA:317,48,0,0
BRDA:317,48,1,0
BRDA:317,49,0,0
BRDA:317,49,1,0
BRDA:329,50,0,0
BRDA:329,50,1,0
BRDA:329,51,0,0
BRDA:329,51,1,0
BRDA:340,52,0,0
BRDA:340,52,1,0
BRDA:340,53,0,0
BRDA:340,53,1,0
BRDA:347,54,0,0
BRDA:347,54,1,0
BRDA:347,55,0,0
BRDA:347,55,1,0
BRDA:358,56,0,0
BRDA:358,56,1,0
BRDA:358,57,0,0
BRDA:358,57,1,0
BRDA:365,58,0,0
BRDA:365,58,1,0
BRDA:365,59,0,0
BRDA:365,59,1,0
BRDA:378,60,0,0
BRDA:378,60,1,0
BRDA:378,61,0,0
BRDA:378,61,1,0
BRDA:392,62,0,0
BRDA:392,62,1,0
BRDA:392,63,0,0
BRDA:392,63,1,0
BRDA:406,64,0,0
BRDA:406,64,1,0
BRDA:406,65,0,0
BRDA:406,65,1,0
BRDA:420,66,0,0
BRDA:420,66,1,0
BRDA:420,67,0,0
BRDA:420,67,1,0
BRDA:434,68,0,0
BRDA:434,68,1,0
BRDA:434,69,0,0
BRDA:434,69,1,0
BRDA:458,70,0,0
BRDA:458,70,1,0
BRDA:458,71,0,0
BRDA:458,71,1,0
BRDA:466,72,0,0
BRDA:466,72,1,0
BRDA:466,73,0,0
BRDA:466,73,1,0
BRDA:476,74,0,0
BRDA:476,74,1,0
BRDA:476,75,0,0
BRDA:476,75,1,0
BRDA:481,76,0,0
BRDA:481,76,1,0
BRDA:481,77,0,0
BRDA:481,77,1,0
BRDA:486,78,0,0
BRDA:486,78,1,0
BRDA:486,79,0,0
BRDA:486,79,1,0
BRDA:62,80,0,0
BRDA:62,80,1,0
BRDA:62,81,0,0
BRDA:62,81,1,0
BRF:164
BRH:0
end_of_record
TN:
SF:src\microfinance\microfinance.cron.ts
FN:9,(anonymous_2)
FN:12,(anonymous_3)
FN:23,(anonymous_4)
FNF:3
FNH:0
FNDA:0,(anonymous_2)
FNDA:0,(anonymous_3)
FNDA:0,(anonymous_4)
DA:1,0
DA:2,0
DA:3,0
DA:6,0
DA:7,0
DA:9,0
DA:12,0
DA:13,0
DA:14,0
DA:15,0
DA:16,0
DA:18,0
DA:23,0
DA:24,0
DA:25,0
DA:26,0
DA:27,0
DA:29,0
LF:18
LH:0
BRDA:9,0,0,0
BRDA:9,0,1,0
BRDA:9,1,0,0
BRDA:9,1,1,0
BRF:4
BRH:0
end_of_record
TN:
SF:src\microfinance\microfinance.module.ts
FNF:0
FNH:0
DA:1,0
DA:2,0
DA:3,0
DA:4,0
DA:5,0
DA:6,0
DA:14,0
LF:7
LH:0
BRF:0
BRH:0
end_of_record
TN:
SF:src\microfinance\microfinance.service.ts
FN:83,(anonymous_2)
FN:89,(anonymous_3)
FN:121,(anonymous_4)
FN:138,(anonymous_5)
FN:177,(anonymous_6)
FN:209,(anonymous_7)
FN:230,(anonymous_8)
FN:291,(anonymous_9)
FN:317,(anonymous_10)
FN:324,(anonymous_11)
FN:399,(anonymous_12)
FN:437,(anonymous_13)
FN:478,(anonymous_14)
FN:514,(anonymous_15)
FN:554,(anonymous_16)
FN:597,(anonymous_17)
FN:601,(anonymous_18)
FN:606,(anonymous_19)
FN:611,(anonymous_20)
FN:740,(anonymous_21)
FN:855,(anonymous_22)
FN:956,(anonymous_23)
FN:994,(anonymous_24)
FN:1010,(anonymous_25)
FN:1085,(anonymous_26)
FN:1153,(anonymous_27)
FN:1198,(anonymous_28)
FN:1224,(anonymous_29)
FN:1226,(anonymous_30)
FN:1321,(anonymous_31)
FN:1350,(anonymous_32)
FN:1417,(anonymous_33)
FN:1485,(anonymous_34)
FN:1539,(anonymous_35)
FN:1585,(anonymous_36)
FN:1644,(anonymous_37)
FN:1673,(anonymous_38)
FN:1676,(anonymous_39)
FN:1686,(anonymous_40)
FN:1738,(anonymous_41)
FN:1739,(anonymous_42)
FN:1742,(anonymous_43)
FN:1745,(anonymous_44)
FN:1750,(anonymous_45)
FN:1751,(anonymous_46)
FN:1753,(anonymous_47)
FN:1757,(anonymous_48)
FN:1758,(anonymous_49)
FN:1760,(anonymous_50)
FN:1767,(anonymous_51)
FN:1770,(anonymous_52)
FN:1773,(anonymous_53)
FN:1775,(anonymous_54)
FN:1782,(anonymous_55)
FN:1785,(anonymous_56)
FN:1815,(anonymous_57)
FN:1835,(anonymous_58)
FN:1914,(anonymous_59)
FN:1960,(anonymous_60)
FN:2013,(anonymous_61)
FN:2033,(anonymous_62)
FN:2041,(anonymous_63)
FN:2068,(anonymous_64)
FN:2110,(anonymous_65)
FN:2127,(anonymous_66)
FN:2196,(anonymous_67)
FN:2240,(anonymous_68)
FN:2254,(anonymous_69)
FN:2284,(anonymous_70)
FN:2291,(anonymous_71)
FN:2324,(anonymous_72)
FN:2368,(anonymous_73)
FN:2384,(anonymous_74)
FN:2441,(anonymous_75)
FN:2484,(anonymous_76)
FN:2516,(anonymous_77)
FN:2544,(anonymous_78)
FN:2634,(anonymous_79)
FN:2761,(anonymous_80)
FN:2802,(anonymous_81)
FN:2848,(anonymous_82)
FN:2875,(anonymous_83)
FN:2905,(anonymous_84)
FN:2935,(anonymous_85)
FN:2985,(anonymous_86)
FN:3039,(anonymous_87)
FN:3048,(anonymous_88)
FN:3059,(anonymous_89)
FN:3068,(anonymous_90)
FN:3072,(anonymous_91)
FN:3092,(anonymous_92)
FN:3118,(anonymous_93)
FN:3126,(anonymous_94)
FN:3135,(anonymous_95)
FN:3150,(anonymous_96)
FN:3176,(anonymous_97)
FN:3202,(anonymous_98)
FN:3224,(anonymous_99)
FN:3248,(anonymous_100)
FN:3259,(anonymous_101)
FN:3271,(anonymous_102)
FN:3290,(anonymous_103)
FN:3340,(anonymous_104)
FN:3352,(anonymous_105)
FN:3364,(anonymous_106)
FN:3368,(anonymous_107)
FN:3383,(anonymous_108)
FN:3399,(anonymous_109)
FN:3405,(anonymous_110)
FN:3416,(anonymous_111)
FN:3425,(anonymous_112)
FN:3433,(anonymous_113)
FN:3439,(anonymous_114)
FN:3446,(anonymous_115)
FN:3450,(anonymous_116)
FN:3454,(anonymous_117)
FN:3458,(anonymous_118)
FN:3464,(anonymous_119)
FNF:118
FNH:87
FNDA:55,(anonymous_2)
FNDA:0,(anonymous_3)
FNDA:0,(anonymous_4)
FNDA:1,(anonymous_5)
FNDA:1,(anonymous_6)
FNDA:1,(anonymous_7)
FNDA:1,(anonymous_8)
FNDA:1,(anonymous_9)
FNDA:0,(anonymous_10)
FNDA:3,(anonymous_11)
FNDA:0,(anonymous_12)
FNDA:2,(anonymous_13)
FNDA:1,(anonymous_14)
FNDA:1,(anonymous_15)
FNDA:1,(anonymous_16)
FNDA:1,(anonymous_17)
FNDA:1,(anonymous_18)
FNDA:0,(anonymous_19)
FNDA:0,(anonymous_20)
FNDA:0,(anonymous_21)
FNDA:1,(anonymous_22)
FNDA:2,(anonymous_23)
FNDA:1,(anonymous_24)
FNDA:0,(anonymous_25)
FNDA:1,(anonymous_26)
FNDA:1,(anonymous_27)
FNDA:3,(anonymous_28)
FNDA:0,(anonymous_29)
FNDA:2,(anonymous_30)
FNDA:2,(anonymous_31)
FNDA:1,(anonymous_32)
FNDA:2,(anonymous_33)
FNDA:1,(anonymous_34)
FNDA:1,(anonymous_35)
FNDA:2,(anonymous_36)
FNDA:0,(anonymous_37)
FNDA:0,(anonymous_38)
FNDA:0,(anonymous_39)
FNDA:0,(anonymous_40)
FNDA:0,(anonymous_41)
FNDA:0,(anonymous_42)
FNDA:0,(anonymous_43)
FNDA:0,(anonymous_44)
FNDA:0,(anonymous_45)
FNDA:0,(anonymous_46)
FNDA:0,(anonymous_47)
FNDA:0,(anonymous_48)
FNDA:0,(anonymous_49)
FNDA:0,(anonymous_50)
FNDA:0,(anonymous_51)
FNDA:0,(anonymous_52)
FNDA:0,(anonymous_53)
FNDA:0,(anonymous_54)
FNDA:0,(anonymous_55)
FNDA:0,(anonymous_56)
FNDA:3,(anonymous_57)
FNDA:3,(anonymous_58)
FNDA:1,(anonymous_59)
FNDA:1,(anonymous_60)
FNDA:3,(anonymous_61)
FNDA:2,(anonymous_62)
FNDA:2,(anonymous_63)
FNDA:1,(anonymous_64)
FNDA:1,(anonymous_65)
FNDA:4,(anonymous_66)
FNDA:4,(anonymous_67)
FNDA:20,(anonymous_68)
FNDA:1,(anonymous_69)
FNDA:1,(anonymous_70)
FNDA:1,(anonymous_71)
FNDA:1,(anonymous_72)
FNDA:0,(anonymous_73)
FNDA:1,(anonymous_74)
FNDA:1,(anonymous_75)
FNDA:1,(anonymous_76)
FNDA:1,(anonymous_77)
FNDA:2,(anonymous_78)
FNDA:2,(anonymous_79)
FNDA:2,(anonymous_80)
FNDA:2,(anonymous_81)
FNDA:1,(anonymous_82)
FNDA:1,(anonymous_83)
FNDA:3,(anonymous_84)
FNDA:2,(anonymous_85)
FNDA:4,(anonymous_86)
FNDA:1,(anonymous_87)
FNDA:2,(anonymous_88)
FNDA:4,(anonymous_89)
FNDA:4,(anonymous_90)
FNDA:2,(anonymous_91)
FNDA:3,(anonymous_92)
FNDA:9,(anonymous_93)
FNDA:1,(anonymous_94)
FNDA:2,(anonymous_95)
FNDA:5,(anonymous_96)
FNDA:2,(anonymous_97)
FNDA:1,(anonymous_98)
FNDA:5,(anonymous_99)
FNDA:1,(anonymous_100)
FNDA:1,(anonymous_101)
FNDA:1,(anonymous_102)
FNDA:1,(anonymous_103)
FNDA:1,(anonymous_104)
FNDA:1,(anonymous_105)
FNDA:1,(anonymous_106)
FNDA:0,(anonymous_107)
FNDA:2,(anonymous_108)
FNDA:3,(anonymous_109)
FNDA:11,(anonymous_110)
FNDA:2,(anonymous_111)
FNDA:4,(anonymous_112)
FNDA:12,(anonymous_113)
FNDA:5,(anonymous_114)
FNDA:24,(anonymous_115)
FNDA:15,(anonymous_116)
FNDA:18,(anonymous_117)
FNDA:6,(anonymous_118)
FNDA:3,(anonymous_119)
DA:1,2
DA:6,2
DA:28,2
DA:29,2
DA:30,2
DA:79,2
DA:82,2
DA:84,55
DA:85,55
DA:86,55
DA:90,0
DA:91,0
DA:92,0
DA:94,0
DA:95,0
DA:101,0
DA:103,0
DA:118,0
DA:122,0
DA:139,1
DA:166,1
DA:174,1
DA:178,1
DA:180,1
DA:194,1
DA:206,1
DA:210,1
DA:213,1
DA:218,1
DA:227,1
DA:231,1
DA:232,0
DA:236,1
DA:237,0
DA:241,1
DA:242,0
DA:247,1
DA:248,1
DA:276,1
DA:288,1
DA:292,1
DA:295,1
DA:296,1
DA:305,1
DA:314,1
DA:318,0
DA:325,3
DA:326,3
DA:327,3
DA:328,3
DA:337,3
DA:338,1
DA:342,2
DA:343,0
DA:348,2
DA:349,2
DA:350,2
DA:357,2
DA:374,2
DA:384,2
DA:396,2
DA:400,0
DA:401,0
DA:402,0
DA:404,0
DA:405,0
DA:406,0
DA:407,0
DA:414,0
DA:434,0
DA:438,2
DA:484,1
DA:487,1
DA:498,1
DA:503,1
DA:511,1
DA:519,1
DA:522,1
DA:537,1
DA:542,1
DA:551,1
DA:556,1
DA:579,1
DA:580,0
DA:584,1
DA:585,1
DA:586,1
DA:591,1
DA:596,1
DA:597,1
DA:599,1
DA:600,1
DA:602,1
DA:605,1
DA:607,0
DA:610,1
DA:611,0
DA:614,1
DA:615,1
DA:621,1
DA:627,1
DA:633,1
DA:640,1
DA:649,1
DA:655,1
DA:660,1
DA:663,1
DA:673,1
DA:683,1
DA:692,1
DA:719,1
DA:729,1
DA:737,1
DA:746,0
DA:753,0
DA:754,0
DA:755,0
DA:759,0
DA:760,0
DA:765,0
DA:768,0
DA:769,0
DA:770,0
DA:775,0
DA:776,0
DA:781,0
DA:782,0
DA:783,0
DA:784,0
DA:786,0
DA:788,0
DA:797,0
DA:800,0
DA:804,0
DA:809,0
DA:814,0
DA:815,0
DA:839,0
DA:844,0
DA:852,0
DA:856,1
DA:860,1
DA:864,0
DA:868,1
DA:873,0
DA:878,1
DA:879,1
DA:880,1
DA:881,1
DA:882,1
DA:887,1
DA:893,1
DA:894,1
DA:898,0
DA:899,0
DA:903,0
DA:908,0
DA:913,0
DA:941,0
DA:953,0
DA:957,2
DA:960,2
DA:961,0
DA:965,2
DA:966,1
DA:970,1
DA:973,1
DA:982,1
DA:991,1
DA:999,1
DA:1003,1
DA:1004,1
DA:1008,0
DA:1011,0
DA:1015,0
DA:1019,0
DA:1020,0
DA:1021,0
DA:1025,0
DA:1026,0
DA:1031,0
DA:1045,0
DA:1053,0
DA:1054,0
DA:1055,0
DA:1056,0
DA:1058,0
DA:1071,0
DA:1072,0
DA:1073,0
DA:1074,0
DA:1077,0
DA:1078,0
DA:1082,0
DA:1090,1
DA:1095,1
DA:1099,0
DA:1103,1
DA:1107,0
DA:1112,1
DA:1113,0
DA:1117,0
DA:1121,0
DA:1122,0
DA:1126,0
DA:1135,0
DA:1146,0
DA:1149,1
DA:1153,1
DA:1154,1
DA:1169,1
DA:1180,1
DA:1183,1
DA:1195,1
DA:1203,3
DA:1214,3
DA:1218,1
DA:1223,2
DA:1224,0
DA:1227,2
DA:1231,2
DA:1232,0
DA:1236,2
DA:1240,0
DA:1245,2
DA:1248,2
DA:1249,0
DA:1254,2
DA:1255,2
DA:1256,2
DA:1259,2
DA:1260,2
DA:1264,2
DA:1268,2
DA:1272,2
DA:1277,2
DA:1283,2
DA:1291,2
DA:1292,2
DA:1293,2
DA:1294,2
DA:1295,2
DA:1297,2
DA:1310,2
DA:1311,0
DA:1314,2
DA:1316,0
DA:1317,0
DA:1321,2
DA:1322,2
DA:1335,2
DA:1347,2
DA:1348,2
DA:1349,1
DA:1350,1
DA:1352,1
DA:1353,1
DA:1361,1
DA:1365,2
DA:1377,2
DA:1385,2
DA:1386,1
DA:1389,1
DA:1394,0
DA:1401,2
DA:1414,2
DA:1422,2
DA:1425,2
DA:1426,2
DA:1427,2
DA:1430,2
DA:1431,0
DA:1436,2
DA:1451,2
DA:1470,2
DA:1482,2
DA:1490,1
DA:1493,1
DA:1494,0
DA:1499,1
DA:1524,1
DA:1536,1
DA:1543,1
DA:1550,0
DA:1570,0
DA:1582,0
DA:1589,2
DA:1592,2
DA:1593,2
DA:1600,1
DA:1602,0
DA:1605,0
DA:1606,0
DA:1612,1
DA:1629,1
DA:1641,1
DA:1652,0
DA:1668,0
DA:1673,0
DA:1676,0
DA:1687,0
DA:1688,0
DA:1691,0
DA:1711,0
DA:1718,0
DA:1738,0
DA:1739,0
DA:1741,0
DA:1742,0
DA:1744,0
DA:1745,0
DA:1748,0
DA:1751,0
DA:1753,0
DA:1755,0
DA:1758,0
DA:1760,0
DA:1763,0
DA:1765,0
DA:1767,0
DA:1770,0
DA:1773,0
DA:1775,0
DA:1778,0
DA:1782,0
DA:1785,0
DA:1820,3
DA:1824,3
DA:1825,0
DA:1829,3
DA:1830,1
DA:1834,2
DA:1835,3
DA:1837,2
DA:1838,2
DA:1842,2
DA:1843,2
DA:1846,2
DA:1851,2
DA:1857,2
DA:1858,1
DA:1862,1
DA:1863,0
DA:1869,1
DA:1870,1
DA:1871,1
DA:1876,0
DA:1891,0
DA:1903,0
DA:1919,1
DA:1922,1
DA:1923,0
DA:1927,1
DA:1931,1
DA:1941,1
DA:1942,0
DA:1948,1
DA:1957,1
DA:1965,1
DA:1968,1
DA:1969,0
DA:1973,1
DA:1983,1
DA:1989,1
DA:1990,1
DA:1993,1
DA:1994,1
DA:2001,1
DA:2010,1
DA:2018,3
DA:2024,3
DA:2028,0
DA:2032,3
DA:2033,2
DA:2034,2
DA:2035,1
DA:2041,2
DA:2042,2
DA:2046,2
DA:2050,2
DA:2053,2
DA:2065,2
DA:2073,1
DA:2076,1
DA:2077,0
DA:2081,1
DA:2098,1
DA:2107,1
DA:2111,1
DA:2112,1
DA:2115,1
DA:2117,1
DA:2126,1
DA:2128,4
DA:2167,4
DA:2169,4
DA:2170,4
DA:2172,4
DA:2174,4
DA:2181,4
DA:2196,4
DA:2239,1
DA:2240,20
DA:2251,1
DA:2255,1
DA:2256,1
DA:2257,1
DA:2259,1
DA:2278,1
DA:2284,1
DA:2298,1
DA:2299,1
DA:2300,1
DA:2301,1
DA:2302,1
DA:2303,1
DA:2305,1
DA:2321,1
DA:2325,1
DA:2326,1
DA:2327,1
DA:2329,1
DA:2330,1
DA:2331,1
DA:2332,0
DA:2339,1
DA:2365,1
DA:2369,0
DA:2385,1
DA:2386,1
DA:2387,1
DA:2389,1
DA:2390,1
DA:2391,1
DA:2392,0
DA:2403,1
DA:2438,1
DA:2442,1
DA:2443,1
DA:2444,1
DA:2446,1
DA:2447,1
DA:2448,1
DA:2449,0
DA:2460,1
DA:2481,1
DA:2485,1
DA:2486,1
DA:2487,1
DA:2489,1
DA:2490,1
DA:2492,1
DA:2513,1
DA:2517,1
DA:2518,1
DA:2519,1
DA:2521,1
DA:2522,1
DA:2523,1
DA:2525,1
DA:2541,1
DA:2545,2
DA:2546,2
DA:2554,2
DA:2555,2
DA:2556,2
DA:2558,2
DA:2559,2
DA:2562,2
DA:2565,2
DA:2567,2
DA:2576,2
DA:2577,2
DA:2579,0
DA:2582,2
DA:2587,2
DA:2595,2
DA:2596,1
DA:2609,1
DA:2614,2
DA:2626,2
DA:2640,2
DA:2649,2
DA:2650,1
DA:2655,1
DA:2656,1
DA:2657,0
DA:2661,1
DA:2662,0
DA:2667,1
DA:2670,1
DA:2671,1
DA:2672,0
DA:2677,1
DA:2678,1
DA:2683,1
DA:2684,1
DA:2685,1
DA:2686,1
DA:2688,1
DA:2690,1
DA:2699,1
DA:2702,1
DA:2706,1
DA:2711,0
DA:2716,1
DA:2717,1
DA:2739,1
DA:2744,1
DA:2758,1
DA:2767,2
DA:2771,2
DA:2779,2
DA:2780,1
DA:2785,1
DA:2790,1
DA:2799,1
DA:2803,2
DA:2807,2
DA:2811,1
DA:2815,1
DA:2816,0
DA:2821,1
DA:2833,1
DA:2845,1
DA:2849,1
DA:2852,1
DA:2853,0
DA:2858,1
DA:2863,1
DA:2872,1
DA:2876,1
DA:2879,1
DA:2883,0
DA:2888,1
DA:2893,1
DA:2902,1
DA:2906,3
DA:2907,3
DA:2914,3
DA:2915,3
DA:2916,3
DA:2920,3
DA:2923,3
DA:2924,2
DA:2932,3
DA:2940,2
DA:2945,2
DA:2946,1
DA:2951,1
DA:2952,1
DA:2953,0
DA:2958,1
DA:2960,1
DA:2974,1
DA:2982,1
DA:2990,4
DA:2993,4
DA:2995,4
DA:3000,0
DA:3004,4
DA:3008,1
DA:3012,3
DA:3017,0
DA:3022,3
DA:3027,3
DA:3036,3
DA:3043,1
DA:3044,1
DA:3045,0
DA:3052,2
DA:3053,2
DA:3054,2
DA:3055,2
DA:3056,0
DA:3064,4
DA:3065,4
DA:3069,4
DA:3076,2
DA:3077,2
DA:3078,0
DA:3082,2
DA:3086,0
DA:3093,3
DA:3098,0
DA:3102,3
DA:3107,0
DA:3111,3
DA:3116,3
DA:3118,9
DA:3120,0
DA:3130,1
DA:3131,1
DA:3132,0
DA:3139,2
DA:3142,2
DA:3143,0
DA:3147,2
DA:3156,5
DA:3157,5
DA:3168,5
DA:3169,2
DA:3173,3
DA:3177,2
DA:3210,1
DA:3214,1
DA:3220,1
DA:3221,1
DA:3222,1
DA:3224,1
DA:3225,5
DA:3226,5
DA:3229,5
DA:3232,5
DA:3249,1
DA:3250,1
DA:3251,1
DA:3252,0
DA:3253,0
DA:3254,0
DA:3255,0
DA:3256,0
DA:3264,1
DA:3265,1
DA:3266,0
DA:3267,0
DA:3268,0
DA:3279,1
DA:3280,0
DA:3281,1
DA:3282,0
DA:3283,1
DA:3284,1
DA:3285,0
DA:3286,0
DA:3287,0
DA:3300,1
DA:3301,1
DA:3302,0
DA:3308,1
DA:3309,0
DA:3315,1
DA:3316,0
DA:3322,1
DA:3323,0
DA:3329,1
DA:3337,1
DA:3343,1
DA:3344,0
DA:3345,1
DA:3346,0
DA:3347,1
DA:3348,0
DA:3349,1
DA:3355,1
DA:3356,1
DA:3357,0
DA:3358,0
DA:3359,0
DA:3360,0
DA:3361,0
DA:3367,1
DA:3368,1
DA:3369,0
DA:3370,0
DA:3386,2
DA:3396,2
DA:3402,3
DA:3410,11
DA:3411,11
DA:3421,2
DA:3422,2
DA:3430,4
DA:3431,4
DA:3432,4
DA:3434,12
DA:3436,4
DA:3440,5
DA:3441,5
DA:3443,0
DA:3447,24
DA:3451,15
DA:3455,18
DA:3459,6
DA:3460,6
DA:3461,6
DA:3465,3
DA:3466,3
LF:688
LH:486
BRDA:90,0,0,0
BRDA:90,1,0,0
BRDA:94,2,0,0
BRDA:94,2,1,0
BRDA:101,3,0,0
BRDA:101,3,1,0
BRDA:145,4,0,0
BRDA:145,4,1,1
BRDA:149,5,0,1
BRDA:149,5,1,0
BRDA:150,6,0,1
BRDA:150,6,1,1
BRDA:154,7,0,0
BRDA:154,7,1,1
BRDA:188,8,0,0
BRDA:188,8,1,1
BRDA:231,9,0,0
BRDA:231,9,1,1
BRDA:236,10,0,0
BRDA:236,10,1,1
BRDA:241,11,0,0
BRDA:241,11,1,1
BRDA:247,12,0,1
BRDA:247,12,1,0
BRDA:256,13,0,1
BRDA:256,13,1,1
BRDA:262,14,0,1
BRDA:262,14,1,1
BRDA:263,15,0,1
BRDA:263,15,1,1
BRDA:264,16,0,1
BRDA:264,16,1,1
BRDA:265,17,0,1
BRDA:265,17,1,1
BRDA:267,18,0,1
BRDA:267,18,1,0
BRDA:268,19,0,1
BRDA:268,19,1,0
BRDA:319,20,0,0
BRDA:319,20,1,0
BRDA:326,21,0,3
BRDA:326,21,1,3
BRDA:327,22,0,3
BRDA:327,22,1,3
BRDA:328,23,0,0
BRDA:328,23,1,3
BRDA:337,24,0,1
BRDA:337,24,1,2
BRDA:342,25,0,0
BRDA:342,25,1,2
BRDA:342,26,0,2
BRDA:342,26,1,2
BRDA:349,27,0,2
BRDA:349,27,1,0
BRDA:363,28,0,2
BRDA:363,28,1,2
BRDA:368,29,0,2
BRDA:368,29,1,2
BRDA:400,30,0,0
BRDA:400,31,0,0
BRDA:404,32,0,0
BRDA:404,32,1,0
BRDA:405,33,0,0
BRDA:405,33,1,0
BRDA:406,34,0,0
BRDA:406,34,1,0
BRDA:491,35,0,1
BRDA:491,35,1,0
BRDA:492,36,0,1
BRDA:492,36,1,1
BRDA:493,37,0,0
BRDA:493,37,1,1
BRDA:579,38,0,0
BRDA:579,38,1,1
BRDA:602,39,0,1
BRDA:602,39,1,1
BRDA:607,40,0,0
BRDA:607,40,1,0
BRDA:617,41,0,1
BRDA:617,41,1,0
BRDA:618,42,0,1
BRDA:618,42,1,0
BRDA:621,43,0,1
BRDA:621,43,1,0
BRDA:623,44,0,0
BRDA:623,44,1,0
BRDA:627,45,0,1
BRDA:627,45,1,0
BRDA:627,46,0,1
BRDA:627,46,1,0
BRDA:629,47,0,0
BRDA:629,47,1,0
BRDA:629,48,0,0
BRDA:629,48,1,0
BRDA:633,49,0,0
BRDA:633,49,1,1
BRDA:635,50,0,1
BRDA:635,50,1,0
BRDA:637,51,0,0
BRDA:637,51,1,0
BRDA:640,52,0,0
BRDA:640,52,1,1
BRDA:642,53,0,1
BRDA:642,53,1,0
BRDA:642,54,0,1
BRDA:642,54,1,1
BRDA:642,54,2,1
BRDA:646,55,0,0
BRDA:646,55,1,0
BRDA:649,56,0,0
BRDA:649,56,1,1
BRDA:651,57,0,0
BRDA:651,57,1,1
BRDA:655,58,0,1
BRDA:655,58,1,0
BRDA:655,59,0,1
BRDA:655,59,1,0
BRDA:660,60,0,1
BRDA:660,60,1,0
BRDA:723,61,0,0
BRDA:723,61,1,1
BRDA:754,62,0,0
BRDA:754,62,1,0
BRDA:759,63,0,0
BRDA:759,63,1,0
BRDA:768,64,0,0
BRDA:768,64,1,0
BRDA:769,65,0,0
BRDA:769,65,1,0
BRDA:769,66,0,0
BRDA:769,66,1,0
BRDA:786,67,0,0
BRDA:786,67,1,0
BRDA:788,68,0,0
BRDA:788,68,1,0
BRDA:792,69,0,0
BRDA:792,69,1,0
BRDA:797,70,0,0
BRDA:797,70,1,0
BRDA:798,71,0,0
BRDA:798,71,1,0
BRDA:800,72,0,0
BRDA:800,72,1,0
BRDA:801,73,0,0
BRDA:801,73,1,0
BRDA:804,74,0,0
BRDA:804,74,1,0
BRDA:805,75,0,0
BRDA:805,75,1,0
BRDA:805,75,2,0
BRDA:825,76,0,0
BRDA:825,76,1,0
BRDA:860,77,0,0
BRDA:860,77,1,1
BRDA:861,78,0,1
BRDA:861,78,1,0
BRDA:868,79,0,0
BRDA:868,79,1,1
BRDA:869,80,0,1
BRDA:869,80,1,1
BRDA:869,80,2,1
BRDA:879,81,0,1
BRDA:879,81,1,0
BRDA:880,82,0,1
BRDA:880,82,1,1
BRDA:881,83,0,1
BRDA:881,83,1,1
BRDA:893,84,0,1
BRDA:893,84,1,0
BRDA:893,85,0,1
BRDA:893,85,1,1
BRDA:898,86,0,0
BRDA:898,86,1,0
BRDA:903,87,0,0
BRDA:903,87,1,0
BRDA:904,88,0,0
BRDA:904,88,1,0
BRDA:904,88,2,0
BRDA:923,89,0,0
BRDA:923,89,1,0
BRDA:925,90,0,0
BRDA:925,90,1,0
BRDA:927,91,0,0
BRDA:927,91,1,0
BRDA:930,92,0,0
BRDA:930,92,1,0
BRDA:934,93,0,0
BRDA:934,93,1,0
BRDA:960,94,0,0
BRDA:960,94,1,2
BRDA:965,95,0,1
BRDA:965,95,1,1
BRDA:965,96,0,2
BRDA:965,96,1,2
BRDA:978,97,0,1
BRDA:978,97,1,0
BRDA:1003,98,0,1
BRDA:1003,98,1,0
BRDA:1008,99,0,0
BRDA:1008,99,1,0
BRDA:1011,100,0,0
BRDA:1011,100,1,0
BRDA:1019,101,0,0
BRDA:1019,101,1,0
BRDA:1020,102,0,0
BRDA:1020,102,1,0
BRDA:1025,103,0,0
BRDA:1025,103,1,0
BRDA:1053,104,0,0
BRDA:1053,104,1,0
BRDA:1056,105,0,0
BRDA:1056,105,1,0
BRDA:1066,106,0,0
BRDA:1066,106,1,0
BRDA:1071,107,0,0
BRDA:1071,107,1,0
BRDA:1072,108,0,0
BRDA:1072,108,1,0
BRDA:1073,109,0,0
BRDA:1073,109,1,0
BRDA:1074,110,0,0
BRDA:1074,110,1,0
BRDA:1095,111,0,0
BRDA:1095,111,1,1
BRDA:1096,112,0,1
BRDA:1096,112,1,1
BRDA:1103,113,0,0
BRDA:1103,113,1,1
BRDA:1104,114,0,1
BRDA:1104,114,1,1
BRDA:1112,115,0,0
BRDA:1112,115,1,1
BRDA:1113,116,0,0
BRDA:1113,116,1,0
BRDA:1114,117,0,0
BRDA:1114,117,1,0
BRDA:1121,118,0,0
BRDA:1121,118,1,0
BRDA:1121,119,0,0
BRDA:1121,119,1,0
BRDA:1131,120,0,0
BRDA:1131,120,1,0
BRDA:1174,121,0,1
BRDA:1174,121,1,1
BRDA:1214,122,0,1
BRDA:1214,122,1,2
BRDA:1215,123,0,3
BRDA:1215,123,1,2
BRDA:1223,124,0,0
BRDA:1223,124,1,2
BRDA:1227,125,0,2
BRDA:1227,125,1,2
BRDA:1231,126,0,0
BRDA:1231,126,1,2
BRDA:1236,127,0,0
BRDA:1236,127,1,2
BRDA:1237,128,0,2
BRDA:1237,128,1,2
BRDA:1248,129,0,0
BRDA:1248,129,1,2
BRDA:1248,130,0,2
BRDA:1248,130,1,2
BRDA:1256,131,0,2
BRDA:1256,131,1,0
BRDA:1283,132,0,0
BRDA:1283,132,1,2
BRDA:1285,133,0,0
BRDA:1285,133,1,2
BRDA:1285,134,0,2
BRDA:1285,134,1,0
BRDA:1285,134,2,0
BRDA:1291,135,0,2
BRDA:1291,135,1,0
BRDA:1295,136,0,2
BRDA:1295,136,1,0
BRDA:1305,137,0,2
BRDA:1305,137,1,2
BRDA:1310,138,0,0
BRDA:1310,138,1,2
BRDA:1314,139,0,2
BRDA:1314,139,1,2
BRDA:1316,140,0,0
BRDA:1316,140,1,0
BRDA:1341,141,0,2
BRDA:1341,141,1,0
BRDA:1348,142,0,1
BRDA:1348,142,1,1
BRDA:1348,143,0,2
BRDA:1348,143,1,2
BRDA:1352,144,0,1
BRDA:1352,144,1,0
BRDA:1371,145,0,0
BRDA:1371,145,1,2
BRDA:1385,146,0,1
BRDA:1385,146,1,1
BRDA:1389,147,0,0
BRDA:1389,147,1,1
BRDA:1390,148,0,1
BRDA:1390,148,1,0
BRDA:1390,148,2,0
BRDA:1425,149,0,2
BRDA:1425,149,1,0
BRDA:1430,150,0,0
BRDA:1430,150,1,2
BRDA:1444,151,0,2
BRDA:1444,151,1,1
BRDA:1445,152,0,0
BRDA:1445,152,1,1
BRDA:1445,153,0,0
BRDA:1445,153,1,1
BRDA:1452,154,0,2
BRDA:1452,154,1,0
BRDA:1460,155,0,0
BRDA:1460,155,1,2
BRDA:1493,156,0,0
BRDA:1493,156,1,1
BRDA:1502,157,0,1
BRDA:1502,157,1,1
BRDA:1506,158,0,1
BRDA:1506,158,1,1
BRDA:1507,159,0,1
BRDA:1507,159,1,1
BRDA:1508,160,0,0
BRDA:1508,160,1,1
BRDA:1510,161,0,0
BRDA:1510,161,1,1
BRDA:1514,162,0,0
BRDA:1514,162,1,1
BRDA:1518,163,0,0
BRDA:1518,163,1,1
BRDA:1558,164,0,0
BRDA:1558,164,1,0
BRDA:1559,165,0,0
BRDA:1559,165,1,0
BRDA:1560,166,0,0
BRDA:1560,166,1,0
BRDA:1561,167,0,0
BRDA:1561,167,1,0
BRDA:1562,168,0,0
BRDA:1562,168,1,0
BRDA:1563,169,0,0
BRDA:1563,169,1,0
BRDA:1564,170,0,0
BRDA:1564,170,1,0
BRDA:1565,171,0,0
BRDA:1565,171,1,0
BRDA:1592,172,0,2
BRDA:1592,172,1,0
BRDA:1600,173,0,0
BRDA:1600,173,1,1
BRDA:1605,174,0,0
BRDA:1605,174,1,0
BRDA:1620,175,0,1
BRDA:1620,175,1,1
BRDA:1621,176,0,1
BRDA:1621,176,1,1
BRDA:1622,177,0,1
BRDA:1622,177,1,1
BRDA:1623,178,0,1
BRDA:1623,178,1,1
BRDA:1681,179,0,0
BRDA:1681,179,1,0
BRDA:1687,180,0,0
BRDA:1687,180,1,0
BRDA:1688,181,0,0
BRDA:1688,181,1,0
BRDA:1767,182,0,0
BRDA:1767,182,1,0
BRDA:1770,183,0,0
BRDA:1770,183,1,0
BRDA:1773,184,0,0
BRDA:1773,184,1,0
BRDA:1792,185,0,0
BRDA:1792,185,1,0
BRDA:1796,186,0,0
BRDA:1796,186,1,0
BRDA:1804,187,0,0
BRDA:1804,187,1,0
BRDA:1810,188,0,0
BRDA:1810,188,1,0
BRDA:1824,189,0,0
BRDA:1824,189,1,3
BRDA:1829,190,0,1
BRDA:1829,190,1,2
BRDA:1843,191,0,2
BRDA:1843,191,1,0
BRDA:1857,192,0,1
BRDA:1857,192,1,1
BRDA:1862,193,0,0
BRDA:1862,193,1,1
BRDA:1870,194,0,1
BRDA:1870,194,1,0
BRDA:1880,195,0,0
BRDA:1880,195,1,0
BRDA:1880,195,2,0
BRDA:1885,196,0,0
BRDA:1885,196,1,0
BRDA:1886,197,0,0
BRDA:1886,197,1,0
BRDA:1922,198,0,0
BRDA:1922,198,1,1
BRDA:1922,199,0,1
BRDA:1922,199,1,0
BRDA:1935,200,0,1
BRDA:1935,200,1,1
BRDA:1936,201,0,1
BRDA:1936,201,1,1
BRDA:1936,202,0,1
BRDA:1936,202,1,1
BRDA:1941,203,0,0
BRDA:1941,203,1,1
BRDA:1941,204,0,1
BRDA:1941,204,1,1
BRDA:1968,205,0,0
BRDA:1968,205,1,1
BRDA:1968,206,0,1
BRDA:1968,206,1,1
BRDA:1978,207,0,1
BRDA:1978,207,1,1
BRDA:1989,208,0,1
BRDA:1989,208,1,0
BRDA:1993,209,0,1
BRDA:1993,209,1,0
BRDA:2024,210,0,0
BRDA:2024,210,1,3
BRDA:2025,211,0,3
BRDA:2025,211,1,2
BRDA:2032,212,0,2
BRDA:2032,212,1,1
BRDA:2034,213,0,1
BRDA:2034,213,1,1
BRDA:2076,214,0,0
BRDA:2076,214,1,1
BRDA:2087,215,0,1
BRDA:2087,215,1,0
BRDA:2090,216,0,0
BRDA:2090,216,1,1
BRDA:2093,217,0,1
BRDA:2093,217,1,0
BRDA:2111,218,0,0
BRDA:2111,218,1,1
BRDA:2112,219,0,0
BRDA:2112,219,1,1
BRDA:2117,220,0,0
BRDA:2117,220,1,1
BRDA:2167,221,0,4
BRDA:2167,221,1,0
BRDA:2169,222,0,4
BRDA:2169,222,1,0
BRDA:2170,223,0,4
BRDA:2170,223,1,0
BRDA:2172,224,0,4
BRDA:2172,224,1,0
BRDA:2256,225,0,0
BRDA:2256,225,1,1
BRDA:2257,226,0,0
BRDA:2257,226,1,1
BRDA:2283,227,0,1
BRDA:2283,227,1,0
BRDA:2293,228,0,1
BRDA:2294,229,0,1
BRDA:2301,230,0,0
BRDA:2301,230,1,1
BRDA:2302,231,0,0
BRDA:2302,231,1,1
BRDA:2303,232,0,0
BRDA:2303,232,1,1
BRDA:2325,233,0,1
BRDA:2325,234,0,1
BRDA:2329,235,0,1
BRDA:2329,235,1,0
BRDA:2330,236,0,0
BRDA:2330,236,1,1
BRDA:2331,237,0,0
BRDA:2331,237,1,1
BRDA:2385,238,0,1
BRDA:2385,239,0,1
BRDA:2389,240,0,0
BRDA:2389,240,1,1
BRDA:2390,241,0,1
BRDA:2390,241,1,0
BRDA:2391,242,0,0
BRDA:2391,242,1,1
BRDA:2442,243,0,1
BRDA:2442,244,0,1
BRDA:2446,245,0,1
BRDA:2446,245,1,0
BRDA:2447,246,0,0
BRDA:2447,246,1,1
BRDA:2448,247,0,0
BRDA:2448,247,1,1
BRDA:2485,248,0,1
BRDA:2485,249,0,1
BRDA:2489,250,0,0
BRDA:2489,250,1,1
BRDA:2490,251,0,1
BRDA:2490,251,1,0
BRDA:2517,252,0,1
BRDA:2517,253,0,1
BRDA:2521,254,0,0
BRDA:2521,254,1,1
BRDA:2522,255,0,1
BRDA:2522,255,1,0
BRDA:2523,256,0,0
BRDA:2523,256,1,1
BRDA:2565,257,0,2
BRDA:2565,257,1,2
BRDA:2570,258,0,2
BRDA:2570,258,1,0
BRDA:2576,259,0,2
BRDA:2576,259,1,0
BRDA:2582,260,0,2
BRDA:2582,260,1,0
BRDA:2583,261,0,2
BRDA:2583,261,1,2
BRDA:2595,262,0,1
BRDA:2595,262,1,1
BRDA:2601,263,0,0
BRDA:2601,263,1,1
BRDA:2603,264,0,0
BRDA:2603,264,1,1
BRDA:2649,265,0,1
BRDA:2649,265,1,1
BRDA:2656,266,0,0
BRDA:2656,266,1,1
BRDA:2661,267,0,0
BRDA:2661,267,1,1
BRDA:2670,268,0,1
BRDA:2670,268,1,0
BRDA:2671,269,0,0
BRDA:2671,269,1,1
BRDA:2671,270,0,1
BRDA:2671,270,1,1
BRDA:2688,271,0,1
BRDA:2688,271,1,0
BRDA:2690,272,0,1
BRDA:2690,272,1,0
BRDA:2694,273,0,1
BRDA:2694,273,1,0
BRDA:2699,274,0,1
BRDA:2699,274,1,0
BRDA:2700,275,0,1
BRDA:2700,275,1,0
BRDA:2702,276,0,1
BRDA:2702,276,1,0
BRDA:2703,277,0,1
BRDA:2703,277,1,1
BRDA:2706,278,0,0
BRDA:2706,278,1,1
BRDA:2707,279,0,1
BRDA:2707,279,1,1
BRDA:2707,279,2,1
BRDA:2727,280,0,1
BRDA:2727,280,1,0
BRDA:2779,281,0,1
BRDA:2779,281,1,1
BRDA:2807,282,0,1
BRDA:2807,282,1,1
BRDA:2808,283,0,2
BRDA:2808,283,1,1
BRDA:2815,284,0,0
BRDA:2815,284,1,1
BRDA:2826,285,0,1
BRDA:2826,285,1,1
BRDA:2828,286,0,1
BRDA:2828,286,1,1
BRDA:2852,287,0,0
BRDA:2852,287,1,1
BRDA:2879,288,0,0
BRDA:2879,288,1,1
BRDA:2880,289,0,1
BRDA:2880,289,1,0
BRDA:2923,290,0,2
BRDA:2923,290,1,1
BRDA:2945,291,0,1
BRDA:2945,291,1,1
BRDA:2952,292,0,0
BRDA:2952,292,1,1
BRDA:2958,293,0,1
BRDA:2958,293,1,1
BRDA:2995,294,0,0
BRDA:2995,294,1,4
BRDA:2996,295,0,4
BRDA:2996,295,1,1
BRDA:2996,295,2,0
BRDA:3004,296,0,1
BRDA:3004,296,1,3
BRDA:3005,297,0,4
BRDA:3005,297,1,2
BRDA:3012,298,0,0
BRDA:3012,298,1,3
BRDA:3013,299,0,3
BRDA:3013,299,1,1
BRDA:3013,299,2,1
BRDA:3043,300,0,0
BRDA:3043,300,1,1
BRDA:3043,301,0,1
BRDA:3043,301,1,1
BRDA:3044,302,0,1
BRDA:3044,302,1,0
BRDA:3044,303,0,1
BRDA:3044,303,1,0
BRDA:3054,304,0,2
BRDA:3054,304,1,0
BRDA:3054,305,0,2
BRDA:3054,305,1,2
BRDA:3054,305,2,2
BRDA:3064,306,0,0
BRDA:3064,306,1,4
BRDA:3077,307,0,0
BRDA:3077,307,1,2
BRDA:3082,308,0,0
BRDA:3082,308,1,2
BRDA:3083,309,0,2
BRDA:3083,309,1,2
BRDA:3093,310,0,0
BRDA:3093,310,1,3
BRDA:3094,311,0,3
BRDA:3094,311,1,3
BRDA:3094,311,2,3
BRDA:3102,312,0,0
BRDA:3102,312,1,3
BRDA:3103,313,0,3
BRDA:3103,313,1,3
BRDA:3103,313,2,3
BRDA:3116,314,0,0
BRDA:3116,314,1,3
BRDA:3117,315,0,3
BRDA:3117,315,1,3
BRDA:3130,316,0,0
BRDA:3130,316,1,1
BRDA:3131,317,0,1
BRDA:3131,317,1,0
BRDA:3142,318,0,0
BRDA:3142,318,1,2
BRDA:3159,319,0,0
BRDA:3159,319,1,5
BRDA:3168,320,0,2
BRDA:3168,320,1,3
BRDA:3226,321,0,1
BRDA:3226,321,1,4
BRDA:3229,322,0,1
BRDA:3229,322,1,4
BRDA:3236,323,0,0
BRDA:3236,323,1,5
BRDA:3249,324,0,0
BRDA:3249,324,1,1
BRDA:3250,325,0,1
BRDA:3250,325,1,0
BRDA:3252,326,0,0
BRDA:3252,326,1,0
BRDA:3254,327,0,0
BRDA:3254,327,1,0
BRDA:3264,328,0,0
BRDA:3264,328,1,1
BRDA:3265,329,0,1
BRDA:3265,329,1,0
BRDA:3266,330,0,0
BRDA:3266,330,1,0
BRDA:3267,331,0,0
BRDA:3267,331,1,0
BRDA:3279,332,0,0
BRDA:3279,332,1,1
BRDA:3279,333,0,1
BRDA:3279,333,1,1
BRDA:3281,334,0,0
BRDA:3281,334,1,1
BRDA:3281,335,0,1
BRDA:3281,335,1,1
BRDA:3281,335,2,1
BRDA:3283,336,0,1
BRDA:3283,336,1,0
BRDA:3285,337,0,0
BRDA:3285,337,1,0
BRDA:3301,338,0,0
BRDA:3301,338,1,1
BRDA:3301,339,0,1
BRDA:3301,339,1,1
BRDA:3308,340,0,0
BRDA:3308,340,1,1
BRDA:3308,341,0,1
BRDA:3308,341,1,1
BRDA:3315,342,0,0
BRDA:3315,342,1,1
BRDA:3322,343,0,0
BRDA:3322,343,1,1
BRDA:3331,344,0,1
BRDA:3331,344,1,0
BRDA:3335,345,0,1
BRDA:3335,345,1,0
BRDA:3343,346,0,0
BRDA:3343,346,1,1
BRDA:3345,347,0,0
BRDA:3345,347,1,1
BRDA:3347,348,0,0
BRDA:3347,348,1,1
BRDA:3355,349,0,1
BRDA:3355,349,1,0
BRDA:3357,350,0,0
BRDA:3357,350,1,0
BRDA:3359,351,0,0
BRDA:3359,351,1,0
BRDA:3367,352,0,0
BRDA:3367,352,1,1
BRDA:3372,353,0,0
BRDA:3372,353,1,0
BRDA:3374,354,0,0
BRDA:3374,354,1,0
BRDA:3376,355,0,0
BRDA:3376,355,1,0
BRDA:3377,356,0,0
BRDA:3377,356,1,0
BRDA:3396,357,0,2
BRDA:3396,357,1,0
BRDA:3411,358,0,11
BRDA:3411,358,1,0
BRDA:3411,359,0,11
BRDA:3411,359,1,11
BRDA:3422,360,0,2
BRDA:3422,360,1,0
BRDA:3431,361,0,0
BRDA:3431,361,1,4
BRDA:3434,362,0,12
BRDA:3434,362,1,12
BRDA:3436,363,0,4
BRDA:3436,363,1,0
BRDA:3440,364,0,5
BRDA:3440,364,1,0
BRDA:3440,365,0,5
BRDA:3440,365,1,5
BRDA:3440,365,2,5
BRDA:3447,366,0,18
BRDA:3447,366,1,6
BRDA:84,367,0,2
BRDA:84,367,1,0
BRDA:84,368,0,2
BRDA:84,368,1,2
BRDA:84,369,0,2
BRDA:84,369,1,0
BRDA:84,370,0,2
BRDA:84,370,1,2
BRDA:85,371,0,2
BRDA:85,371,1,0
BRDA:85,372,0,2
BRDA:85,372,1,2
BRF:745
BRH:384
end_of_record
TN:
SF:src\microfinance\adapters\mobile-money.adapter.ts
FN:15,(anonymous_2)
FN:24,(anonymous_3)
FN:39,(anonymous_4)
FN:58,(anonymous_5)
FN:72,(anonymous_6)
FNF:5
FNH:2
FNDA:3,(anonymous_2)
FNDA:1,(anonymous_3)
FNDA:0,(anonymous_4)
FNDA:0,(anonymous_5)
FNDA:0,(anonymous_6)
DA:1,2
DA:2,2
DA:11,2
DA:12,3
DA:15,3
DA:16,3
DA:17,3
DA:18,0
DA:20,3
DA:29,1
DA:30,1
DA:32,1
DA:38,0
DA:39,0
DA:42,0
DA:44,0
DA:45,0
DA:50,0
DA:63,0
DA:64,0
DA:65,0
DA:71,0
DA:72,0
DA:74,0
DA:76,0
DA:77,0
DA:82,0
LF:27
LH:11
BRDA:17,0,0,0
BRDA:17,0,1,3
BRDA:29,1,0,1
BRDA:29,1,1,0
BRDA:44,2,0,0
BRDA:44,2,1,0
BRDA:63,3,0,0
BRDA:63,3,1,0
BRDA:76,4,0,0
BRDA:76,4,1,0
BRDA:15,5,0,2
BRDA:15,5,1,0
BRDA:15,6,0,2
BRDA:15,6,1,2
BRF:14
BRH:5
end_of_record
TN:
SF:src\microfinance\dto\microfinance.dto.ts
FN:72,(anonymous_2)
FN:78,(anonymous_3)
FN:84,(anonymous_4)
FN:94,(anonymous_5)
FN:100,(anonymous_6)
FN:168,(anonymous_7)
FN:211,(anonymous_8)
FN:216,(anonymous_9)
FN:230,(anonymous_10)
FN:235,(anonymous_11)
FN:240,(anonymous_12)
FN:247,(anonymous_13)
FN:265,(anonymous_14)
FN:299,(anonymous_15)
FN:356,(anonymous_16)
FN:361,(anonymous_17)
FN:366,(anonymous_18)
FN:387,(anonymous_19)
FN:393,(anonymous_20)
FN:399,(anonymous_21)
FN:419,(anonymous_22)
FN:425,(anonymous_23)
FN:431,(anonymous_24)
FN:485,(anonymous_25)
FN:505,(anonymous_26)
FN:535,(anonymous_27)
FN:540,(anonymous_28)
FN:587,(anonymous_29)
FN:623,(anonymous_30)
FN:629,(anonymous_31)
FN:635,(anonymous_32)
FN:641,(anonymous_33)
FN:647,(anonymous_34)
FN:653,(anonymous_35)
FN:659,(anonymous_36)
FN:665,(anonymous_37)
FN:693,(anonymous_38)
FN:700,(anonymous_39)
FN:706,(anonymous_40)
FN:712,(anonymous_41)
FN:718,(anonymous_42)
FN:738,(anonymous_43)
FN:903,(anonymous_44)
FN:909,(anonymous_45)
FN:915,(anonymous_46)
FN:986,(anonymous_47)
FN:1017,(anonymous_48)
FNF:47
FNH:0
FNDA:0,(anonymous_2)
FNDA:0,(anonymous_3)
FNDA:0,(anonymous_4)
FNDA:0,(anonymous_5)
FNDA:0,(anonymous_6)
FNDA:0,(anonymous_7)
FNDA:0,(anonymous_8)
FNDA:0,(anonymous_9)
FNDA:0,(anonymous_10)
FNDA:0,(anonymous_11)
FNDA:0,(anonymous_12)
FNDA:0,(anonymous_13)
FNDA:0,(anonymous_14)
FNDA:0,(anonymous_15)
FNDA:0,(anonymous_16)
FNDA:0,(anonymous_17)
FNDA:0,(anonymous_18)
FNDA:0,(anonymous_19)
FNDA:0,(anonymous_20)
FNDA:0,(anonymous_21)
FNDA:0,(anonymous_22)
FNDA:0,(anonymous_23)
FNDA:0,(anonymous_24)
FNDA:0,(anonymous_25)
FNDA:0,(anonymous_26)
FNDA:0,(anonymous_27)
FNDA:0,(anonymous_28)
FNDA:0,(anonymous_29)
FNDA:0,(anonymous_30)
FNDA:0,(anonymous_31)
FNDA:0,(anonymous_32)
FNDA:0,(anonymous_33)
FNDA:0,(anonymous_34)
FNDA:0,(anonymous_35)
FNDA:0,(anonymous_36)
FNDA:0,(anonymous_37)
FNDA:0,(anonymous_38)
FNDA:0,(anonymous_39)
FNDA:0,(anonymous_40)
FNDA:0,(anonymous_41)
FNDA:0,(anonymous_42)
FNDA:0,(anonymous_43)
FNDA:0,(anonymous_44)
FNDA:0,(anonymous_45)
FNDA:0,(anonymous_46)
FNDA:0,(anonymous_47)
FNDA:0,(anonymous_48)
DA:1,0
DA:2,0
DA:16,0
DA:39,0
DA:41,0
DA:44,0
DA:48,0
DA:52,0
DA:55,0
DA:57,0
DA:61,0
DA:65,0
DA:69,0
DA:72,0
DA:75,0
DA:78,0
DA:81,0
DA:84,0
DA:87,0
DA:91,0
DA:94,0
DA:97,0
DA:100,0
DA:103,0
DA:107,0
DA:111,0
DA:114,0
DA:116,0
DA:120,0
DA:124,0
DA:128,0
DA:132,0
DA:136,0
DA:140,0
DA:144,0
DA:148,0
DA:152,0
DA:156,0
DA:160,0
DA:164,0
DA:168,0
DA:169,0
DA:172,0
DA:174,0
DA:177,0
DA:180,0
DA:183,0
DA:187,0
DA:191,0
DA:195,0
DA:198,0
DA:200,0
DA:203,0
DA:206,0
DA:209,0
DA:211,0
DA:214,0
DA:216,0
DA:219,0
DA:223,0
DA:228,0
DA:230,0
DA:233,0
DA:235,0
DA:238,0
DA:240,0
DA:244,0
DA:247,0
DA:250,0
DA:254,0
DA:258,0
DA:262,0
DA:265,0
DA:268,0
DA:272,0
DA:276,0
DA:280,0
DA:284,0
DA:288,0
DA:291,0
DA:293,0
DA:297,0
DA:299,0
DA:302,0
DA:306,0
DA:310,0
DA:314,0
DA:318,0
DA:322,0
DA:326,0
DA:330,0
DA:333,0
DA:336,0
DA:340,0
DA:344,0
DA:348,0
DA:351,0
DA:353,0
DA:356,0
DA:358,0
DA:361,0
DA:363,0
DA:366,0
DA:370,0
DA:374,0
DA:378,0
DA:381,0
DA:384,0
DA:387,0
DA:390,0
DA:393,0
DA:396,0
DA:399,0
DA:402,0
DA:406,0
DA:410,0
DA:414,0
DA:417,0
DA:419,0
DA:422,0
DA:425,0
DA:428,0
DA:431,0
DA:434,0
DA:438,0
DA:442,0
DA:446,0
DA:450,0
DA:454,0
DA:458,0
DA:461,0
DA:463,0
DA:466,0
DA:469,0
DA:472,0
DA:474,0
DA:478,0
DA:482,0
DA:485,0
DA:488,0
DA:491,0
DA:493,0
DA:497,0
DA:501,0
DA:504,0
DA:505,0
DA:508,0
DA:511,0
DA:515,0
DA:519,0
DA:523,0
DA:527,0
DA:530,0
DA:533,0
DA:535,0
DA:538,0
DA:540,0
DA:543,0
DA:547,0
DA:551,0
DA:555,0
DA:558,0
DA:560,0
DA:564,0
DA:568,0
DA:572,0
DA:576,0
DA:580,0
DA:584,0
DA:587,0
DA:590,0
DA:594,0
DA:598,0
DA:601,0
DA:603,0
DA:607,0
DA:610,0
DA:614,0
DA:617,0
DA:620,0
DA:623,0
DA:626,0
DA:629,0
DA:632,0
DA:635,0
DA:638,0
DA:641,0
DA:644,0
DA:647,0
DA:650,0
DA:653,0
DA:656,0
DA:659,0
DA:662,0
DA:665,0
DA:668,0
DA:672,0
DA:675,0
DA:677,0
DA:681,0
DA:685,0
DA:688,0
DA:691,0
DA:693,0
DA:697,0
DA:700,0
DA:703,0
DA:706,0
DA:709,0
DA:712,0
DA:715,0
DA:718,0
DA:721,0
DA:724,0
DA:727,0
DA:730,0
DA:732,0
DA:736,0
DA:738,0
DA:741,0
DA:745,0
DA:749,0
DA:752,0
DA:755,0
DA:759,0
DA:763,0
DA:766,0
DA:769,0
DA:773,0
DA:776,0
DA:778,0
DA:782,0
DA:785,0
DA:787,0
DA:791,0
DA:795,0
DA:799,0
DA:802,0
DA:805,0
DA:809,0
DA:813,0
DA:816,0
DA:819,0
DA:823,0
DA:826,0
DA:829,0
DA:833,0
DA:837,0
DA:840,0
DA:843,0
DA:847,0
DA:851,0
DA:854,0
DA:857,0
DA:861,0
DA:865,0
DA:868,0
DA:871,0
DA:875,0
DA:879,0
DA:882,0
DA:885,0
DA:889,0
DA:892,0
DA:895,0
DA:898,0
DA:900,0
DA:903,0
DA:906,0
DA:909,0
DA:912,0
DA:915,0
DA:918,0
DA:922,0
DA:926,0
DA:930,0
DA:933,0
DA:936,0
DA:939,0
DA:942,0
DA:945,0
DA:947,0
DA:951,0
DA:954,0
DA:957,0
DA:961,0
DA:964,0
DA:967,0
DA:971,0
DA:975,0
DA:978,0
DA:980,0
DA:984,0
DA:986,0
DA:989,0
DA:993,0
DA:997,0
DA:1001,0
DA:1004,0
DA:1006,0
DA:1010,0
DA:1014,0
DA:1017,0
DA:1020,0
LF:304
LH:0
BRDA:48,0,0,0
BRDA:48,0,1,0
BRDA:48,1,0,0
BRDA:48,1,1,0
BRDA:52,2,0,0
BRDA:52,2,1,0
BRDA:52,3,0,0
BRDA:52,3,1,0
BRDA:111,4,0,0
BRDA:111,4,1,0
BRDA:111,5,0,0
BRDA:111,5,1,0
BRDA:148,6,0,0
BRDA:148,6,1,0
BRDA:148,7,0,0
BRDA:148,7,1,0
BRDA:160,8,0,0
BRDA:160,8,1,0
BRDA:160,9,0,0
BRDA:160,9,1,0
BRDA:164,10,0,0
BRDA:164,10,1,0
BRDA:164,11,0,0
BRDA:164,11,1,0
BRDA:174,12,0,0
BRDA:174,12,1,0
BRDA:174,13,0,0
BRDA:174,13,1,0
BRDA:177,14,0,0
BRDA:177,14,1,0
BRDA:177,15,0,0
BRDA:177,15,1,0
BRDA:183,16,0,0
BRDA:183,16,1,0
BRDA:183,17,0,0
BRDA:183,17,1,0
BRDA:195,18,0,0
BRDA:195,18,1,0
BRDA:195,19,0,0
BRDA:195,19,1,0
BRDA:206,20,0,0
BRDA:206,20,1,0
BRDA:206,21,0,0
BRDA:206,21,1,0
BRDA:209,22,0,0
BRDA:209,22,1,0
BRDA:209,23,0,0
BRDA:209,23,1,0
BRDA:272,24,0,0
BRDA:272,24,1,0
BRDA:272,25,0,0
BRDA:272,25,1,0
BRDA:276,26,0,0
BRDA:276,26,1,0
BRDA:276,27,0,0
BRDA:276,27,1,0
BRDA:280,28,0,0
BRDA:280,28,1,0
BRDA:280,29,0,0
BRDA:280,29,1,0
BRDA:284,30,0,0
BRDA:284,30,1,0
BRDA:284,31,0,0
BRDA:284,31,1,0
BRDA:288,32,0,0
BRDA:288,32,1,0
BRDA:288,33,0,0
BRDA:288,33,1,0
BRDA:314,34,0,0
BRDA:314,34,1,0
BRDA:314,35,0,0
BRDA:314,35,1,0
BRDA:318,36,0,0
BRDA:318,36,1,0
BRDA:318,37,0,0
BRDA:318,37,1,0
BRDA:330,38,0,0
BRDA:330,38,1,0
BRDA:330,39,0,0
BRDA:330,39,1,0
BRDA:353,40,0,0
BRDA:353,40,1,0
BRDA:353,41,0,0
BRDA:353,41,1,0
BRDA:374,42,0,0
BRDA:374,42,1,0
BRDA:374,43,0,0
BRDA:374,43,1,0
BRDA:384,44,0,0
BRDA:384,44,1,0
BRDA:384,45,0,0
BRDA:384,45,1,0
BRDA:414,46,0,0
BRDA:414,46,1,0
BRDA:414,47,0,0
BRDA:414,47,1,0
BRDA:438,48,0,0
BRDA:438,48,1,0
BRDA:438,49,0,0
BRDA:438,49,1,0
BRDA:454,50,0,0
BRDA:454,50,1,0
BRDA:454,51,0,0
BRDA:454,51,1,0
BRDA:458,52,0,0
BRDA:458,52,1,0
BRDA:458,53,0,0
BRDA:458,53,1,0
BRDA:463,54,0,0
BRDA:463,54,1,0
BRDA:463,55,0,0
BRDA:463,55,1,0
BRDA:474,56,0,0
BRDA:474,56,1,0
BRDA:474,57,0,0
BRDA:474,57,1,0
BRDA:493,58,0,0
BRDA:493,58,1,0
BRDA:493,59,0,0
BRDA:493,59,1,0
BRDA:511,60,0,0
BRDA:511,60,1,0
BRDA:511,61,0,0
BRDA:511,61,1,0
BRDA:527,62,0,0
BRDA:527,62,1,0
BRDA:527,63,0,0
BRDA:527,63,1,0
BRDA:555,64,0,0
BRDA:555,64,1,0
BRDA:555,65,0,0
BRDA:555,65,1,0
BRDA:560,66,0,0
BRDA:560,66,1,0
BRDA:560,67,0,0
BRDA:560,67,1,0
BRDA:564,68,0,0
BRDA:564,68,1,0
BRDA:564,69,0,0
BRDA:564,69,1,0
BRDA:672,70,0,0
BRDA:672,70,1,0
BRDA:672,71,0,0
BRDA:672,71,1,0
BRDA:688,72,0,0
BRDA:688,72,1,0
BRDA:688,73,0,0
BRDA:688,73,1,0
BRDA:724,74,0,0
BRDA:724,74,1,0
BRDA:724,75,0,0
BRDA:724,75,1,0
BRDA:727,76,0,0
BRDA:727,76,1,0
BRDA:727,77,0,0
BRDA:727,77,1,0
BRDA:763,78,0,0
BRDA:763,78,1,0
BRDA:763,79,0,0
BRDA:763,79,1,0
BRDA:773,80,0,0
BRDA:773,80,1,0
BRDA:773,81,0,0
BRDA:773,81,1,0
BRDA:782,82,0,0
BRDA:782,82,1,0
BRDA:782,83,0,0
BRDA:782,83,1,0
BRDA:787,84,0,0
BRDA:787,84,1,0
BRDA:787,85,0,0
BRDA:787,85,1,0
BRDA:813,86,0,0
BRDA:813,86,1,0
BRDA:813,87,0,0
BRDA:813,87,1,0
BRDA:819,88,0,0
BRDA:819,88,1,0
BRDA:819,89,0,0
BRDA:819,89,1,0
BRDA:823,90,0,0
BRDA:823,90,1,0
BRDA:823,91,0,0
BRDA:823,91,1,0
BRDA:833,92,0,0
BRDA:833,92,1,0
BRDA:833,93,0,0
BRDA:833,93,1,0
BRDA:847,94,0,0
BRDA:847,94,1,0
BRDA:847,95,0,0
BRDA:847,95,1,0
BRDA:851,96,0,0
BRDA:851,96,1,0
BRDA:851,97,0,0
BRDA:851,97,1,0
BRDA:861,98,0,0
BRDA:861,98,1,0
BRDA:861,99,0,0
BRDA:861,99,1,0
BRDA:865,100,0,0
BRDA:865,100,1,0
BRDA:865,101,0,0
BRDA:865,101,1,0
BRDA:875,102,0,0
BRDA:875,102,1,0
BRDA:875,103,0,0
BRDA:875,103,1,0
BRDA:879,104,0,0
BRDA:879,104,1,0
BRDA:879,105,0,0
BRDA:879,105,1,0
BRDA:900,106,0,0
BRDA:900,106,1,0
BRDA:900,107,0,0
BRDA:900,107,1,0
BRDA:930,108,0,0
BRDA:930,108,1,0
BRDA:930,109,0,0
BRDA:930,109,1,0
BRDA:947,110,0,0
BRDA:947,110,1,0
BRDA:947,111,0,0
BRDA:947,111,1,0
BRDA:957,112,0,0
BRDA:957,112,1,0
BRDA:957,113,0,0
BRDA:957,113,1,0
BRDA:967,114,0,0
BRDA:967,114,1,0
BRDA:967,115,0,0
BRDA:967,115,1,0
BRDA:997,116,0,0
BRDA:997,116,1,0
BRDA:997,117,0,0
BRDA:997,117,1,0
BRDA:1006,118,0,0
BRDA:1006,118,1,0
BRDA:1006,119,0,0
BRDA:1006,119,1,0
BRF:240
BRH:0
end_of_record
TN:
SF:src\model-registry\model-registry.controller.ts
FN:12,(anonymous_4)
FN:15,(anonymous_5)
FN:21,(anonymous_6)
FN:27,(anonymous_7)
FN:33,(anonymous_8)
FNF:5
FNH:0
FNDA:0,(anonymous_4)
FNDA:0,(anonymous_5)
FNDA:0,(anonymous_6)
FNDA:0,(anonymous_7)
FNDA:0,(anonymous_8)
DA:1,0
DA:2,0
DA:3,0
DA:4,0
DA:5,0
DA:6,0
DA:11,0
DA:12,0
DA:15,0
DA:16,0
DA:21,0
DA:22,0
DA:27,0
DA:28,0
DA:33,0
DA:34,0
LF:16
LH:0
BRDA:12,0,0,0
BRDA:12,0,1,0
BRDA:12,1,0,0
BRDA:12,1,1,0
BRF:4
BRH:0
end_of_record
TN:
SF:src\model-registry\model-registry.module.ts
FNF:0
FNH:0
DA:1,0
DA:2,0
DA:3,0
DA:4,0
DA:5,0
DA:13,0
LF:6
LH:0
BRF:0
BRH:0
end_of_record
TN:
SF:src\model-registry\model-registry.service.ts
FN:10,(anonymous_2)
FN:23,(anonymous_3)
FN:47,(anonymous_4)
FN:87,(anonymous_5)
FN:103,(anonymous_6)
FN:138,(anonymous_7)
FN:183,(anonymous_8)
FNF:7
FNH:0
FNDA:0,(anonymous_2)
FNDA:0,(anonymous_3)
FNDA:0,(anonymous_4)
FNDA:0,(anonymous_5)
FNDA:0,(anonymous_6)
FNDA:0,(anonymous_7)
FNDA:0,(anonymous_8)
DA:1,0
DA:2,0
DA:3,0
DA:4,0
DA:7,0
DA:8,0
DA:11,0
DA:12,0
DA:24,0
DA:30,0
DA:31,0
DA:35,0
DA:36,0
DA:40,0
DA:41,0
DA:44,0
DA:47,0
DA:49,0
DA:61,0
DA:71,0
DA:80,0
DA:88,0
DA:92,0
DA:97,0
DA:98,0
DA:101,0
DA:103,0
DA:104,0
DA:105,0
DA:114,0
DA:122,0
DA:130,0
DA:139,0
DA:143,0
DA:144,0
DA:147,0
DA:169,0
DA:177,0
DA:184,0
LF:39
LH:0
BRDA:30,0,0,0
BRDA:30,0,1,0
BRDA:35,1,0,0
BRDA:35,1,1,0
BRDA:40,2,0,0
BRDA:40,2,1,0
BRDA:40,3,0,0
BRDA:40,3,1,0
BRDA:97,4,0,0
BRDA:97,4,1,0
BRDA:104,5,0,0
BRDA:104,5,1,0
BRDA:143,6,0,0
BRDA:143,6,1,0
BRDA:157,7,0,0
BRDA:157,7,1,0
BRDA:161,8,0,0
BRDA:161,8,1,0
BRDA:162,9,0,0
BRDA:162,9,1,0
BRDA:164,10,0,0
BRDA:164,10,1,0
BRDA:11,11,0,0
BRDA:11,11,1,0
BRDA:11,12,0,0
BRDA:11,12,1,0
BRDA:11,13,0,0
BRDA:11,13,1,0
BRDA:11,14,0,0
BRDA:11,14,1,0
BRF:30
BRH:0
end_of_record
TN:
SF:src\monitoring\monitoring.controller.ts
FN:13,(anonymous_4)
FN:20,(anonymous_5)
FN:26,(anonymous_6)
FN:35,(anonymous_7)
FN:44,(anonymous_8)
FN:50,(anonymous_9)
FN:56,(anonymous_10)
FN:62,(anonymous_11)
FN:70,(anonymous_12)
FN:80,(anonymous_13)
FNF:10
FNH:0
FNDA:0,(anonymous_4)
FNDA:0,(anonymous_5)
FNDA:0,(anonymous_6)
FNDA:0,(anonymous_7)
FNDA:0,(anonymous_8)
FNDA:0,(anonymous_9)
FNDA:0,(anonymous_10)
FNDA:0,(anonymous_11)
FNDA:0,(anonymous_12)
FNDA:0,(anonymous_13)
DA:1,0
DA:2,0
DA:3,0
DA:4,0
DA:5,0
DA:6,0
DA:7,0
DA:12,0
DA:14,0
DA:15,0
DA:20,0
DA:21,0
DA:26,0
DA:30,0
DA:35,0
DA:39,0
DA:44,0
DA:45,0
DA:50,0
DA:51,0
DA:56,0
DA:57,0
DA:62,0
DA:63,0
DA:64,0
DA:70,0
DA:74,0
DA:80,0
DA:91,0
LF:29
LH:0
BRDA:30,0,0,0
BRDA:30,0,1,0
BRDA:39,1,0,0
BRDA:39,1,1,0
BRDA:45,2,0,0
BRDA:45,2,1,0
BRDA:51,3,0,0
BRDA:51,3,1,0
BRDA:63,4,0,0
BRDA:63,4,1,0
BRDA:63,5,0,0
BRDA:63,5,1,0
BRDA:14,6,0,0
BRDA:14,6,1,0
BRDA:14,7,0,0
BRDA:14,7,1,0
BRDA:14,8,0,0
BRDA:14,8,1,0
BRDA:14,9,0,0
BRDA:14,9,1,0
BRF:20
BRH:0
end_of_record
TN:
SF:src\monitoring\monitoring.gateway.ts
FN:16,(anonymous_2)
FN:20,(anonymous_3)
FN:27,(anonymous_4)
FN:33,(anonymous_5)
FNF:4
FNH:0
FNDA:0,(anonymous_2)
FNDA:0,(anonymous_3)
FNDA:0,(anonymous_4)
FNDA:0,(anonymous_5)
DA:1,0
DA:7,0
DA:8,0
DA:9,0
DA:12,0
DA:14,0
DA:16,0
DA:20,0
DA:21,0
DA:22,0
DA:27,0
DA:28,0
DA:29,0
DA:33,0
DA:34,0
LF:15
LH:0
BRDA:14,0,0,0
BRDA:14,0,1,0
BRDA:14,1,0,0
BRDA:14,1,1,0
BRDA:16,2,0,0
BRDA:16,2,1,0
BRDA:16,3,0,0
BRDA:16,3,1,0
BRF:8
BRH:0
end_of_record
TN:
SF:src\monitoring\monitoring.module.ts
FNF:0
FNH:0
DA:1,0
DA:2,0
DA:3,0
DA:4,0
DA:5,0
DA:6,0
DA:7,0
DA:8,0
DA:16,0
LF:9
LH:0
BRF:0
BRH:0
end_of_record
TN:
SF:src\monitoring\monitoring.service.ts
FN:17,(anonymous_2)
FN:26,(anonymous_3)
FN:79,(anonymous_4)
FN:93,(anonymous_5)
FN:130,(anonymous_6)
FN:180,(anonymous_7)
FN:189,(anonymous_8)
FN:204,(anonymous_9)
FN:215,(anonymous_10)
FN:238,(anonymous_11)
FN:261,(anonymous_12)
FN:263,(anonymous_13)
FN:264,(anonymous_14)
FN:265,(anonymous_15)
FN:273,(anonymous_16)
FN:299,(anonymous_17)
FN:307,(anonymous_18)
FN:311,(anonymous_19)
FN:322,(anonymous_20)
FN:355,(anonymous_21)
FN:364,(anonymous_22)
FN:400,(anonymous_23)
FN:436,(anonymous_24)
FNF:23
FNH:14
FNDA:21,(anonymous_2)
FNDA:7,(anonymous_3)
FNDA:0,(anonymous_4)
FNDA:0,(anonymous_5)
FNDA:3,(anonymous_6)
FNDA:0,(anonymous_7)
FNDA:0,(anonymous_8)
FNDA:0,(anonymous_9)
FNDA:0,(anonymous_10)
FNDA:2,(anonymous_11)
FNDA:2,(anonymous_12)
FNDA:3,(anonymous_13)
FNDA:3,(anonymous_14)
FNDA:3,(anonymous_15)
FNDA:2,(anonymous_16)
FNDA:2,(anonymous_17)
FNDA:2,(anonymous_18)
FNDA:1,(anonymous_19)
FNDA:0,(anonymous_20)
FNDA:0,(anonymous_21)
FNDA:5,(anonymous_22)
FNDA:6,(anonymous_23)
FNDA:0,(anonymous_24)
DA:1,2
DA:2,2
DA:3,2
DA:4,2
DA:5,2
DA:8,2
DA:9,2
DA:10,2
DA:11,2
DA:14,2
DA:15,21
DA:18,21
DA:19,21
DA:20,21
DA:26,2
DA:27,7
DA:29,7
DA:34,7
DA:35,8
DA:36,8
DA:38,8
DA:39,3
DA:40,3
DA:41,5
DA:42,2
DA:43,2
DA:45,3
DA:49,8
DA:50,6
DA:55,6
DA:63,6
DA:71,6
DA:79,2
DA:80,0
DA:82,0
DA:86,0
DA:90,0
DA:91,0
DA:92,0
DA:93,0
DA:94,0
DA:95,0
DA:96,0
DA:98,0
DA:99,0
DA:100,0
DA:102,0
DA:103,0
DA:106,0
DA:108,0
DA:113,0
DA:139,3
DA:140,3
DA:141,3
DA:145,3
DA:146,2
DA:149,2
DA:151,2
DA:165,2
DA:166,1
DA:173,2
DA:174,1
DA:181,0
DA:189,0
DA:205,0
DA:206,0
DA:215,0
DA:239,2
DA:240,2
DA:242,2
DA:243,2
DA:245,2
DA:252,2
DA:253,2
DA:254,3
DA:255,3
DA:256,3
DA:257,3
DA:258,3
DA:261,2
DA:263,3
DA:264,3
DA:265,3
DA:274,2
DA:280,2
DA:283,2
DA:285,2
DA:300,2
DA:306,2
DA:308,2
DA:309,2
DA:311,1
DA:323,0
DA:324,0
DA:325,0
DA:332,0
DA:333,0
DA:335,0
DA:345,0
DA:356,0
DA:357,0
DA:374,5
DA:388,5
DA:389,1
DA:399,5
DA:400,6
DA:402,5
DA:403,2
DA:410,2
DA:416,2
DA:417,2
DA:420,3
DA:421,1
DA:428,1
DA:431,3
DA:445,0
DA:447,0
DA:461,0
DA:468,0
LF:119
LH:83
BRDA:38,0,0,3
BRDA:38,0,1,5
BRDA:41,1,0,2
BRDA:41,1,1,3
BRDA:49,2,0,6
BRDA:49,2,1,2
BRDA:65,3,0,3
BRDA:65,3,1,3
BRDA:80,4,0,0
BRDA:80,4,1,0
BRDA:86,5,0,0
BRDA:86,5,1,0
BRDA:94,6,0,0
BRDA:94,6,1,0
BRDA:96,7,0,0
BRDA:96,7,1,0
BRDA:100,8,0,0
BRDA:100,8,1,0
BRDA:106,9,0,0
BRDA:106,9,1,0
BRDA:114,10,0,0
BRDA:114,10,1,0
BRDA:115,11,0,0
BRDA:115,11,1,0
BRDA:140,12,0,3
BRDA:140,12,1,0
BRDA:145,13,0,1
BRDA:145,13,1,2
BRDA:155,14,0,1
BRDA:155,14,1,1
BRDA:156,15,0,2
BRDA:156,15,1,1
BRDA:157,16,0,2
BRDA:157,16,1,1
BRDA:165,17,0,1
BRDA:165,17,1,1
BRDA:173,18,0,1
BRDA:173,18,1,1
BRDA:200,19,0,0
BRDA:200,19,1,0
BRDA:204,20,0,0
BRDA:205,21,0,0
BRDA:205,21,1,0
BRDA:225,22,0,0
BRDA:225,22,1,0
BRDA:226,23,0,0
BRDA:226,23,1,0
BRDA:227,24,0,0
BRDA:227,24,1,0
BRDA:229,25,0,0
BRDA:229,25,1,0
BRDA:230,26,0,0
BRDA:230,26,1,0
BRDA:238,27,0,1
BRDA:243,28,0,0
BRDA:243,28,1,2
BRDA:255,29,0,2
BRDA:255,29,1,1
BRDA:256,30,0,3
BRDA:256,30,1,0
BRDA:257,31,0,3
BRDA:257,31,1,0
BRDA:258,32,0,1
BRDA:258,32,1,2
BRDA:263,33,0,2
BRDA:263,33,1,0
BRDA:264,34,0,2
BRDA:264,34,1,0
BRDA:265,35,0,2
BRDA:265,35,1,0
BRDA:273,36,0,2
BRDA:288,37,0,2
BRDA:288,37,1,0
BRDA:289,38,0,1
BRDA:289,38,1,1
BRDA:289,39,0,2
BRDA:289,39,1,2
BRDA:299,40,0,2
BRDA:309,41,0,2
BRDA:309,41,1,1
BRDA:318,42,0,1
BRDA:318,42,1,0
BRDA:336,43,0,0
BRDA:336,43,1,0
BRDA:341,44,0,0
BRDA:341,44,1,0
BRDA:356,45,0,0
BRDA:356,45,1,0
BRDA:388,46,0,1
BRDA:388,46,1,4
BRDA:388,47,0,5
BRDA:388,47,1,4
BRDA:388,47,2,4
BRDA:392,48,0,1
BRDA:392,48,1,1
BRDA:393,49,0,1
BRDA:393,49,1,1
BRDA:394,50,0,1
BRDA:394,50,1,0
BRDA:400,51,0,4
BRDA:400,51,1,1
BRDA:400,52,0,6
BRDA:400,52,1,0
BRDA:402,53,0,2
BRDA:402,53,1,3
BRDA:420,54,0,1
BRDA:420,54,1,2
BRDA:450,55,0,0
BRDA:450,55,1,0
BRDA:451,56,0,0
BRDA:451,56,1,0
BRDA:452,57,0,0
BRDA:452,57,1,0
BRDA:453,58,0,0
BRDA:453,58,1,0
BRDA:454,59,0,0
BRDA:454,59,1,0
BRDA:455,60,0,0
BRDA:455,60,1,0
BRDA:456,61,0,0
BRDA:456,61,1,0
BRDA:18,62,0,2
BRDA:18,62,1,0
BRDA:18,63,0,2
BRDA:18,63,1,2
BRDA:18,64,0,2
BRDA:18,64,1,0
BRDA:18,65,0,2
BRDA:18,65,1,2
BRDA:19,66,0,2
BRDA:19,66,1,0
BRDA:19,67,0,2
BRDA:19,67,1,2
BRF:133
BRH:68
end_of_record
TN:
SF:src\monitoring\retraining.service.ts
[...]
DA:155,1
DA:158,2
DA:169,2
DA:178,2
DA:182,2
DA:183,1
DA:186,1
DA:190,1
DA:200,1
DA:209,1
LF:51
LH:37
BRDA:42,0,0,0
BRDA:42,1,0,0
BRDA:46,2,0,0
BRDA:46,2,1,0
BRDA:74,3,0,3
BRDA:74,3,1,11
BRDA:79,4,0,2
BRDA:79,4,1,9
BRDA:79,5,0,11
BRDA:79,5,1,3
BRDA:84,6,0,5
BRDA:84,6,1,4
BRDA:86,7,0,5
BRDA:86,7,1,4
BRDA:87,8,0,3
BRDA:87,8,1,2
BRDA:92,9,0,0
BRDA:92,9,1,6
BRDA:93,10,0,0
BRDA:93,10,1,0
BRDA:93,11,0,0
BRDA:93,11,1,0
BRDA:139,12,0,0
BRDA:139,12,1,0
BRDA:154,13,0,1
BRDA:154,13,1,2
BRDA:182,14,0,1
BRDA:182,14,1,1
BRDA:37,15,0,2
BRDA:37,15,1,0
BRDA:37,16,0,2
BRDA:37,16,1,2
BRDA:37,17,0,2
BRDA:37,17,1,0
BRDA:37,18,0,2
BRDA:37,18,1,2
BRF:36
BRH:23
end_of_record
TN:
SF:src\prisma\prisma.module.ts
FNF:0
FNH:0
DA:1,0
DA:2,0
DA:9,0
LF:3
LH:0
BRF:0
BRH:0
end_of_record
TN:
SF:src\prisma\prisma.service.ts
FN:6,(anonymous_1)
FN:10,(anonymous_2)
FNF:2
FNH:0
FNDA:0,(anonymous_1)
FNDA:0,(anonymous_2)
DA:1,14
DA:2,14
DA:5,14
DA:7,0
DA:11,0
LF:5
LH:3
BRF:0
BRH:0
end_of_record
TN:
SF:src\reporting\reporting.controller.ts
FN:13,(anonymous_4)
FN:21,(anonymous_5)
FNF:2
FNH:0
FNDA:0,(anonymous_4)
FNDA:0,(anonymous_5)
DA:1,0
DA:3,0
DA:4,0
DA:5,0
DA:6,0
DA:7,0
DA:12,0
DA:13,0
DA:21,0
DA:22,0
DA:23,0
DA:25,0
DA:30,0
LF:13
LH:0
BRDA:13,0,0,0
BRDA:13,0,1,0
BRDA:13,1,0,0
BRDA:13,1,1,0
BRF:4
BRH:0
end_of_record
TN:
SF:src\reporting\reporting.module.ts
FNF:0
FNH:0
DA:1,0
DA:2,0
DA:3,0
DA:9,0
LF:4
LH:0
BRF:0
BRH:0
end_of_record
TN:
SF:src\reporting\reporting.service.ts
FN:12,(anonymous_2)
FN:34,(anonymous_3)
FN:36,(anonymous_4)
FN:73,(anonymous_5)
FN:96,(anonymous_6)
FN:116,(anonymous_7)
FN:122,(anonymous_8)
FN:123,(anonymous_9)
FN:124,(anonymous_10)
FN:138,(anonymous_11)
FN:152,(anonymous_12)
FN:163,(anonymous_13)
FN:164,(anonymous_14)
FN:166,(anonymous_15)
FN:167,(anonymous_16)
FN:168,(anonymous_17)
FN:169,(anonymous_18)
FN:184,(anonymous_19)
FN:200,(anonymous_20)
FN:216,(anonymous_21)
FN:226,(anonymous_22)
FN:232,(anonymous_23)
FN:360,(anonymous_24)
FN:361,(anonymous_25)
FN:374,(anonymous_26)
FN:376,(anonymous_27)
FN:380,(anonymous_28)
FN:382,(anonymous_29)
FN:405,(anonymous_30)
FN:413,(anonymous_31)
FN:414,(anonymous_32)
FNF:31
FNH:31
FNDA:200,(anonymous_2)
FNDA:9,(anonymous_3)
FNDA:9,(anonymous_4)
FNDA:9,(anonymous_5)
FNDA:9,(anonymous_6)
FNDA:32,(anonymous_7)
FNDA:32,(anonymous_8)
FNDA:32,(anonymous_9)
FNDA:32,(anonymous_10)
FNDA:32,(anonymous_11)
FNDA:9,(anonymous_12)
FNDA:32,(anonymous_13)
FNDA:32,(anonymous_14)
FNDA:32,(anonymous_15)
FNDA:32,(anonymous_16)
FNDA:32,(anonymous_17)
FNDA:32,(anonymous_18)
FNDA:9,(anonymous_19)
FNDA:32,(anonymous_20)
FNDA:9,(anonymous_21)
FNDA:32,(anonymous_22)
FNDA:32,(anonymous_23)
FNDA:9,(anonymous_24)
FNDA:45,(anonymous_25)
FNDA:45,(anonymous_26)
FNDA:288,(anonymous_27)
FNDA:316,(anonymous_28)
FNDA:1498,(anonymous_29)
FNDA:1543,(anonymous_30)
FNDA:27,(anonymous_31)
FNDA:96,(anonymous_32)
DA:1,1
DA:2,1
DA:5,1
DA:12,200
DA:31,1
DA:32,9
DA:34,9
DA:37,9
DA:39,9
DA:54,9
DA:62,9
DA:63,9
DA:65,9
DA:68,9
DA:74,9
DA:75,9
DA:97,9
DA:107,9
DA:112,9
DA:116,32
DA:117,9
DA:118,9
DA:120,9
DA:121,27
DA:122,32
DA:123,32
DA:124,32
DA:125,27
DA:126,27
DA:127,27
DA:138,32
DA:139,9
DA:149,9
DA:153,9
DA:163,32
DA:164,9
DA:165,32
DA:166,32
DA:167,32
DA:168,32
DA:169,32
DA:170,32
DA:181,9
DA:185,9
DA:198,9
DA:200,32
DA:213,9
DA:217,9
DA:226,32
DA:227,9
DA:228,9
DA:230,9
DA:231,36
DA:232,36
DA:233,36
DA:234,36
DA:235,36
DA:236,36
DA:246,9
DA:254,9
DA:255,9
DA:260,9
DA:265,9
DA:361,45
DA:362,9
DA:375,45
DA:376,288
DA:379,45
DA:381,316
DA:382,280
DA:383,1498
DA:384,1498
DA:386,280
DA:390,45
DA:406,1543
DA:414,27
DA:415,96
DA:416,96
DA:417,96
LF:79
LH:79
BRDA:121,0,0,27
BRDA:121,0,1,3
BRDA:124,1,0,24
BRDA:124,1,1,3
BRDA:126,2,0,27
BRDA:126,2,1,0
BRDA:129,3,0,27
BRDA:129,3,1,0
BRDA:133,4,0,24
BRDA:133,4,1,3
BRDA:138,5,0,8
BRDA:138,5,1,1
BRDA:145,6,0,8
BRDA:145,6,1,1
BRDA:176,7,0,32
BRDA:176,7,1,0
BRDA:203,8,0,32
BRDA:203,8,1,8
BRDA:205,9,0,32
BRDA:205,9,1,0
BRDA:206,10,0,32
BRDA:206,10,1,24
BRDA:210,11,0,16
BRDA:210,11,1,16
BRDA:210,12,0,16
BRDA:210,12,1,16
BRDA:231,13,0,36
BRDA:231,13,1,4
BRDA:233,14,0,36
BRDA:233,14,1,0
BRDA:375,15,0,45
BRDA:375,15,1,0
BRDA:381,16,0,36
BRDA:381,16,1,280
BRDA:383,17,0,1498
BRDA:383,17,1,0
BRDA:384,18,0,1498
BRDA:384,18,1,0
BRDA:416,19,0,96
BRDA:416,19,1,88
BRDA:34,20,0,1
BRDA:34,20,1,0
BRDA:34,21,0,1
BRDA:34,21,1,1
BRF:44
BRH:35
end_of_record
TN:
SF:src\risk-math\risk-math.module.ts
FNF:0
FNH:0
DA:1,0
DA:2,0
DA:3,0
DA:10,0
LF:4
LH:0
BRF:0
BRH:0
end_of_record
TN:
SF:src\risk-math\risk-math.service.ts
FN:61,(anonymous_2)
FN:67,(anonymous_3)
FN:135,(anonymous_4)
FN:209,(anonymous_5)
FN:233,(anonymous_6)
FN:251,(anonymous_7)
FN:278,(anonymous_8)
FNF:7
FNH:3
FNDA:14,(anonymous_2)
FNDA:8,(anonymous_3)
FNDA:6,(anonymous_4)
FNDA:0,(anonymous_5)
FNDA:0,(anonymous_6)
FNDA:0,(anonymous_7)
FNDA:0,(anonymous_8)
DA:1,3
DA:2,3
DA:3,3
DA:25,3
DA:47,3
DA:58,3
DA:59,14
DA:61,14
DA:77,8
DA:83,8
DA:84,3
DA:85,3
DA:88,3
DA:89,1
DA:91,1
DA:92,1
DA:94,2
DA:95,2
DA:99,5
DA:100,1
DA:101,1
DA:102,4
DA:103,1
DA:104,1
DA:106,3
DA:107,3
DA:113,8
DA:114,8
DA:116,8
DA:117,8
DA:122,8
DA:124,8
DA:128,8
DA:142,6
DA:143,6
DA:144,6
DA:151,6
DA:152,2
DA:153,2
DA:154,2
DA:155,2
DA:162,4
DA:163,4
DA:165,4
DA:166,2
DA:167,2
DA:170,4
DA:171,1
DA:172,1
DA:176,4
DA:177,1
DA:178,1
DA:182,4
DA:183,0
DA:184,0
DA:186,4
DA:187,0
DA:188,0
DA:191,4
DA:192,3
DA:194,1
DA:197,4
DA:198,4
DA:212,0
DA:213,0
DA:214,0
DA:215,0
DA:217,0
DA:239,0
DA:240,0
DA:243,0
DA:244,0
DA:245,0
DA:248,0
DA:251,0
DA:252,0
DA:254,0
DA:256,0
DA:258,0
DA:259,0
DA:261,0
DA:262,0
DA:263,0
DA:265,0
DA:266,0
DA:267,0
DA:270,0
DA:271,0
DA:274,0
DA:278,0
DA:279,0
DA:280,0
DA:281,0
DA:282,0
DA:286,0
DA:287,0
DA:288,0
DA:291,0
DA:293,0
DA:294,0
DA:296,0
DA:301,0
LF:102
LH:59
BRDA:71,0,0,0
BRDA:74,1,0,6
BRDA:83,2,0,3
BRDA:83,2,1,5
BRDA:83,3,0,8
BRDA:83,3,1,3
BRDA:85,4,0,3
BRDA:85,4,1,0
BRDA:88,5,0,1
BRDA:88,5,1,2
BRDA:88,6,0,3
BRDA:88,6,1,1
BRDA:88,6,2,1
BRDA:91,7,0,0
BRDA:91,7,1,1
BRDA:99,8,0,1
BRDA:99,8,1,4
BRDA:102,9,0,1
BRDA:102,9,1,3
BRDA:113,10,0,8
BRDA:113,10,1,6
BRDA:114,11,0,8
BRDA:114,11,1,0
BRDA:117,12,0,1
BRDA:117,12,1,7
BRDA:138,13,0,0
BRDA:139,14,0,0
BRDA:140,15,0,0
BRDA:151,16,0,2
BRDA:151,16,1,4
BRDA:151,17,0,6
BRDA:151,17,1,5
BRDA:153,18,0,1
BRDA:153,18,1,1
BRDA:162,19,0,4
BRDA:162,19,1,0
BRDA:165,20,0,2
BRDA:165,20,1,2
BRDA:170,21,0,1
BRDA:170,21,1,3
BRDA:176,22,0,1
BRDA:176,22,1,3
BRDA:182,23,0,0
BRDA:182,23,1,4
BRDA:186,24,0,0
BRDA:186,24,1,4
BRDA:191,25,0,3
BRDA:191,25,1,1
BRDA:209,26,0,0
BRDA:237,27,0,0
BRDA:261,28,0,0
BRDA:261,28,1,0
BRDA:265,29,0,0
BRDA:265,29,1,0
BRDA:282,30,0,0
BRDA:282,30,1,0
BRDA:61,31,0,3
BRDA:61,31,1,0
BRDA:61,32,0,3
BRDA:61,32,1,3
BRF:60
BRH:41
end_of_record
TN:
SF:src\scoring\orchestration.service.ts
FN:12,(anonymous_2)
FN:18,(anonymous_3)
FN:42,(anonymous_4)
FN:64,(anonymous_5)
FN:105,(anonymous_6)
FNF:5
FNH:0
FNDA:0,(anonymous_2)
FNDA:0,(anonymous_3)
FNDA:0,(anonymous_4)
FNDA:0,(anonymous_5)
FNDA:0,(anonymous_6)
DA:1,3
DA:2,3
DA:9,3
DA:10,0
DA:12,0
DA:19,0
DA:30,0
DA:31,0
DA:35,0
DA:36,0
DA:52,0
DA:54,0
DA:58,0
DA:59,0
DA:61,0
DA:64,0
DA:66,0
DA:67,0
DA:78,0
DA:90,0
DA:91,0
DA:92,0
DA:106,0
DA:108,0
DA:110,0
DA:118,0
LF:26
LH:3
BRDA:30,0,0,0
BRDA:30,0,1,0
BRDA:30,1,0,0
BRDA:30,1,1,0
BRDA:58,2,0,0
BRDA:58,2,1,0
BRDA:66,3,0,0
BRDA:66,3,1,0
BRDA:66,4,0,0
BRDA:66,4,1,0
BRDA:70,5,0,0
BRDA:70,5,1,0
BRDA:71,6,0,0
BRDA:71,6,1,0
BRDA:72,7,0,0
BRDA:72,7,1,0
BRDA:90,8,0,0
BRDA:90,8,1,0
BRDA:90,9,0,0
BRDA:90,9,1,0
BRDA:12,10,0,3
BRDA:12,10,1,0
BRDA:12,11,0,3
BRDA:12,11,1,3
BRF:24
BRH:3
end_of_record
TN:
SF:src\scoring\registry.controller.ts
FN:18,(anonymous_4)
FN:22,(anonymous_5)
FN:28,(anonymous_6)
FN:34,(anonymous_7)
FN:44,(anonymous_8)
FN:51,(anonymous_9)
FN:58,(anonymous_10)
FN:65,(anonymous_11)
FN:79,(anonymous_12)
FNF:9
FNH:0
FNDA:0,(anonymous_4)
FNDA:0,(anonymous_5)
FNDA:0,(anonymous_6)
FNDA:0,(anonymous_7)
FNDA:0,(anonymous_8)
FNDA:0,(anonymous_9)
FNDA:0,(anonymous_10)
FNDA:0,(anonymous_11)
FNDA:0,(anonymous_12)
DA:1,0
DA:2,0
DA:3,0
DA:4,0
DA:5,0
DA:6,0
DA:17,0
DA:18,0
DA:22,0
DA:23,0
DA:28,0
DA:29,0
DA:34,0
DA:38,0
DA:44,0
DA:45,0
DA:51,0
DA:52,0
DA:58,0
DA:59,0
DA:65,0
DA:70,0
DA:79,0
DA:84,0
LF:24
LH:0
BRDA:18,0,0,0
BRDA:18,0,1,0
BRDA:18,1,0,0
BRDA:18,1,1,0
BRF:4
BRH:0
end_of_record
TN:
SF:src\scoring\registry.service.ts
FN:17,(anonymous_2)
FN:28,(anonymous_3)
FN:34,(anonymous_4)
FN:58,(anonymous_5)
FN:84,(anonymous_6)
FN:92,(anonymous_7)
FN:128,(anonymous_8)
FN:175,(anonymous_9)
FN:203,(anonymous_10)
FN:232,(anonymous_11)
FN:267,(anonymous_12)
FNF:11
FNH:11
FNDA:14,(anonymous_2)
FNDA:2,(anonymous_3)
FNDA:2,(anonymous_4)
FNDA:2,(anonymous_5)
FNDA:2,(anonymous_6)
FNDA:2,(anonymous_7)
FNDA:2,(anonymous_8)
FNDA:2,(anonymous_9)
FNDA:2,(anonymous_10)
FNDA:1,(anonymous_11)
FNDA:1,(anonymous_12)
DA:1,1
DA:2,1
DA:3,1
DA:14,1
DA:15,14
DA:18,14
DA:19,14
DA:29,2
DA:34,2
DA:59,2
DA:65,2
DA:67,1
DA:85,2
DA:90,2
DA:92,2
DA:104,1
DA:105,1
DA:107,1
DA:129,2
DA:134,2
DA:135,2
DA:136,1
DA:140,1
DA:146,1
DA:151,1
DA:160,1
DA:168,1
DA:169,1
DA:176,2
DA:177,2
DA:178,2
DA:179,1
DA:182,1
DA:187,1
DA:196,1
DA:204,2
DA:205,2
DA:206,2
DA:207,1
DA:210,1
DA:215,1
DA:224,1
DA:225,1
DA:233,1
DA:234,1
DA:236,1
DA:241,1
DA:250,1
DA:258,1
DA:259,1
DA:268,1
DA:272,1
DA:274,1
DA:289,1
DA:297,1
DA:298,1
LF:56
LH:56
BRDA:48,0,0,2
BRDA:48,0,1,2
BRDA:49,1,0,2
BRDA:49,1,1,2
BRDA:50,2,0,2
BRDA:50,2,1,2
BRDA:51,3,0,2
BRDA:51,3,1,2
BRDA:65,4,0,1
BRDA:65,4,1,1
BRDA:90,5,0,1
BRDA:90,5,1,1
BRDA:90,6,0,2
BRDA:90,6,1,1
BRDA:104,7,0,1
BRDA:104,7,1,0
BRDA:104,8,0,1
BRDA:104,8,1,0
BRDA:104,9,0,1
BRDA:104,9,1,0
BRDA:105,10,0,1
BRDA:105,10,1,0
BRDA:105,11,0,1
BRDA:105,11,1,0
BRDA:113,12,0,1
BRDA:113,12,1,0
BRDA:113,13,0,1
BRDA:113,13,1,0
BRDA:114,14,0,1
BRDA:114,14,1,0
BRDA:114,15,0,1
BRDA:114,15,1,0
BRDA:115,16,0,1
BRDA:115,16,1,0
BRDA:134,17,0,0
BRDA:134,17,1,2
BRDA:135,18,0,1
BRDA:135,18,1,1
BRDA:164,19,0,1
BRDA:164,19,1,0
BRDA:177,20,0,0
BRDA:177,20,1,2
BRDA:178,21,0,1
BRDA:178,21,1,1
BRDA:205,22,0,0
BRDA:205,22,1,2
BRDA:206,23,0,1
BRDA:206,23,1,1
BRDA:234,24,0,0
BRDA:234,24,1,1
BRDA:272,25,0,0
BRDA:272,25,1,1
BRDA:18,26,0,1
BRDA:18,26,1,0
BRDA:18,27,0,1
BRDA:18,27,1,1
BRDA:18,28,0,1
BRDA:18,28,1,0
BRDA:18,29,0,1
BRDA:18,29,1,1
BRF:60
BRH:42
end_of_record
TN:
SF:src\scoring\scoring.module.ts
FNF:0
FNH:0
DA:1,0
DA:2,0
DA:3,0
DA:4,0
DA:5,0
DA:6,0
DA:14,0
LF:7
LH:0
BRF:0
BRH:0
end_of_record
TN:
SF:src\scoring\scoring.service.ts
FN:95,(anonymous_2)
FN:106,(anonymous_3)
FN:133,(anonymous_4)
FN:135,(anonymous_5)
FN:199,(anonymous_6)
FN:222,(anonymous_7)
FNF:6
FNH:4
FNDA:3,(anonymous_2)
FNDA:2,(anonymous_3)
FNDA:2,(anonymous_4)
FNDA:0,(anonymous_5)
FNDA:0,(anonymous_6)
FNDA:2,(anonymous_7)
DA:1,3
DA:2,3
DA:3,3
DA:80,3
DA:89,3
DA:90,3
DA:93,3
DA:96,3
DA:97,3
DA:99,3
DA:100,3
DA:101,3
DA:102,0
DA:107,2
DA:108,2
DA:110,2
DA:111,2
DA:113,0
DA:114,0
DA:120,0
DA:124,0
DA:126,2
DA:129,2
DA:134,2
DA:135,2
DA:137,2
DA:172,2
DA:173,2
DA:174,2
DA:178,2
DA:179,2
DA:186,2
DA:189,0
DA:191,0
DA:193,0
DA:194,0
DA:199,0
DA:223,2
DA:224,2
DA:225,2
DA:229,2
DA:230,1
DA:231,1
DA:232,1
DA:233,1
DA:234,1
DA:235,0
DA:236,0
DA:237,0
DA:239,0
DA:240,0
DA:243,2
DA:248,2
LF:53
LH:38
BRDA:99,0,0,3
BRDA:99,0,1,0
BRDA:100,1,0,3
BRDA:100,1,1,0
BRDA:101,2,0,0
BRDA:101,2,1,3
BRDA:113,3,0,0
BRDA:113,3,1,0
BRDA:139,4,0,2
BRDA:139,4,1,2
BRDA:143,5,0,2
BRDA:143,5,1,2
BRDA:144,6,0,2
BRDA:144,6,1,2
BRDA:145,7,0,2
BRDA:145,7,1,2
BRDA:146,8,0,2
BRDA:146,8,1,2
BRDA:148,9,0,2
BRDA:148,9,1,2
BRDA:149,10,0,2
BRDA:149,10,1,2
BRDA:150,11,0,2
BRDA:150,11,1,2
BRDA:151,12,0,2
BRDA:151,12,1,2
BRDA:152,13,0,2
BRDA:152,13,1,2
BRDA:153,14,0,2
BRDA:153,14,1,2
BRDA:154,15,0,2
BRDA:154,15,1,2
BRDA:155,16,0,2
BRDA:155,16,1,2
BRDA:156,17,0,2
BRDA:156,17,1,2
BRDA:158,18,0,2
BRDA:158,18,1,2
BRDA:159,19,0,2
BRDA:159,19,1,2
BRDA:160,20,0,2
BRDA:160,20,1,2
BRDA:161,21,0,2
BRDA:161,21,1,2
BRDA:163,22,0,2
BRDA:163,22,1,2
BRDA:164,23,0,2
BRDA:164,23,1,2
BRDA:165,24,0,2
BRDA:165,24,1,2
BRDA:166,25,0,2
BRDA:166,25,1,2
BRDA:167,26,0,2
BRDA:167,26,1,2
BRDA:168,27,0,2
BRDA:168,27,1,2
BRDA:169,28,0,2
BRDA:169,28,1,2
BRDA:173,29,0,2
BRDA:173,29,1,0
BRDA:189,30,0,0
BRDA:189,30,1,0
BRDA:193,31,0,0
BRDA:193,31,1,0
BRDA:199,32,0,0
BRDA:199,32,1,0
BRDA:207,33,0,0
BRDA:207,33,1,0
BRDA:208,34,0,0
BRDA:208,34,1,0
BRDA:209,35,0,0
BRDA:209,35,1,0
BRDA:211,36,0,0
BRDA:211,36,1,0
BRDA:212,37,0,0
BRDA:212,37,1,0
BRDA:213,38,0,0
BRDA:213,38,1,0
BRDA:214,39,0,0
BRDA:214,39,1,0
BRDA:215,40,0,0
BRDA:215,40,1,0
BRDA:216,41,0,0
BRDA:216,41,1,0
BRDA:218,42,0,0
BRDA:218,42,1,0
BRDA:229,43,0,1
BRDA:229,43,1,1
BRDA:229,44,0,2
BRDA:229,44,1,1
BRDA:232,45,0,1
BRDA:232,45,1,0
BRDA:235,46,0,0
BRDA:235,46,1,0
BRDA:235,47,0,0
BRDA:235,47,1,0
BRDA:235,47,2,0
BRDA:96,48,0,3
BRDA:96,48,1,0
BRDA:96,49,0,3
BRDA:96,49,1,3
BRDA:96,50,0,3
BRDA:96,50,1,0
BRDA:96,51,0,3
BRDA:96,51,1,3
BRF:105
BRH:65
end_of_record
TN:
SF:src\scripts\apply-governance.ts
FN:7,main
FN:47,(anonymous_10)
FN:48,(anonymous_11)
FNF:3
FNH:0
FNDA:0,main
FNDA:0,(anonymous_10)
FNDA:0,(anonymous_11)
DA:1,0
DA:2,0
DA:3,0
DA:5,0
DA:8,0
DA:9,0
DA:10,0
DA:11,0
DA:14,0
DA:17,0
DA:22,0
DA:23,0
DA:24,0
DA:27,0
DA:29,0
DA:42,0
DA:43,0
DA:46,0
DA:47,0
DA:48,0
LF:20
LH:0
BRDA:9,0,0,0
BRDA:9,0,1,0
BRDA:22,1,0,0
BRDA:22,1,1,0
BRF:4
BRH:0
end_of_record
TN:
SF:src\scripts\mock-oidc-provider.ts
FN:15,(anonymous_1)
FN:23,(anonymous_2)
FN:26,(anonymous_3)
FN:43,(anonymous_4)
FNF:4
FNH:0
FNDA:0,(anonymous_1)
FNDA:0,(anonymous_2)
FNDA:0,(anonymous_3)
FNDA:0,(anonymous_4)
DA:2,0
DA:4,0
DA:15,0
DA:24,0
DA:27,0
DA:39,0
DA:40,0
DA:41,0
DA:43,0
DA:44,0
DA:45,0
DA:46,0
LF:12
LH:0
BRDA:8,0,0,0
BRDA:8,0,1,0
BRDA:32,1,0,0
BRDA:32,1,1,0
BRF:4
BRH:0
end_of_record
TN:
SF:src\stress-testing\stress-testing.controller.ts
FN:12,(anonymous_4)
FN:15,(anonymous_5)
FN:21,(anonymous_6)
FN:26,(anonymous_7)
FNF:4
FNH:0
FNDA:0,(anonymous_4)
FNDA:0,(anonymous_5)
FNDA:0,(anonymous_6)
FNDA:0,(anonymous_7)
DA:1,0
DA:2,0
DA:3,0
DA:4,0
DA:5,0
DA:6,0
DA:11,0
DA:12,0
DA:15,0
DA:16,0
DA:21,0
DA:22,0
DA:26,0
DA:34,0
LF:14
LH:0
BRDA:33,0,0,0
BRDA:33,0,1,0
BRDA:33,1,0,0
BRDA:33,1,1,0
BRDA:12,2,0,0
BRDA:12,2,1,0
BRDA:12,3,0,0
BRDA:12,3,1,0
BRF:8
BRH:0
end_of_record
TN:
SF:src\stress-testing\stress-testing.module.ts
FNF:0
FNH:0
DA:1,0
DA:2,0
DA:3,0
DA:4,0
DA:11,0
LF:5
LH:0
BRF:0
BRH:0
end_of_record
TN:
SF:src\stress-testing\stress-testing.service.ts
FN:42,(anonymous_2)
FN:47,(anonymous_3)
FN:74,(anonymous_4)
FN:85,(anonymous_5)
FN:91,(anonymous_6)
FN:132,(anonymous_7)
FN:133,(anonymous_8)
FN:134,(anonymous_9)
FN:135,(anonymous_10)
FN:146,(anonymous_11)
FN:147,(anonymous_12)
FN:148,(anonymous_13)
FN:167,(anonymous_14)
FN:168,(anonymous_15)
FN:169,(anonymous_16)
FN:172,(anonymous_17)
FN:176,(anonymous_18)
FN:222,(anonymous_19)
FN:240,(anonymous_20)
FN:308,(anonymous_21)
FN:319,(anonymous_22)
FN:321,(anonymous_23)
FN:358,(anonymous_24)
FN:363,(anonymous_25)
FN:371,(anonymous_26)
FN:378,(anonymous_27)
FNF:26
FNH:25
FNDA:14,(anonymous_2)
FNDA:6,(anonymous_3)
FNDA:18,(anonymous_4)
FNDA:18,(anonymous_5)
FNDA:54,(anonymous_6)
FNDA:54,(anonymous_7)
FNDA:54,(anonymous_8)
FNDA:54,(anonymous_9)
FNDA:54,(anonymous_10)
FNDA:54,(anonymous_11)
FNDA:54,(anonymous_12)
FNDA:54,(anonymous_13)
FNDA:18,(anonymous_14)
FNDA:18,(anonymous_15)
FNDA:18,(anonymous_16)
FNDA:18,(anonymous_17)
FNDA:18,(anonymous_18)
FNDA:0,(anonymous_19)
FNDA:7,(anonymous_20)
FNDA:24,(anonymous_21)
FNDA:30,(anonymous_22)
FNDA:24,(anonymous_23)
FNDA:24,(anonymous_24)
FNDA:18,(anonymous_25)
FNDA:18,(anonymous_26)
FNDA:12,(anonymous_27)
DA:1,1
DA:2,1
DA:3,1
DA:39,1
DA:40,14
DA:43,14
DA:44,14
DA:48,6
DA:49,6
DA:51,6
DA:59,6
DA:60,0
DA:74,6
DA:77,18
DA:85,6
DA:89,18
DA:91,18
DA:92,54
DA:95,54
DA:99,54
DA:100,54
DA:103,54
DA:111,54
DA:112,54
DA:114,54
DA:132,54
DA:133,54
DA:134,54
DA:135,54
DA:137,18
DA:146,54
DA:147,54
DA:148,54
DA:157,6
DA:158,6
DA:159,6
DA:163,6
DA:166,6
DA:167,18
DA:168,18
DA:169,18
DA:172,18
DA:176,6
DA:177,18
DA:178,18
DA:182,6
DA:202,6
DA:207,6
DA:223,0
DA:241,7
DA:255,7
DA:256,1
DA:260,6
DA:267,6
DA:270,6
DA:271,6
DA:272,6
DA:274,6
DA:275,24
DA:276,24
DA:277,24
DA:280,24
DA:290,24
DA:292,24
DA:293,24
DA:294,24
DA:296,24
DA:297,24
DA:298,24
DA:299,24
DA:300,24
DA:302,24
DA:303,24
DA:304,24
DA:308,6
DA:309,24
DA:315,24
DA:318,6
DA:319,30
DA:321,24
DA:334,6
DA:335,6
DA:336,6
DA:337,24
DA:338,24
DA:339,24
DA:340,24
DA:341,24
DA:342,24
DA:344,6
DA:345,18
DA:346,18
DA:350,6
DA:352,6
DA:358,24
DA:363,18
DA:371,18
DA:378,12
LF:98
LH:96
BRDA:48,0,0,6
BRDA:48,0,1,6
BRDA:59,1,0,0
BRDA:59,1,1,6
BRDA:81,2,0,18
BRDA:81,2,1,18
BRDA:92,3,0,54
BRDA:92,3,1,0
BRDA:95,4,0,18
BRDA:95,4,1,36
BRDA:95,5,0,54
BRDA:95,5,1,36
BRDA:96,6,0,36
BRDA:96,6,1,0
BRDA:96,7,0,36
BRDA:96,7,1,0
BRDA:134,8,0,18
BRDA:134,8,1,0
BRDA:152,9,0,6
BRDA:152,9,1,12
BRDA:167,10,0,18
BRDA:167,10,1,18
BRDA:168,11,0,18
BRDA:168,11,1,0
BRDA:169,12,0,18
BRDA:169,12,1,18
BRDA:172,13,0,18
BRDA:172,13,1,0
BRDA:186,14,0,6
BRDA:186,14,1,0
BRDA:255,15,0,1
BRDA:255,15,1,6
BRDA:275,16,0,24
BRDA:275,16,1,0
BRDA:276,17,0,24
BRDA:276,17,1,0
BRDA:277,18,0,24
BRDA:277,18,1,0
BRDA:296,19,0,24
BRDA:296,19,1,0
BRDA:297,20,0,18
BRDA:297,20,1,6
BRDA:304,21,0,12
BRDA:304,21,1,12
BRDA:310,22,0,24
BRDA:310,22,1,0
BRDA:311,23,0,24
BRDA:311,23,1,0
BRDA:329,24,0,24
BRDA:329,24,1,0
BRDA:337,25,0,24
BRDA:337,25,1,0
BRDA:338,26,0,24
BRDA:338,26,1,0
BRDA:339,27,0,18
BRDA:339,27,1,6
BRDA:340,28,0,18
BRDA:340,28,1,6
BRDA:357,29,0,6
BRDA:357,29,1,0
BRDA:358,30,0,24
BRDA:358,30,1,0
BRDA:366,31,0,18
BRDA:366,31,1,0
BRDA:376,32,0,18
BRDA:376,32,1,0
BRDA:43,33,0,1
BRDA:43,33,1,0
BRDA:43,34,0,1
BRDA:43,34,1,1
BRDA:43,35,0,1
BRDA:43,35,1,0
BRDA:43,36,0,1
BRDA:43,36,1,1
BRF:74
BRH:51
end_of_record
TN:
SF:src\webhook\webhook-dispatcher.service.ts
FN:13,(anonymous_2)
FN:19,(anonymous_3)
FN:20,(anonymous_4)
FN:25,(anonymous_5)
FN:35,(anonymous_6)
FN:41,(anonymous_7)
FN:66,(anonymous_8)
FN:80,(anonymous_9)
FN:88,(anonymous_10)
FN:92,(anonymous_11)
FN:103,(anonymous_12)
FNF:11
FNH:0
FNDA:0,(anonymous_2)
FNDA:0,(anonymous_3)
FNDA:0,(anonymous_4)
FNDA:0,(anonymous_5)
FNDA:0,(anonymous_6)
FNDA:0,(anonymous_7)
FNDA:0,(anonymous_8)
FNDA:0,(anonymous_9)
FNDA:0,(anonymous_10)
FNDA:0,(anonymous_11)
FNDA:0,(anonymous_12)
DA:1,1
DA:2,1
DA:3,1
DA:6,1
DA:7,1
DA:10,1
DA:11,0
DA:13,0
DA:20,0
DA:21,0
DA:26,0
DA:30,0
DA:32,0
DA:34,0
DA:36,0
DA:47,0
DA:48,0
DA:50,0
DA:51,0
DA:52,0
DA:53,0
DA:65,0
DA:66,0
DA:68,0
DA:69,0
DA:70,0
DA:71,0
DA:74,0
DA:76,0
DA:79,0
DA:80,0
DA:84,0
DA:85,0
DA:89,0
DA:101,0
DA:103,0
LF:36
LH:6
BRDA:30,0,0,0
BRDA:30,0,1,0
BRDA:68,1,0,0
BRDA:68,1,1,0
BRDA:79,2,0,0
BRDA:79,2,1,0
BRDA:13,3,0,1
BRDA:13,3,1,0
BRDA:13,4,0,1
BRDA:13,4,1,1
BRF:10
BRH:3
end_of_record
TN:
SF:src\webhook\webhook.controller.ts
FN:13,(anonymous_4)
FN:16,(anonymous_5)
FN:21,(anonymous_6)
FN:26,(anonymous_7)
FN:31,(anonymous_8)
FN:36,(anonymous_9)
FNF:6
FNH:0
FNDA:0,(anonymous_4)
FNDA:0,(anonymous_5)
FNDA:0,(anonymous_6)
FNDA:0,(anonymous_7)
FNDA:0,(anonymous_8)
FNDA:0,(anonymous_9)
DA:1,0
DA:2,0
DA:3,0
DA:4,0
DA:5,0
DA:6,0
DA:7,0
DA:12,0
DA:13,0
DA:16,0
DA:17,0
DA:21,0
DA:22,0
DA:26,0
DA:27,0
DA:31,0
DA:32,0
DA:36,0
DA:37,0
LF:19
LH:0
BRDA:16,0,0,0
BRDA:16,0,1,0
BRDA:16,1,0,0
BRDA:16,1,1,0
BRDA:31,2,0,0
BRDA:31,2,1,0
BRDA:31,3,0,0
BRDA:31,3,1,0
BRDA:13,4,0,0
BRDA:13,4,1,0
BRDA:13,5,0,0
BRDA:13,5,1,0
BRF:12
BRH:0
end_of_record
TN:
SF:src\webhook\webhook.module.ts
FNF:0
FNH:0
DA:1,0
DA:2,0
DA:3,0
DA:4,0
DA:11,0
LF:5
LH:0
BRF:0
BRH:0
end_of_record
TN:
SF:src\webhook\webhook.service.ts
FN:7,(anonymous_2)
FN:9,(anonymous_3)
FN:21,(anonymous_4)
FN:28,(anonymous_5)
FN:40,(anonymous_6)
FN:49,(anonymous_7)
FNF:6
FNH:0
FNDA:0,(anonymous_2)
FNDA:0,(anonymous_3)
FNDA:0,(anonymous_4)
FNDA:0,(anonymous_5)
FNDA:0,(anonymous_6)
FNDA:0,(anonymous_7)
DA:1,0
DA:2,0
DA:6,0
DA:7,0
DA:10,0
DA:22,0
DA:29,0
DA:36,0
DA:37,0
DA:41,0
DA:42,0
DA:50,0
DA:51,0
DA:52,0
LF:14
LH:0
BRDA:36,0,0,0
BRDA:36,0,1,0
BRDA:7,1,0,0
BRDA:7,1,1,0
BRDA:7,2,0,0
BRDA:7,2,1,0
BRF:6
BRH:0
end_of_record
TN:
SF:src\webhook\dto\webhook.dto.ts
FNF:0
FNH:0
DA:1,0
DA:3,0
DA:11,0
DA:13,0
DA:16,0
DA:21,0
DA:25,0
DA:28,0
DA:31,0
DA:36,0
DA:40,0
DA:44,0
LF:12
LH:0
BRF:0
BRH:0
end_of_record
